CRITICAL - 2023-01-13 11:26:03 --> Invalid file: guest/homepage.php
in SYSTEMPATH\Exceptions\FrameworkException.php on line 33.
 1 SYSTEMPATH\View\View.php(201): CodeIgniter\Exceptions\FrameworkException::forInvalidFile('guest/homepage.php')
 2 SYSTEMPATH\Common.php(1134): CodeIgniter\View\View->render('guest/homepage', [], true)
 3 APPPATH\Controllers\Guest.php(17): view('guest/homepage')
 4 SYSTEMPATH\CodeIgniter.php(927): App\Controllers\Guest->guest_home()
 5 SYSTEMPATH\CodeIgniter.php(482): CodeIgniter\CodeIgniter->runController(Object(App\Controllers\Guest))
 6 SYSTEMPATH\CodeIgniter.php(351): CodeIgniter\CodeIgniter->handleRequest(null, Object(Config\Cache), false)
 7 FCPATH\index.php(67): CodeIgniter\CodeIgniter->run()
 8 SYSTEMPATH\Commands\Server\rewrite.php(46): require_once('FCPATH\\index.php')
CRITICAL - 2023-01-13 11:26:32 --> Undefined variable $products
in APPPATH\Views\Homepage\inc\home\prods.php on line 14.
 1 APPPATH\Views\Homepage\inc\home\prods.php(14): CodeIgniter\Debug\Exceptions->errorHandler(2, 'Undefined variable $products', 'APPPATH\\Views\\Homepage\\inc\\home\\prods.php', 14)
 2 SYSTEMPATH\View\View.php(213): include('APPPATH\\Views\\Homepage\\inc\\home\\prods.php')
 3 SYSTEMPATH\View\View.php(216): CodeIgniter\View\View->CodeIgniter\View\{closure}()
 4 SYSTEMPATH\View\View.php(431): CodeIgniter\View\View->render('Homepage/inc/home/prods', null, true)
 5 APPPATH\Views\Guest\homepage.php(5): CodeIgniter\View\View->include('Homepage/inc/home/prods')
 6 SYSTEMPATH\View\View.php(213): include('APPPATH\\Views\\Guest\\homepage.php')
 7 SYSTEMPATH\View\View.php(216): CodeIgniter\View\View->CodeIgniter\View\{closure}()
 8 SYSTEMPATH\Common.php(1134): CodeIgniter\View\View->render('guest/homepage', [], true)
 9 APPPATH\Controllers\Guest.php(17): view('guest/homepage')
10 SYSTEMPATH\CodeIgniter.php(927): App\Controllers\Guest->guest_home()
11 SYSTEMPATH\CodeIgniter.php(482): CodeIgniter\CodeIgniter->runController(Object(App\Controllers\Guest))
12 SYSTEMPATH\CodeIgniter.php(351): CodeIgniter\CodeIgniter->handleRequest(null, Object(Config\Cache), false)
13 FCPATH\index.php(67): CodeIgniter\CodeIgniter->run()
14 SYSTEMPATH\Commands\Server\rewrite.php(46): require_once('FCPATH\\index.php')
