CRITICAL - 2023-01-22 06:30:50 --> Undefined array key "price"
in APPPATH\Views\Homepage\inc\home\prods.php on line 23.
 1 APPPATH\Views\Homepage\inc\home\prods.php(23): CodeIgniter\Debug\Exceptions->errorHandler(2, 'Undefined array key "price"', 'APPPATH\\Views\\Homepage\\inc\\home\\prods.php', 23)
 2 SYSTEMPATH\View\View.php(213): include('APPPATH\\Views\\Homepage\\inc\\home\\prods.php')
 3 SYSTEMPATH\View\View.php(216): CodeIgniter\View\View->CodeIgniter\View\{closure}()
 4 SYSTEMPATH\View\View.php(431): CodeIgniter\View\View->render('Homepage/inc/home/prods', null, true)
 5 APPPATH\Views\Homepage\homepage.php(5): CodeIgniter\View\View->include('Homepage/inc/home/prods')
 6 SYSTEMPATH\View\View.php(213): include('APPPATH\\Views\\Homepage\\homepage.php')
 7 SYSTEMPATH\View\View.php(216): CodeIgniter\View\View->CodeIgniter\View\{closure}()
 8 SYSTEMPATH\Common.php(1134): CodeIgniter\View\View->render('Homepage/homepage', [], true)
 9 APPPATH\Controllers\home.php(30): view('Homepage/homepage', [...])
10 SYSTEMPATH\CodeIgniter.php(927): App\Controllers\home->homepage()
11 SYSTEMPATH\CodeIgniter.php(482): CodeIgniter\CodeIgniter->runController(Object(App\Controllers\home))
12 SYSTEMPATH\CodeIgniter.php(351): CodeIgniter\CodeIgniter->handleRequest(null, Object(Config\Cache), false)
13 FCPATH\index.php(67): CodeIgniter\CodeIgniter->run()
14 SYSTEMPATH\Commands\Server\rewrite.php(46): require_once('FCPATH\\index.php')
CRITICAL - 2023-01-22 11:24:51 --> Invalid file: Homepage/cart/request.php
in SYSTEMPATH\Exceptions\FrameworkException.php on line 33.
 1 SYSTEMPATH\View\View.php(201): CodeIgniter\Exceptions\FrameworkException::forInvalidFile('Homepage/cart/request.php')
 2 SYSTEMPATH\Common.php(1134): CodeIgniter\View\View->render('Homepage/cart/request', [], true)
 3 APPPATH\Controllers\home.php(160): view('Homepage/cart/request')
 4 SYSTEMPATH\CodeIgniter.php(927): App\Controllers\home->request()
 5 SYSTEMPATH\CodeIgniter.php(482): CodeIgniter\CodeIgniter->runController(Object(App\Controllers\home))
 6 SYSTEMPATH\CodeIgniter.php(351): CodeIgniter\CodeIgniter->handleRequest(null, Object(Config\Cache), false)
 7 FCPATH\index.php(67): CodeIgniter\CodeIgniter->run()
 8 SYSTEMPATH\Commands\Server\rewrite.php(46): require_once('FCPATH\\index.php')
CRITICAL - 2023-01-22 11:26:42 --> Invalid file: Homepage/cart/request.php
in SYSTEMPATH\Exceptions\FrameworkException.php on line 33.
 1 SYSTEMPATH\View\View.php(201): CodeIgniter\Exceptions\FrameworkException::forInvalidFile('Homepage/cart/request.php')
 2 SYSTEMPATH\Common.php(1134): CodeIgniter\View\View->render('Homepage/cart/request', [], true)
 3 APPPATH\Controllers\home.php(160): view('Homepage/cart/request')
 4 SYSTEMPATH\CodeIgniter.php(927): App\Controllers\home->request()
 5 SYSTEMPATH\CodeIgniter.php(482): CodeIgniter\CodeIgniter->runController(Object(App\Controllers\home))
 6 SYSTEMPATH\CodeIgniter.php(351): CodeIgniter\CodeIgniter->handleRequest(null, Object(Config\Cache), false)
 7 FCPATH\index.php(67): CodeIgniter\CodeIgniter->run()
 8 SYSTEMPATH\Commands\Server\rewrite.php(46): require_once('FCPATH\\index.php')
CRITICAL - 2023-01-22 11:26:44 --> Invalid file: Homepage/cart/request.php
in SYSTEMPATH\Exceptions\FrameworkException.php on line 33.
 1 SYSTEMPATH\View\View.php(201): CodeIgniter\Exceptions\FrameworkException::forInvalidFile('Homepage/cart/request.php')
 2 SYSTEMPATH\Common.php(1134): CodeIgniter\View\View->render('Homepage/cart/request', [], true)
 3 APPPATH\Controllers\home.php(160): view('Homepage/cart/request')
 4 SYSTEMPATH\CodeIgniter.php(927): App\Controllers\home->request()
 5 SYSTEMPATH\CodeIgniter.php(482): CodeIgniter\CodeIgniter->runController(Object(App\Controllers\home))
 6 SYSTEMPATH\CodeIgniter.php(351): CodeIgniter\CodeIgniter->handleRequest(null, Object(Config\Cache), false)
 7 FCPATH\index.php(67): CodeIgniter\CodeIgniter->run()
 8 SYSTEMPATH\Commands\Server\rewrite.php(46): require_once('FCPATH\\index.php')
CRITICAL - 2023-01-22 11:27:08 --> Invalid file: Homepage/cart/request.php
in SYSTEMPATH\Exceptions\FrameworkException.php on line 33.
 1 SYSTEMPATH\View\View.php(201): CodeIgniter\Exceptions\FrameworkException::forInvalidFile('Homepage/cart/request.php')
 2 SYSTEMPATH\Common.php(1134): CodeIgniter\View\View->render('Homepage/cart/request', [], true)
 3 APPPATH\Controllers\home.php(160): view('Homepage/cart/request')
 4 SYSTEMPATH\CodeIgniter.php(927): App\Controllers\home->request()
 5 SYSTEMPATH\CodeIgniter.php(482): CodeIgniter\CodeIgniter->runController(Object(App\Controllers\home))
 6 SYSTEMPATH\CodeIgniter.php(351): CodeIgniter\CodeIgniter->handleRequest(null, Object(Config\Cache), false)
 7 FCPATH\index.php(67): CodeIgniter\CodeIgniter->run()
 8 SYSTEMPATH\Commands\Server\rewrite.php(46): require_once('FCPATH\\index.php')
CRITICAL - 2023-01-22 11:27:40 --> Invalid file: Homepage/cart/request.php
in SYSTEMPATH\Exceptions\FrameworkException.php on line 33.
 1 SYSTEMPATH\View\View.php(201): CodeIgniter\Exceptions\FrameworkException::forInvalidFile('Homepage/cart/request.php')
 2 SYSTEMPATH\Common.php(1134): CodeIgniter\View\View->render('Homepage/cart/request', [], true)
 3 APPPATH\Controllers\home.php(160): view('Homepage/cart/request')
 4 SYSTEMPATH\CodeIgniter.php(927): App\Controllers\home->request()
 5 SYSTEMPATH\CodeIgniter.php(482): CodeIgniter\CodeIgniter->runController(Object(App\Controllers\home))
 6 SYSTEMPATH\CodeIgniter.php(351): CodeIgniter\CodeIgniter->handleRequest(null, Object(Config\Cache), false)
 7 FCPATH\index.php(67): CodeIgniter\CodeIgniter->run()
 8 SYSTEMPATH\Commands\Server\rewrite.php(46): require_once('FCPATH\\index.php')
CRITICAL - 2023-01-22 11:27:41 --> Invalid file: Homepage/cart/request.php
in SYSTEMPATH\Exceptions\FrameworkException.php on line 33.
 1 SYSTEMPATH\View\View.php(201): CodeIgniter\Exceptions\FrameworkException::forInvalidFile('Homepage/cart/request.php')
 2 SYSTEMPATH\Common.php(1134): CodeIgniter\View\View->render('Homepage/cart/request', [], true)
 3 APPPATH\Controllers\home.php(160): view('Homepage/cart/request')
 4 SYSTEMPATH\CodeIgniter.php(927): App\Controllers\home->request()
 5 SYSTEMPATH\CodeIgniter.php(482): CodeIgniter\CodeIgniter->runController(Object(App\Controllers\home))
 6 SYSTEMPATH\CodeIgniter.php(351): CodeIgniter\CodeIgniter->handleRequest(null, Object(Config\Cache), false)
 7 FCPATH\index.php(67): CodeIgniter\CodeIgniter->run()
 8 SYSTEMPATH\Commands\Server\rewrite.php(46): require_once('FCPATH\\index.php')
CRITICAL - 2023-01-22 11:27:53 --> Invalid file: Homepage/cart/request.php
in SYSTEMPATH\Exceptions\FrameworkException.php on line 33.
 1 SYSTEMPATH\View\View.php(201): CodeIgniter\Exceptions\FrameworkException::forInvalidFile('Homepage/cart/request.php')
 2 SYSTEMPATH\Common.php(1134): CodeIgniter\View\View->render('Homepage/cart/request', [], true)
 3 APPPATH\Controllers\home.php(160): view('Homepage/cart/request')
 4 SYSTEMPATH\CodeIgniter.php(927): App\Controllers\home->request()
 5 SYSTEMPATH\CodeIgniter.php(482): CodeIgniter\CodeIgniter->runController(Object(App\Controllers\home))
 6 SYSTEMPATH\CodeIgniter.php(351): CodeIgniter\CodeIgniter->handleRequest(null, Object(Config\Cache), false)
 7 FCPATH\index.php(67): CodeIgniter\CodeIgniter->run()
 8 SYSTEMPATH\Commands\Server\rewrite.php(46): require_once('FCPATH\\index.php')
CRITICAL - 2023-01-22 11:27:54 --> Invalid file: Homepage/cart/request.php
in SYSTEMPATH\Exceptions\FrameworkException.php on line 33.
 1 SYSTEMPATH\View\View.php(201): CodeIgniter\Exceptions\FrameworkException::forInvalidFile('Homepage/cart/request.php')
 2 SYSTEMPATH\Common.php(1134): CodeIgniter\View\View->render('Homepage/cart/request', [], true)
 3 APPPATH\Controllers\home.php(160): view('Homepage/cart/request')
 4 SYSTEMPATH\CodeIgniter.php(927): App\Controllers\home->request()
 5 SYSTEMPATH\CodeIgniter.php(482): CodeIgniter\CodeIgniter->runController(Object(App\Controllers\home))
 6 SYSTEMPATH\CodeIgniter.php(351): CodeIgniter\CodeIgniter->handleRequest(null, Object(Config\Cache), false)
 7 FCPATH\index.php(67): CodeIgniter\CodeIgniter->run()
 8 SYSTEMPATH\Commands\Server\rewrite.php(46): require_once('FCPATH\\index.php')
CRITICAL - 2023-01-22 11:28:32 --> Invalid file: Homepage/cart/request.php
in SYSTEMPATH\Exceptions\FrameworkException.php on line 33.
 1 SYSTEMPATH\View\View.php(201): CodeIgniter\Exceptions\FrameworkException::forInvalidFile('Homepage/cart/request.php')
 2 SYSTEMPATH\Common.php(1134): CodeIgniter\View\View->render('Homepage/cart/request', [], true)
 3 APPPATH\Controllers\home.php(160): view('Homepage/cart/request')
 4 SYSTEMPATH\CodeIgniter.php(927): App\Controllers\home->request()
 5 SYSTEMPATH\CodeIgniter.php(482): CodeIgniter\CodeIgniter->runController(Object(App\Controllers\home))
 6 SYSTEMPATH\CodeIgniter.php(351): CodeIgniter\CodeIgniter->handleRequest(null, Object(Config\Cache), false)
 7 FCPATH\index.php(67): CodeIgniter\CodeIgniter->run()
 8 SYSTEMPATH\Commands\Server\rewrite.php(46): require_once('FCPATH\\index.php')
CRITICAL - 2023-01-22 11:28:47 --> Invalid file: Homepage/cart/request.php
in SYSTEMPATH\Exceptions\FrameworkException.php on line 33.
 1 SYSTEMPATH\View\View.php(201): CodeIgniter\Exceptions\FrameworkException::forInvalidFile('Homepage/cart/request.php')
 2 SYSTEMPATH\Common.php(1134): CodeIgniter\View\View->render('Homepage/cart/request', [], true)
 3 APPPATH\Controllers\home.php(160): view('Homepage/cart/request')
 4 SYSTEMPATH\CodeIgniter.php(927): App\Controllers\home->request()
 5 SYSTEMPATH\CodeIgniter.php(482): CodeIgniter\CodeIgniter->runController(Object(App\Controllers\home))
 6 SYSTEMPATH\CodeIgniter.php(351): CodeIgniter\CodeIgniter->handleRequest(null, Object(Config\Cache), false)
 7 FCPATH\index.php(67): CodeIgniter\CodeIgniter->run()
 8 SYSTEMPATH\Commands\Server\rewrite.php(46): require_once('FCPATH\\index.php')
CRITICAL - 2023-01-22 11:29:42 --> count(): Argument #1 ($value) must be of type Countable|array, null given
in APPPATH\Views\Homepage\inc\cart\itemcart.php on line 22.
 1 SYSTEMPATH\View\View.php(213): include()
 2 SYSTEMPATH\View\View.php(216): CodeIgniter\View\View->CodeIgniter\View\{closure}()
 3 SYSTEMPATH\View\View.php(431): CodeIgniter\View\View->render('Homepage/inc/cart/itemcart', null, true)
 4 APPPATH\Views\Homepage\cart.php(4): CodeIgniter\View\View->include('Homepage/inc/cart/itemcart')
 5 SYSTEMPATH\View\View.php(213): include('APPPATH\\Views\\Homepage\\cart.php')
 6 SYSTEMPATH\View\View.php(216): CodeIgniter\View\View->CodeIgniter\View\{closure}()
 7 SYSTEMPATH\Common.php(1134): CodeIgniter\View\View->render('Homepage/cart', [], true)
 8 APPPATH\Controllers\home.php(160): view('Homepage/cart')
 9 SYSTEMPATH\CodeIgniter.php(927): App\Controllers\home->request()
10 SYSTEMPATH\CodeIgniter.php(482): CodeIgniter\CodeIgniter->runController(Object(App\Controllers\home))
11 SYSTEMPATH\CodeIgniter.php(351): CodeIgniter\CodeIgniter->handleRequest(null, Object(Config\Cache), false)
12 FCPATH\index.php(67): CodeIgniter\CodeIgniter->run()
13 SYSTEMPATH\Commands\Server\rewrite.php(46): require_once('FCPATH\\index.php')
CRITICAL - 2023-01-22 11:30:08 --> count(): Argument #1 ($value) must be of type Countable|array, null given
in APPPATH\Views\Homepage\inc\cart\itemcart.php on line 22.
 1 SYSTEMPATH\View\View.php(213): include()
 2 SYSTEMPATH\View\View.php(216): CodeIgniter\View\View->CodeIgniter\View\{closure}()
 3 SYSTEMPATH\View\View.php(431): CodeIgniter\View\View->render('Homepage/inc/cart/itemcart', null, true)
 4 APPPATH\Views\Homepage\cart.php(4): CodeIgniter\View\View->include('Homepage/inc/cart/itemcart')
 5 SYSTEMPATH\View\View.php(213): include('APPPATH\\Views\\Homepage\\cart.php')
 6 SYSTEMPATH\View\View.php(216): CodeIgniter\View\View->CodeIgniter\View\{closure}()
 7 SYSTEMPATH\Common.php(1134): CodeIgniter\View\View->render('Homepage/cart', [], true)
 8 APPPATH\Controllers\home.php(160): view('Homepage/cart')
 9 SYSTEMPATH\CodeIgniter.php(927): App\Controllers\home->request()
10 SYSTEMPATH\CodeIgniter.php(482): CodeIgniter\CodeIgniter->runController(Object(App\Controllers\home))
11 SYSTEMPATH\CodeIgniter.php(351): CodeIgniter\CodeIgniter->handleRequest(null, Object(Config\Cache), false)
12 FCPATH\index.php(67): CodeIgniter\CodeIgniter->run()
13 SYSTEMPATH\Commands\Server\rewrite.php(46): require_once('FCPATH\\index.php')
CRITICAL - 2023-01-22 11:30:58 --> count(): Argument #1 ($value) must be of type Countable|array, null given
in APPPATH\Views\Homepage\inc\cart\itemcart.php on line 22.
 1 SYSTEMPATH\View\View.php(213): include()
 2 SYSTEMPATH\View\View.php(216): CodeIgniter\View\View->CodeIgniter\View\{closure}()
 3 SYSTEMPATH\View\View.php(431): CodeIgniter\View\View->render('Homepage/inc/cart/itemcart', null, true)
 4 APPPATH\Views\Homepage\cart.php(4): CodeIgniter\View\View->include('Homepage/inc/cart/itemcart')
 5 SYSTEMPATH\View\View.php(213): include('APPPATH\\Views\\Homepage\\cart.php')
 6 SYSTEMPATH\View\View.php(216): CodeIgniter\View\View->CodeIgniter\View\{closure}()
 7 SYSTEMPATH\Common.php(1134): CodeIgniter\View\View->render('Homepage/cart', [], true)
 8 APPPATH\Controllers\home.php(160): view('Homepage/cart')
 9 SYSTEMPATH\CodeIgniter.php(927): App\Controllers\home->request()
10 SYSTEMPATH\CodeIgniter.php(482): CodeIgniter\CodeIgniter->runController(Object(App\Controllers\home))
11 SYSTEMPATH\CodeIgniter.php(351): CodeIgniter\CodeIgniter->handleRequest(null, Object(Config\Cache), false)
12 FCPATH\index.php(67): CodeIgniter\CodeIgniter->run()
13 SYSTEMPATH\Commands\Server\rewrite.php(46): require_once('FCPATH\\index.php')
CRITICAL - 2023-01-22 11:32:40 --> count(): Argument #1 ($value) must be of type Countable|array, null given
in APPPATH\Views\Homepage\inc\cart\itemcart.php on line 22.
 1 SYSTEMPATH\View\View.php(213): include()
 2 SYSTEMPATH\View\View.php(216): CodeIgniter\View\View->CodeIgniter\View\{closure}()
 3 SYSTEMPATH\View\View.php(431): CodeIgniter\View\View->render('Homepage/inc/cart/itemcart', null, true)
 4 APPPATH\Views\Homepage\cart.php(4): CodeIgniter\View\View->include('Homepage/inc/cart/itemcart')
 5 SYSTEMPATH\View\View.php(213): include('APPPATH\\Views\\Homepage\\cart.php')
 6 SYSTEMPATH\View\View.php(216): CodeIgniter\View\View->CodeIgniter\View\{closure}()
 7 SYSTEMPATH\Common.php(1134): CodeIgniter\View\View->render('Homepage/cart', [], true)
 8 APPPATH\Controllers\home.php(160): view('Homepage/cart')
 9 SYSTEMPATH\CodeIgniter.php(927): App\Controllers\home->request()
10 SYSTEMPATH\CodeIgniter.php(482): CodeIgniter\CodeIgniter->runController(Object(App\Controllers\home))
11 SYSTEMPATH\CodeIgniter.php(351): CodeIgniter\CodeIgniter->handleRequest(null, Object(Config\Cache), false)
12 FCPATH\index.php(67): CodeIgniter\CodeIgniter->run()
13 SYSTEMPATH\Commands\Server\rewrite.php(46): require_once('FCPATH\\index.php')
CRITICAL - 2023-01-22 11:32:58 --> count(): Argument #1 ($value) must be of type Countable|array, null given
in APPPATH\Views\Homepage\inc\cart\itemcart.php on line 22.
 1 SYSTEMPATH\View\View.php(213): include()
 2 SYSTEMPATH\View\View.php(216): CodeIgniter\View\View->CodeIgniter\View\{closure}()
 3 SYSTEMPATH\View\View.php(431): CodeIgniter\View\View->render('Homepage/inc/cart/itemcart', null, true)
 4 APPPATH\Views\Homepage\cart.php(4): CodeIgniter\View\View->include('Homepage/inc/cart/itemcart')
 5 SYSTEMPATH\View\View.php(213): include('APPPATH\\Views\\Homepage\\cart.php')
 6 SYSTEMPATH\View\View.php(216): CodeIgniter\View\View->CodeIgniter\View\{closure}()
 7 SYSTEMPATH\Common.php(1134): CodeIgniter\View\View->render('Homepage/cart', [], true)
 8 APPPATH\Controllers\home.php(160): view('Homepage/cart')
 9 SYSTEMPATH\CodeIgniter.php(927): App\Controllers\home->request()
10 SYSTEMPATH\CodeIgniter.php(482): CodeIgniter\CodeIgniter->runController(Object(App\Controllers\home))
11 SYSTEMPATH\CodeIgniter.php(351): CodeIgniter\CodeIgniter->handleRequest(null, Object(Config\Cache), false)
12 FCPATH\index.php(67): CodeIgniter\CodeIgniter->run()
13 SYSTEMPATH\Commands\Server\rewrite.php(46): require_once('FCPATH\\index.php')
CRITICAL - 2023-01-22 11:33:55 --> count(): Argument #1 ($value) must be of type Countable|array, null given
in APPPATH\Views\Homepage\inc\cart\itemcart.php on line 22.
 1 SYSTEMPATH\View\View.php(213): include()
 2 SYSTEMPATH\View\View.php(216): CodeIgniter\View\View->CodeIgniter\View\{closure}()
 3 SYSTEMPATH\View\View.php(431): CodeIgniter\View\View->render('Homepage/inc/cart/itemcart', null, true)
 4 APPPATH\Views\Homepage\cart.php(4): CodeIgniter\View\View->include('Homepage/inc/cart/itemcart')
 5 SYSTEMPATH\View\View.php(213): include('APPPATH\\Views\\Homepage\\cart.php')
 6 SYSTEMPATH\View\View.php(216): CodeIgniter\View\View->CodeIgniter\View\{closure}()
 7 SYSTEMPATH\Common.php(1134): CodeIgniter\View\View->render('Homepage/cart', [], true)
 8 APPPATH\Controllers\home.php(160): view('Homepage/cart')
 9 SYSTEMPATH\CodeIgniter.php(927): App\Controllers\home->request()
10 SYSTEMPATH\CodeIgniter.php(482): CodeIgniter\CodeIgniter->runController(Object(App\Controllers\home))
11 SYSTEMPATH\CodeIgniter.php(351): CodeIgniter\CodeIgniter->handleRequest(null, Object(Config\Cache), false)
12 FCPATH\index.php(67): CodeIgniter\CodeIgniter->run()
13 SYSTEMPATH\Commands\Server\rewrite.php(46): require_once('FCPATH\\index.php')
