CRITICAL - 2022-11-20 00:00:37 --> Undefined variable $data
in APPPATH\Views\Homepage\inc\prods.php on line 13.
 1 APPPATH\Views\Homepage\inc\prods.php(13): CodeIgniter\Debug\Exceptions->errorHandler(2, 'Undefined variable $data', 'APPPATH\\Views\\Homepage\\inc\\prods.php', 13)
 2 SYSTEMPATH\View\View.php(213): include('APPPATH\\Views\\Homepage\\inc\\prods.php')
 3 SYSTEMPATH\View\View.php(216): CodeIgniter\View\View->CodeIgniter\View\{closure}()
 4 SYSTEMPATH\View\View.php(431): CodeIgniter\View\View->render('Homepage/inc/prods', null, true)
 5 APPPATH\Views\Homepage\homepage.php(4): CodeIgniter\View\View->include('Homepage/inc/prods')
 6 SYSTEMPATH\View\View.php(213): include('APPPATH\\Views\\Homepage\\homepage.php')
 7 SYSTEMPATH\View\View.php(216): CodeIgniter\View\View->CodeIgniter\View\{closure}()
 8 SYSTEMPATH\Common.php(1134): CodeIgniter\View\View->render('Homepage/homepage', [], true)
 9 APPPATH\Controllers\home.php(12): view('Homepage/homepage', [...])
10 SYSTEMPATH\CodeIgniter.php(927): App\Controllers\home->homepage()
11 SYSTEMPATH\CodeIgniter.php(482): CodeIgniter\CodeIgniter->runController(Object(App\Controllers\home))
12 SYSTEMPATH\CodeIgniter.php(351): CodeIgniter\CodeIgniter->handleRequest(null, Object(Config\Cache), false)
13 FCPATH\index.php(67): CodeIgniter\CodeIgniter->run()
14 SYSTEMPATH\Commands\Server\rewrite.php(46): require_once('FCPATH\\index.php')
CRITICAL - 2022-11-20 18:44:06 --> Too few arguments to function App\Controllers\admin::edit(), 0 passed in C:\xampp\htdocs\ci4\system\CodeIgniter.php on line 927 and exactly 1 expected
in APPPATH\Controllers\admin.php on line 39.
 1 SYSTEMPATH\CodeIgniter.php(927): App\Controllers\admin->edit()
 2 SYSTEMPATH\CodeIgniter.php(482): CodeIgniter\CodeIgniter->runController(Object(App\Controllers\admin))
 3 SYSTEMPATH\CodeIgniter.php(351): CodeIgniter\CodeIgniter->handleRequest(null, Object(Config\Cache), false)
 4 FCPATH\index.php(67): CodeIgniter\CodeIgniter->run()
 5 SYSTEMPATH\Commands\Server\rewrite.php(46): require_once('FCPATH\\index.php')
CRITICAL - 2022-11-20 18:47:04 --> Too few arguments to function App\Controllers\admin::edit(), 0 passed in C:\xampp\htdocs\ci4\system\CodeIgniter.php on line 927 and exactly 1 expected
in APPPATH\Controllers\admin.php on line 39.
 1 SYSTEMPATH\CodeIgniter.php(927): App\Controllers\admin->edit()
 2 SYSTEMPATH\CodeIgniter.php(482): CodeIgniter\CodeIgniter->runController(Object(App\Controllers\admin))
 3 SYSTEMPATH\CodeIgniter.php(351): CodeIgniter\CodeIgniter->handleRequest(null, Object(Config\Cache), false)
 4 FCPATH\index.php(67): CodeIgniter\CodeIgniter->run()
 5 SYSTEMPATH\Commands\Server\rewrite.php(46): require_once('FCPATH\\index.php')
CRITICAL - 2022-11-20 18:59:18 --> Too few arguments to function App\Controllers\admin::edit(), 0 passed in C:\xampp\htdocs\ci4\system\CodeIgniter.php on line 927 and exactly 1 expected
in APPPATH\Controllers\admin.php on line 39.
 1 SYSTEMPATH\CodeIgniter.php(927): App\Controllers\admin->edit()
 2 SYSTEMPATH\CodeIgniter.php(482): CodeIgniter\CodeIgniter->runController(Object(App\Controllers\admin))
 3 SYSTEMPATH\CodeIgniter.php(351): CodeIgniter\CodeIgniter->handleRequest(null, Object(Config\Cache), false)
 4 FCPATH\index.php(67): CodeIgniter\CodeIgniter->run()
 5 SYSTEMPATH\Commands\Server\rewrite.php(46): require_once('FCPATH\\index.php')
CRITICAL - 2022-11-20 19:01:51 --> Too few arguments to function App\Controllers\admin::edit(), 0 passed in C:\xampp\htdocs\ci4\system\CodeIgniter.php on line 927 and exactly 1 expected
in APPPATH\Controllers\admin.php on line 39.
 1 SYSTEMPATH\CodeIgniter.php(927): App\Controllers\admin->edit()
 2 SYSTEMPATH\CodeIgniter.php(482): CodeIgniter\CodeIgniter->runController(Object(App\Controllers\admin))
 3 SYSTEMPATH\CodeIgniter.php(351): CodeIgniter\CodeIgniter->handleRequest(null, Object(Config\Cache), false)
 4 FCPATH\index.php(67): CodeIgniter\CodeIgniter->run()
 5 SYSTEMPATH\Commands\Server\rewrite.php(46): require_once('FCPATH\\index.php')
CRITICAL - 2022-11-20 19:02:29 --> Too few arguments to function App\Controllers\admin::edit(), 0 passed in C:\xampp\htdocs\ci4\system\CodeIgniter.php on line 927 and exactly 1 expected
in APPPATH\Controllers\admin.php on line 39.
 1 SYSTEMPATH\CodeIgniter.php(927): App\Controllers\admin->edit()
 2 SYSTEMPATH\CodeIgniter.php(482): CodeIgniter\CodeIgniter->runController(Object(App\Controllers\admin))
 3 SYSTEMPATH\CodeIgniter.php(351): CodeIgniter\CodeIgniter->handleRequest(null, Object(Config\Cache), false)
 4 FCPATH\index.php(67): CodeIgniter\CodeIgniter->run()
 5 SYSTEMPATH\Commands\Server\rewrite.php(46): require_once('FCPATH\\index.php')
CRITICAL - 2022-11-20 19:05:42 --> Too few arguments to function App\Controllers\admin::edit(), 0 passed in C:\xampp\htdocs\ci4\system\CodeIgniter.php on line 927 and exactly 1 expected
in APPPATH\Controllers\admin.php on line 39.
 1 SYSTEMPATH\CodeIgniter.php(927): App\Controllers\admin->edit()
 2 SYSTEMPATH\CodeIgniter.php(482): CodeIgniter\CodeIgniter->runController(Object(App\Controllers\admin))
 3 SYSTEMPATH\CodeIgniter.php(351): CodeIgniter\CodeIgniter->handleRequest(null, Object(Config\Cache), false)
 4 FCPATH\index.php(67): CodeIgniter\CodeIgniter->run()
 5 SYSTEMPATH\Commands\Server\rewrite.php(46): require_once('FCPATH\\index.php')
CRITICAL - 2022-11-20 19:10:44 --> Too few arguments to function App\Controllers\admin::edit(), 0 passed in C:\xampp\htdocs\ci4\system\CodeIgniter.php on line 927 and exactly 1 expected
in APPPATH\Controllers\admin.php on line 39.
 1 SYSTEMPATH\CodeIgniter.php(927): App\Controllers\admin->edit()
 2 SYSTEMPATH\CodeIgniter.php(482): CodeIgniter\CodeIgniter->runController(Object(App\Controllers\admin))
 3 SYSTEMPATH\CodeIgniter.php(351): CodeIgniter\CodeIgniter->handleRequest(null, Object(Config\Cache), false)
 4 FCPATH\index.php(67): CodeIgniter\CodeIgniter->run()
 5 SYSTEMPATH\Commands\Server\rewrite.php(46): require_once('FCPATH\\index.php')
CRITICAL - 2022-11-20 19:24:22 --> Too few arguments to function App\Controllers\admin::edit(), 0 passed in C:\xampp\htdocs\ci4\system\CodeIgniter.php on line 927 and exactly 1 expected
in APPPATH\Controllers\admin.php on line 39.
 1 SYSTEMPATH\CodeIgniter.php(927): App\Controllers\admin->edit()
 2 SYSTEMPATH\CodeIgniter.php(482): CodeIgniter\CodeIgniter->runController(Object(App\Controllers\admin))
 3 SYSTEMPATH\CodeIgniter.php(351): CodeIgniter\CodeIgniter->handleRequest(null, Object(Config\Cache), false)
 4 FCPATH\index.php(67): CodeIgniter\CodeIgniter->run()
 5 SYSTEMPATH\Commands\Server\rewrite.php(46): require_once('FCPATH\\index.php')
CRITICAL - 2022-11-20 19:32:45 --> Undefined variable $prod
in APPPATH\Views\Admin\editproduct.php on line 40.
 1 APPPATH\Views\Admin\editproduct.php(40): CodeIgniter\Debug\Exceptions->errorHandler(2, 'Undefined variable $prod', 'APPPATH\\Views\\Admin\\editproduct.php', 40)
 2 SYSTEMPATH\View\View.php(213): include('APPPATH\\Views\\Admin\\editproduct.php')
 3 SYSTEMPATH\View\View.php(216): CodeIgniter\View\View->CodeIgniter\View\{closure}()
 4 SYSTEMPATH\Common.php(1134): CodeIgniter\View\View->render('admin/editproduct', [], true)
 5 APPPATH\Controllers\admin.php(42): view('admin/editproduct')
 6 SYSTEMPATH\CodeIgniter.php(927): App\Controllers\admin->edit()
 7 SYSTEMPATH\CodeIgniter.php(482): CodeIgniter\CodeIgniter->runController(Object(App\Controllers\admin))
 8 SYSTEMPATH\CodeIgniter.php(351): CodeIgniter\CodeIgniter->handleRequest(null, Object(Config\Cache), false)
 9 FCPATH\index.php(67): CodeIgniter\CodeIgniter->run()
10 SYSTEMPATH\Commands\Server\rewrite.php(46): require_once('FCPATH\\index.php')
CRITICAL - 2022-11-20 19:38:25 --> Undefined variable $prod
in APPPATH\Views\Admin\editproduct.php on line 40.
 1 APPPATH\Views\Admin\editproduct.php(40): CodeIgniter\Debug\Exceptions->errorHandler(2, 'Undefined variable $prod', 'APPPATH\\Views\\Admin\\editproduct.php', 40)
 2 SYSTEMPATH\View\View.php(213): include('APPPATH\\Views\\Admin\\editproduct.php')
 3 SYSTEMPATH\View\View.php(216): CodeIgniter\View\View->CodeIgniter\View\{closure}()
 4 SYSTEMPATH\Common.php(1134): CodeIgniter\View\View->render('admin/editproduct', [], true)
 5 APPPATH\Controllers\admin.php(42): view('admin/editproduct')
 6 SYSTEMPATH\CodeIgniter.php(927): App\Controllers\admin->edit('30')
 7 SYSTEMPATH\CodeIgniter.php(482): CodeIgniter\CodeIgniter->runController(Object(App\Controllers\admin))
 8 SYSTEMPATH\CodeIgniter.php(351): CodeIgniter\CodeIgniter->handleRequest(null, Object(Config\Cache), false)
 9 FCPATH\index.php(67): CodeIgniter\CodeIgniter->run()
10 SYSTEMPATH\Commands\Server\rewrite.php(46): require_once('FCPATH\\index.php')
CRITICAL - 2022-11-20 19:40:24 --> Undefined variable $prod
in APPPATH\Views\Admin\editproduct.php on line 40.
 1 APPPATH\Views\Admin\editproduct.php(40): CodeIgniter\Debug\Exceptions->errorHandler(2, 'Undefined variable $prod', 'APPPATH\\Views\\Admin\\editproduct.php', 40)
 2 SYSTEMPATH\View\View.php(213): include('APPPATH\\Views\\Admin\\editproduct.php')
 3 SYSTEMPATH\View\View.php(216): CodeIgniter\View\View->CodeIgniter\View\{closure}()
 4 SYSTEMPATH\Common.php(1134): CodeIgniter\View\View->render('admin/editproduct', [], true)
 5 APPPATH\Controllers\admin.php(42): view('admin/editproduct')
 6 SYSTEMPATH\CodeIgniter.php(927): App\Controllers\admin->edit('30')
 7 SYSTEMPATH\CodeIgniter.php(482): CodeIgniter\CodeIgniter->runController(Object(App\Controllers\admin))
 8 SYSTEMPATH\CodeIgniter.php(351): CodeIgniter\CodeIgniter->handleRequest(null, Object(Config\Cache), false)
 9 FCPATH\index.php(67): CodeIgniter\CodeIgniter->run()
10 SYSTEMPATH\Commands\Server\rewrite.php(46): require_once('FCPATH\\index.php')
CRITICAL - 2022-11-20 19:41:42 --> Undefined variable $prod
in APPPATH\Views\Admin\editproduct.php on line 38.
 1 APPPATH\Views\Admin\editproduct.php(38): CodeIgniter\Debug\Exceptions->errorHandler(2, 'Undefined variable $prod', 'APPPATH\\Views\\Admin\\editproduct.php', 38)
 2 SYSTEMPATH\View\View.php(213): include('APPPATH\\Views\\Admin\\editproduct.php')
 3 SYSTEMPATH\View\View.php(216): CodeIgniter\View\View->CodeIgniter\View\{closure}()
 4 SYSTEMPATH\Common.php(1134): CodeIgniter\View\View->render('admin/editproduct', [], true)
 5 APPPATH\Controllers\admin.php(42): view('admin/editproduct')
 6 SYSTEMPATH\CodeIgniter.php(927): App\Controllers\admin->edit('30')
 7 SYSTEMPATH\CodeIgniter.php(482): CodeIgniter\CodeIgniter->runController(Object(App\Controllers\admin))
 8 SYSTEMPATH\CodeIgniter.php(351): CodeIgniter\CodeIgniter->handleRequest(null, Object(Config\Cache), false)
 9 FCPATH\index.php(67): CodeIgniter\CodeIgniter->run()
10 SYSTEMPATH\Commands\Server\rewrite.php(46): require_once('FCPATH\\index.php')
CRITICAL - 2022-11-20 19:44:33 --> Undefined variable $prod
in APPPATH\Views\Admin\editproduct.php on line 40.
 1 APPPATH\Views\Admin\editproduct.php(40): CodeIgniter\Debug\Exceptions->errorHandler(2, 'Undefined variable $prod', 'APPPATH\\Views\\Admin\\editproduct.php', 40)
 2 SYSTEMPATH\View\View.php(213): include('APPPATH\\Views\\Admin\\editproduct.php')
 3 SYSTEMPATH\View\View.php(216): CodeIgniter\View\View->CodeIgniter\View\{closure}()
 4 SYSTEMPATH\Common.php(1134): CodeIgniter\View\View->render('admin/editproduct', [], true)
 5 APPPATH\Controllers\admin.php(42): view('admin/editproduct')
 6 SYSTEMPATH\CodeIgniter.php(927): App\Controllers\admin->edit('30')
 7 SYSTEMPATH\CodeIgniter.php(482): CodeIgniter\CodeIgniter->runController(Object(App\Controllers\admin))
 8 SYSTEMPATH\CodeIgniter.php(351): CodeIgniter\CodeIgniter->handleRequest(null, Object(Config\Cache), false)
 9 FCPATH\index.php(67): CodeIgniter\CodeIgniter->run()
10 SYSTEMPATH\Commands\Server\rewrite.php(46): require_once('FCPATH\\index.php')
CRITICAL - 2022-11-20 19:50:44 --> Undefined variable $products
in APPPATH\Views\Admin\editproduct.php on line 38.
 1 APPPATH\Views\Admin\editproduct.php(38): CodeIgniter\Debug\Exceptions->errorHandler(2, 'Undefined variable $products', 'APPPATH\\Views\\Admin\\editproduct.php', 38)
 2 SYSTEMPATH\View\View.php(213): include('APPPATH\\Views\\Admin\\editproduct.php')
 3 SYSTEMPATH\View\View.php(216): CodeIgniter\View\View->CodeIgniter\View\{closure}()
 4 SYSTEMPATH\Common.php(1134): CodeIgniter\View\View->render('admin/editproduct', [], true)
 5 APPPATH\Controllers\admin.php(42): view('admin/editproduct')
 6 SYSTEMPATH\CodeIgniter.php(927): App\Controllers\admin->edit('30')
 7 SYSTEMPATH\CodeIgniter.php(482): CodeIgniter\CodeIgniter->runController(Object(App\Controllers\admin))
 8 SYSTEMPATH\CodeIgniter.php(351): CodeIgniter\CodeIgniter->handleRequest(null, Object(Config\Cache), false)
 9 FCPATH\index.php(67): CodeIgniter\CodeIgniter->run()
10 SYSTEMPATH\Commands\Server\rewrite.php(46): require_once('FCPATH\\index.php')
CRITICAL - 2022-11-20 19:51:40 --> Undefined variable $products
in APPPATH\Views\Admin\editproduct.php on line 38.
 1 APPPATH\Views\Admin\editproduct.php(38): CodeIgniter\Debug\Exceptions->errorHandler(2, 'Undefined variable $products', 'APPPATH\\Views\\Admin\\editproduct.php', 38)
 2 SYSTEMPATH\View\View.php(213): include('APPPATH\\Views\\Admin\\editproduct.php')
 3 SYSTEMPATH\View\View.php(216): CodeIgniter\View\View->CodeIgniter\View\{closure}()
 4 SYSTEMPATH\Common.php(1134): CodeIgniter\View\View->render('admin/editproduct', [], true)
 5 APPPATH\Controllers\admin.php(42): view('admin/editproduct')
 6 SYSTEMPATH\CodeIgniter.php(927): App\Controllers\admin->edit('30')
 7 SYSTEMPATH\CodeIgniter.php(482): CodeIgniter\CodeIgniter->runController(Object(App\Controllers\admin))
 8 SYSTEMPATH\CodeIgniter.php(351): CodeIgniter\CodeIgniter->handleRequest(null, Object(Config\Cache), false)
 9 FCPATH\index.php(67): CodeIgniter\CodeIgniter->run()
10 SYSTEMPATH\Commands\Server\rewrite.php(46): require_once('FCPATH\\index.php')
CRITICAL - 2022-11-20 19:53:38 --> Undefined variable $products
in APPPATH\Views\Admin\editproduct.php on line 38.
 1 APPPATH\Views\Admin\editproduct.php(38): CodeIgniter\Debug\Exceptions->errorHandler(2, 'Undefined variable $products', 'APPPATH\\Views\\Admin\\editproduct.php', 38)
 2 SYSTEMPATH\View\View.php(213): include('APPPATH\\Views\\Admin\\editproduct.php')
 3 SYSTEMPATH\View\View.php(216): CodeIgniter\View\View->CodeIgniter\View\{closure}()
 4 SYSTEMPATH\Common.php(1134): CodeIgniter\View\View->render('admin/editproduct', [], true)
 5 APPPATH\Controllers\admin.php(42): view('admin/editproduct', [...])
 6 SYSTEMPATH\CodeIgniter.php(927): App\Controllers\admin->edit('30')
 7 SYSTEMPATH\CodeIgniter.php(482): CodeIgniter\CodeIgniter->runController(Object(App\Controllers\admin))
 8 SYSTEMPATH\CodeIgniter.php(351): CodeIgniter\CodeIgniter->handleRequest(null, Object(Config\Cache), false)
 9 FCPATH\index.php(67): CodeIgniter\CodeIgniter->run()
10 SYSTEMPATH\Commands\Server\rewrite.php(46): require_once('FCPATH\\index.php')
CRITICAL - 2022-11-20 19:55:06 --> Undefined variable $data
in APPPATH\Views\Admin\editproduct.php on line 38.
 1 APPPATH\Views\Admin\editproduct.php(38): CodeIgniter\Debug\Exceptions->errorHandler(2, 'Undefined variable $data', 'APPPATH\\Views\\Admin\\editproduct.php', 38)
 2 SYSTEMPATH\View\View.php(213): include('APPPATH\\Views\\Admin\\editproduct.php')
 3 SYSTEMPATH\View\View.php(216): CodeIgniter\View\View->CodeIgniter\View\{closure}()
 4 SYSTEMPATH\Common.php(1134): CodeIgniter\View\View->render('admin/editproduct', [], true)
 5 APPPATH\Controllers\admin.php(42): view('admin/editproduct', [...])
 6 SYSTEMPATH\CodeIgniter.php(927): App\Controllers\admin->edit('30')
 7 SYSTEMPATH\CodeIgniter.php(482): CodeIgniter\CodeIgniter->runController(Object(App\Controllers\admin))
 8 SYSTEMPATH\CodeIgniter.php(351): CodeIgniter\CodeIgniter->handleRequest(null, Object(Config\Cache), false)
 9 FCPATH\index.php(67): CodeIgniter\CodeIgniter->run()
10 SYSTEMPATH\Commands\Server\rewrite.php(46): require_once('FCPATH\\index.php')
CRITICAL - 2022-11-20 19:56:34 --> Undefined variable $prod
in APPPATH\Views\Admin\editproduct.php on line 41.
 1 APPPATH\Views\Admin\editproduct.php(41): CodeIgniter\Debug\Exceptions->errorHandler(2, 'Undefined variable $prod', 'APPPATH\\Views\\Admin\\editproduct.php', 41)
 2 SYSTEMPATH\View\View.php(213): include('APPPATH\\Views\\Admin\\editproduct.php')
 3 SYSTEMPATH\View\View.php(216): CodeIgniter\View\View->CodeIgniter\View\{closure}()
 4 SYSTEMPATH\Common.php(1134): CodeIgniter\View\View->render('admin/editproduct', [], true)
 5 APPPATH\Controllers\admin.php(42): view('admin/editproduct', [...])
 6 SYSTEMPATH\CodeIgniter.php(927): App\Controllers\admin->edit('30')
 7 SYSTEMPATH\CodeIgniter.php(482): CodeIgniter\CodeIgniter->runController(Object(App\Controllers\admin))
 8 SYSTEMPATH\CodeIgniter.php(351): CodeIgniter\CodeIgniter->handleRequest(null, Object(Config\Cache), false)
 9 FCPATH\index.php(67): CodeIgniter\CodeIgniter->run()
10 SYSTEMPATH\Commands\Server\rewrite.php(46): require_once('FCPATH\\index.php')
CRITICAL - 2022-11-20 20:33:52 --> Undefined variable $prod
in APPPATH\Views\Admin\editproduct.php on line 45.
 1 APPPATH\Views\Admin\editproduct.php(45): CodeIgniter\Debug\Exceptions->errorHandler(2, 'Undefined variable $prod', 'APPPATH\\Views\\Admin\\editproduct.php', 45)
 2 SYSTEMPATH\View\View.php(213): include('APPPATH\\Views\\Admin\\editproduct.php')
 3 SYSTEMPATH\View\View.php(216): CodeIgniter\View\View->CodeIgniter\View\{closure}()
 4 SYSTEMPATH\Common.php(1134): CodeIgniter\View\View->render('admin/editproduct', [], true)
 5 APPPATH\Controllers\admin.php(41): view('admin/editproduct', [...])
 6 SYSTEMPATH\CodeIgniter.php(927): App\Controllers\admin->edit('30')
 7 SYSTEMPATH\CodeIgniter.php(482): CodeIgniter\CodeIgniter->runController(Object(App\Controllers\admin))
 8 SYSTEMPATH\CodeIgniter.php(351): CodeIgniter\CodeIgniter->handleRequest(null, Object(Config\Cache), false)
 9 FCPATH\index.php(67): CodeIgniter\CodeIgniter->run()
10 SYSTEMPATH\Commands\Server\rewrite.php(46): require_once('FCPATH\\index.php')
CRITICAL - 2022-11-20 20:33:59 --> Undefined variable $prod
in APPPATH\Views\Admin\editproduct.php on line 45.
 1 APPPATH\Views\Admin\editproduct.php(45): CodeIgniter\Debug\Exceptions->errorHandler(2, 'Undefined variable $prod', 'APPPATH\\Views\\Admin\\editproduct.php', 45)
 2 SYSTEMPATH\View\View.php(213): include('APPPATH\\Views\\Admin\\editproduct.php')
 3 SYSTEMPATH\View\View.php(216): CodeIgniter\View\View->CodeIgniter\View\{closure}()
 4 SYSTEMPATH\Common.php(1134): CodeIgniter\View\View->render('admin/editproduct', [], true)
 5 APPPATH\Controllers\admin.php(41): view('admin/editproduct', [...])
 6 SYSTEMPATH\CodeIgniter.php(927): App\Controllers\admin->edit('30')
 7 SYSTEMPATH\CodeIgniter.php(482): CodeIgniter\CodeIgniter->runController(Object(App\Controllers\admin))
 8 SYSTEMPATH\CodeIgniter.php(351): CodeIgniter\CodeIgniter->handleRequest(null, Object(Config\Cache), false)
 9 FCPATH\index.php(67): CodeIgniter\CodeIgniter->run()
10 SYSTEMPATH\Commands\Server\rewrite.php(46): require_once('FCPATH\\index.php')
CRITICAL - 2022-11-20 20:52:52 --> Too few arguments to function App\Controllers\admin::edit(), 0 passed in C:\xampp\htdocs\ci4\system\CodeIgniter.php on line 927 and exactly 1 expected
in APPPATH\Controllers\admin.php on line 38.
 1 SYSTEMPATH\CodeIgniter.php(927): App\Controllers\admin->edit()
 2 SYSTEMPATH\CodeIgniter.php(482): CodeIgniter\CodeIgniter->runController(Object(App\Controllers\admin))
 3 SYSTEMPATH\CodeIgniter.php(351): CodeIgniter\CodeIgniter->handleRequest(null, Object(Config\Cache), false)
 4 FCPATH\index.php(67): CodeIgniter\CodeIgniter->run()
 5 SYSTEMPATH\Commands\Server\rewrite.php(46): require_once('FCPATH\\index.php')
CRITICAL - 2022-11-20 21:08:00 --> Too few arguments to function App\Controllers\admin::edit(), 0 passed in C:\xampp\htdocs\ci4\system\CodeIgniter.php on line 927 and exactly 1 expected
in APPPATH\Controllers\admin.php on line 38.
 1 SYSTEMPATH\CodeIgniter.php(927): App\Controllers\admin->edit()
 2 SYSTEMPATH\CodeIgniter.php(482): CodeIgniter\CodeIgniter->runController(Object(App\Controllers\admin))
 3 SYSTEMPATH\CodeIgniter.php(351): CodeIgniter\CodeIgniter->handleRequest(null, Object(Config\Cache), false)
 4 FCPATH\index.php(67): CodeIgniter\CodeIgniter->run()
 5 SYSTEMPATH\Commands\Server\rewrite.php(46): require_once('FCPATH\\index.php')
CRITICAL - 2022-11-20 21:08:17 --> Too few arguments to function App\Controllers\admin::edit(), 0 passed in C:\xampp\htdocs\ci4\system\CodeIgniter.php on line 927 and exactly 1 expected
in APPPATH\Controllers\admin.php on line 38.
 1 SYSTEMPATH\CodeIgniter.php(927): App\Controllers\admin->edit()
 2 SYSTEMPATH\CodeIgniter.php(482): CodeIgniter\CodeIgniter->runController(Object(App\Controllers\admin))
 3 SYSTEMPATH\CodeIgniter.php(351): CodeIgniter\CodeIgniter->handleRequest(null, Object(Config\Cache), false)
 4 FCPATH\index.php(67): CodeIgniter\CodeIgniter->run()
 5 SYSTEMPATH\Commands\Server\rewrite.php(46): require_once('FCPATH\\index.php')
CRITICAL - 2022-11-20 21:14:42 --> syntax error, unexpected token ")"
in APPPATH\Views\Admin\products.php on line 56.
 1 SYSTEMPATH\View\View.php(216): CodeIgniter\View\View->CodeIgniter\View\{closure}()
 2 SYSTEMPATH\Common.php(1134): CodeIgniter\View\View->render('admin/products', [], true)
 3 APPPATH\Controllers\admin.php(17): view('admin/products', [...])
 4 SYSTEMPATH\CodeIgniter.php(927): App\Controllers\admin->products()
 5 SYSTEMPATH\CodeIgniter.php(482): CodeIgniter\CodeIgniter->runController(Object(App\Controllers\admin))
 6 SYSTEMPATH\CodeIgniter.php(351): CodeIgniter\CodeIgniter->handleRequest(null, Object(Config\Cache), false)
 7 FCPATH\index.php(67): CodeIgniter\CodeIgniter->run()
 8 SYSTEMPATH\Commands\Server\rewrite.php(46): require_once('FCPATH\\index.php')
CRITICAL - 2022-11-20 21:14:59 --> syntax error, unexpected token ")"
in APPPATH\Views\Admin\products.php on line 56.
 1 SYSTEMPATH\View\View.php(216): CodeIgniter\View\View->CodeIgniter\View\{closure}()
 2 SYSTEMPATH\Common.php(1134): CodeIgniter\View\View->render('admin/products', [], true)
 3 APPPATH\Controllers\admin.php(17): view('admin/products', [...])
 4 SYSTEMPATH\CodeIgniter.php(927): App\Controllers\admin->products()
 5 SYSTEMPATH\CodeIgniter.php(482): CodeIgniter\CodeIgniter->runController(Object(App\Controllers\admin))
 6 SYSTEMPATH\CodeIgniter.php(351): CodeIgniter\CodeIgniter->handleRequest(null, Object(Config\Cache), false)
 7 FCPATH\index.php(67): CodeIgniter\CodeIgniter->run()
 8 SYSTEMPATH\Commands\Server\rewrite.php(46): require_once('FCPATH\\index.php')
CRITICAL - 2022-11-20 21:30:41 --> Undefined array key "HTTP_REFERAL"
in APPPATH\Controllers\admin.php on line 37.
 1 APPPATH\Controllers\admin.php(37): CodeIgniter\Debug\Exceptions->errorHandler(2, 'Undefined array key "HTTP_REFERAL"', 'APPPATH\\Controllers\\admin.php', 37)
 2 SYSTEMPATH\CodeIgniter.php(927): App\Controllers\admin->saveproduct()
 3 SYSTEMPATH\CodeIgniter.php(482): CodeIgniter\CodeIgniter->runController(Object(App\Controllers\admin))
 4 SYSTEMPATH\CodeIgniter.php(351): CodeIgniter\CodeIgniter->handleRequest(null, Object(Config\Cache), false)
 5 FCPATH\index.php(67): CodeIgniter\CodeIgniter->run()
 6 SYSTEMPATH\Commands\Server\rewrite.php(46): require_once('FCPATH\\index.php')
CRITICAL - 2022-11-20 21:32:03 --> Undefined array key "HTTP_REFERAL"
in APPPATH\Controllers\admin.php on line 37.
 1 APPPATH\Controllers\admin.php(37): CodeIgniter\Debug\Exceptions->errorHandler(2, 'Undefined array key "HTTP_REFERAL"', 'APPPATH\\Controllers\\admin.php', 37)
 2 SYSTEMPATH\CodeIgniter.php(927): App\Controllers\admin->saveproduct()
 3 SYSTEMPATH\CodeIgniter.php(482): CodeIgniter\CodeIgniter->runController(Object(App\Controllers\admin))
 4 SYSTEMPATH\CodeIgniter.php(351): CodeIgniter\CodeIgniter->handleRequest(null, Object(Config\Cache), false)
 5 FCPATH\index.php(67): CodeIgniter\CodeIgniter->run()
 6 SYSTEMPATH\Commands\Server\rewrite.php(46): require_once('FCPATH\\index.php')
