ERROR - 2022-12-27 06:36:41 --> Error connecting to the database: mysqli_sql_exception: No connection could be made because the target machine actively refused it in C:\xampp\htdocs\TeaTime\system\Database\MySQLi\Connection.php:171
Stack trace:
#0 C:\xampp\htdocs\TeaTime\system\Database\MySQLi\Connection.php(171): mysqli->real_connect('localhost', 'root', '', 'project_ci4', 3306, '', 0)
#1 C:\xampp\htdocs\TeaTime\system\Database\BaseConnection.php(382): CodeIgniter\Database\MySQLi\Connection->connect(false)
#2 C:\xampp\htdocs\TeaTime\system\Database\BaseConnection.php(561): CodeIgniter\Database\BaseConnection->initialize()
#3 C:\xampp\htdocs\TeaTime\system\Database\BaseBuilder.php(1585): CodeIgniter\Database\BaseConnection->query('SELECT *\nFROM `...', Array, false)
#4 C:\xampp\htdocs\TeaTime\system\Model.php(223): CodeIgniter\Database\BaseBuilder->get()
#5 C:\xampp\htdocs\TeaTime\system\BaseModel.php(585): CodeIgniter\Model->doFindAll(0, 0)
#6 C:\xampp\htdocs\TeaTime\app\Controllers\admin.php(21): CodeIgniter\BaseModel->findAll()
#7 C:\xampp\htdocs\TeaTime\system\CodeIgniter.php(927): App\Controllers\admin->products()
#8 C:\xampp\htdocs\TeaTime\system\CodeIgniter.php(482): CodeIgniter\CodeIgniter->runController(Object(App\Controllers\admin))
#9 C:\xampp\htdocs\TeaTime\system\CodeIgniter.php(351): CodeIgniter\CodeIgniter->handleRequest(NULL, Object(Config\Cache), false)
#10 C:\xampp\htdocs\TeaTime\public\index.php(67): CodeIgniter\CodeIgniter->run()
#11 C:\xampp\htdocs\TeaTime\system\Commands\Server\rewrite.php(46): require_once('C:\\xampp\\htdocs...')
#12 {main}

Next CodeIgniter\Database\Exceptions\DatabaseException: No connection could be made because the target machine actively refused it in C:\xampp\htdocs\TeaTime\system\Database\MySQLi\Connection.php:215
Stack trace:
#0 C:\xampp\htdocs\TeaTime\system\Database\BaseConnection.php(382): CodeIgniter\Database\MySQLi\Connection->connect(false)
#1 C:\xampp\htdocs\TeaTime\system\Database\BaseConnection.php(561): CodeIgniter\Database\BaseConnection->initialize()
#2 C:\xampp\htdocs\TeaTime\system\Database\BaseBuilder.php(1585): CodeIgniter\Database\BaseConnection->query('SELECT *\nFROM `...', Array, false)
#3 C:\xampp\htdocs\TeaTime\system\Model.php(223): CodeIgniter\Database\BaseBuilder->get()
#4 C:\xampp\htdocs\TeaTime\system\BaseModel.php(585): CodeIgniter\Model->doFindAll(0, 0)
#5 C:\xampp\htdocs\TeaTime\app\Controllers\admin.php(21): CodeIgniter\BaseModel->findAll()
#6 C:\xampp\htdocs\TeaTime\system\CodeIgniter.php(927): App\Controllers\admin->products()
#7 C:\xampp\htdocs\TeaTime\system\CodeIgniter.php(482): CodeIgniter\CodeIgniter->runController(Object(App\Controllers\admin))
#8 C:\xampp\htdocs\TeaTime\system\CodeIgniter.php(351): CodeIgniter\CodeIgniter->handleRequest(NULL, Object(Config\Cache), false)
#9 C:\xampp\htdocs\TeaTime\public\index.php(67): CodeIgniter\CodeIgniter->run()
#10 C:\xampp\htdocs\TeaTime\system\Commands\Server\rewrite.php(46): require_once('C:\\xampp\\htdocs...')
#11 {main}
CRITICAL - 2022-12-27 06:36:41 --> Unable to connect to the database.
Main connection [MySQLi]: No connection could be made because the target machine actively refused it
in SYSTEMPATH\Database\BaseConnection.php on line 418.
 1 SYSTEMPATH\Database\BaseConnection.php(561): CodeIgniter\Database\BaseConnection->initialize()
 2 SYSTEMPATH\Database\BaseBuilder.php(1585): CodeIgniter\Database\BaseConnection->query('SELECT *
FROM `products`', [], false)
 3 SYSTEMPATH\Model.php(223): CodeIgniter\Database\BaseBuilder->get()
 4 SYSTEMPATH\BaseModel.php(585): CodeIgniter\Model->doFindAll(0, 0)
 5 APPPATH\Controllers\admin.php(21): CodeIgniter\BaseModel->findAll()
 6 SYSTEMPATH\CodeIgniter.php(927): App\Controllers\admin->products()
 7 SYSTEMPATH\CodeIgniter.php(482): CodeIgniter\CodeIgniter->runController(Object(App\Controllers\admin))
 8 SYSTEMPATH\CodeIgniter.php(351): CodeIgniter\CodeIgniter->handleRequest(null, Object(Config\Cache), false)
 9 FCPATH\index.php(67): CodeIgniter\CodeIgniter->run()
10 SYSTEMPATH\Commands\Server\rewrite.php(46): require_once('FCPATH\\index.php')
CRITICAL - 2022-12-27 08:06:44 --> Undefined constant "CodeIgniter\Debug\VENDORPATH"
in SYSTEMPATH\Debug\Exceptions.php on line 177.
 1 SYSTEMPATH\Debug\Exceptions.php(157): CodeIgniter\Debug\Exceptions->isFakerDeprecationError(8192, 'number_format(): Passing null to parameter #1 ($num) of type float is deprecated', 'APPPATH\\Views\\Homepage\\inc\\cart\\itemcart.php', 48)
 2 [internal function]: CodeIgniter\Debug\Exceptions->errorHandler(8192, 'number_format(): Passing null to parameter #1 ($num) of type float is deprecated', 'APPPATH\\Views\\Homepage\\inc\\cart\\itemcart.php', 48)
 3 APPPATH\Views\Homepage\inc\cart\itemcart.php(48): number_format(null, 2)
 4 SYSTEMPATH\View\View.php(213): include('APPPATH\\Views\\Homepage\\inc\\cart\\itemcart.php')
 5 SYSTEMPATH\View\View.php(216): CodeIgniter\View\View->CodeIgniter\View\{closure}()
 6 SYSTEMPATH\View\View.php(431): CodeIgniter\View\View->render('Homepage/inc/cart/itemcart', null, true)
 7 APPPATH\Views\Homepage\cart.php(3): CodeIgniter\View\View->include('Homepage/inc/cart/itemcart')
 8 SYSTEMPATH\View\View.php(213): include('APPPATH\\Views\\Homepage\\cart.php')
 9 SYSTEMPATH\View\View.php(216): CodeIgniter\View\View->CodeIgniter\View\{closure}()
10 SYSTEMPATH\Common.php(1134): CodeIgniter\View\View->render('Homepage/cart', [], true)
11 APPPATH\Controllers\home.php(57): view('Homepage/cart', [...])
12 SYSTEMPATH\CodeIgniter.php(927): App\Controllers\home->cart()
13 SYSTEMPATH\CodeIgniter.php(482): CodeIgniter\CodeIgniter->runController(Object(App\Controllers\home))
14 SYSTEMPATH\CodeIgniter.php(351): CodeIgniter\CodeIgniter->handleRequest(null, Object(Config\Cache), false)
15 FCPATH\index.php(67): CodeIgniter\CodeIgniter->run()
16 SYSTEMPATH\Commands\Server\rewrite.php(46): require_once('FCPATH\\index.php')
CRITICAL - 2022-12-27 08:07:10 --> Undefined constant "CodeIgniter\Debug\VENDORPATH"
in SYSTEMPATH\Debug\Exceptions.php on line 177.
 1 SYSTEMPATH\Debug\Exceptions.php(157): CodeIgniter\Debug\Exceptions->isFakerDeprecationError(8192, 'number_format(): Passing null to parameter #1 ($num) of type float is deprecated', 'APPPATH\\Views\\Homepage\\inc\\cart\\itemcart.php', 48)
 2 [internal function]: CodeIgniter\Debug\Exceptions->errorHandler(8192, 'number_format(): Passing null to parameter #1 ($num) of type float is deprecated', 'APPPATH\\Views\\Homepage\\inc\\cart\\itemcart.php', 48)
 3 APPPATH\Views\Homepage\inc\cart\itemcart.php(48): number_format(null, 2)
 4 SYSTEMPATH\View\View.php(213): include('APPPATH\\Views\\Homepage\\inc\\cart\\itemcart.php')
 5 SYSTEMPATH\View\View.php(216): CodeIgniter\View\View->CodeIgniter\View\{closure}()
 6 SYSTEMPATH\View\View.php(431): CodeIgniter\View\View->render('Homepage/inc/cart/itemcart', null, true)
 7 APPPATH\Views\Homepage\cart.php(3): CodeIgniter\View\View->include('Homepage/inc/cart/itemcart')
 8 SYSTEMPATH\View\View.php(213): include('APPPATH\\Views\\Homepage\\cart.php')
 9 SYSTEMPATH\View\View.php(216): CodeIgniter\View\View->CodeIgniter\View\{closure}()
10 SYSTEMPATH\Common.php(1134): CodeIgniter\View\View->render('Homepage/cart', [], true)
11 APPPATH\Controllers\home.php(57): view('Homepage/cart', [...])
12 SYSTEMPATH\CodeIgniter.php(927): App\Controllers\home->cart()
13 SYSTEMPATH\CodeIgniter.php(482): CodeIgniter\CodeIgniter->runController(Object(App\Controllers\home))
14 SYSTEMPATH\CodeIgniter.php(351): CodeIgniter\CodeIgniter->handleRequest(null, Object(Config\Cache), false)
15 FCPATH\index.php(67): CodeIgniter\CodeIgniter->run()
16 SYSTEMPATH\Commands\Server\rewrite.php(46): require_once('FCPATH\\index.php')
ERROR - 2022-12-27 22:38:27 --> Error connecting to the database: mysqli_sql_exception: No connection could be made because the target machine actively refused it in C:\xampp\htdocs\TeaTime\system\Database\MySQLi\Connection.php:171
Stack trace:
#0 C:\xampp\htdocs\TeaTime\system\Database\MySQLi\Connection.php(171): mysqli->real_connect('localhost', 'root', '', 'project_ci4', 3306, '', 0)
#1 C:\xampp\htdocs\TeaTime\system\Database\BaseConnection.php(382): CodeIgniter\Database\MySQLi\Connection->connect(false)
#2 C:\xampp\htdocs\TeaTime\system\Database\BaseConnection.php(561): CodeIgniter\Database\BaseConnection->initialize()
#3 C:\xampp\htdocs\TeaTime\system\Database\BaseBuilder.php(1585): CodeIgniter\Database\BaseConnection->query('SELECT 1\nFROM `...', Array, false)
#4 C:\xampp\htdocs\TeaTime\system\Validation\Rules.php(142): CodeIgniter\Database\BaseBuilder->get()
#5 C:\xampp\htdocs\TeaTime\system\Validation\Validation.php(315): CodeIgniter\Validation\Rules->is_unique('dyad@gmail.com', 'email', Array, NULL, 'email')
#6 C:\xampp\htdocs\TeaTime\system\Validation\Validation.php(175): CodeIgniter\Validation\Validation->processRules('email', 'email', 'dyad@gmail.com', Array, Array)
#7 C:\xampp\htdocs\TeaTime\system\Controller.php(140): CodeIgniter\Validation\Validation->run()
#8 C:\xampp\htdocs\TeaTime\app\Controllers\Auth.php(24): CodeIgniter\Controller->validate(Array)
#9 C:\xampp\htdocs\TeaTime\system\CodeIgniter.php(927): App\Controllers\Auth->save()
#10 C:\xampp\htdocs\TeaTime\system\CodeIgniter.php(482): CodeIgniter\CodeIgniter->runController(Object(App\Controllers\Auth))
#11 C:\xampp\htdocs\TeaTime\system\CodeIgniter.php(351): CodeIgniter\CodeIgniter->handleRequest(NULL, Object(Config\Cache), false)
#12 C:\xampp\htdocs\TeaTime\public\index.php(67): CodeIgniter\CodeIgniter->run()
#13 C:\xampp\htdocs\TeaTime\system\Commands\Server\rewrite.php(46): require_once('C:\\xampp\\htdocs...')
#14 {main}

Next CodeIgniter\Database\Exceptions\DatabaseException: No connection could be made because the target machine actively refused it in C:\xampp\htdocs\TeaTime\system\Database\MySQLi\Connection.php:215
Stack trace:
#0 C:\xampp\htdocs\TeaTime\system\Database\BaseConnection.php(382): CodeIgniter\Database\MySQLi\Connection->connect(false)
#1 C:\xampp\htdocs\TeaTime\system\Database\BaseConnection.php(561): CodeIgniter\Database\BaseConnection->initialize()
#2 C:\xampp\htdocs\TeaTime\system\Database\BaseBuilder.php(1585): CodeIgniter\Database\BaseConnection->query('SELECT 1\nFROM `...', Array, false)
#3 C:\xampp\htdocs\TeaTime\system\Validation\Rules.php(142): CodeIgniter\Database\BaseBuilder->get()
#4 C:\xampp\htdocs\TeaTime\system\Validation\Validation.php(315): CodeIgniter\Validation\Rules->is_unique('dyad@gmail.com', 'email', Array, NULL, 'email')
#5 C:\xampp\htdocs\TeaTime\system\Validation\Validation.php(175): CodeIgniter\Validation\Validation->processRules('email', 'email', 'dyad@gmail.com', Array, Array)
#6 C:\xampp\htdocs\TeaTime\system\Controller.php(140): CodeIgniter\Validation\Validation->run()
#7 C:\xampp\htdocs\TeaTime\app\Controllers\Auth.php(24): CodeIgniter\Controller->validate(Array)
#8 C:\xampp\htdocs\TeaTime\system\CodeIgniter.php(927): App\Controllers\Auth->save()
#9 C:\xampp\htdocs\TeaTime\system\CodeIgniter.php(482): CodeIgniter\CodeIgniter->runController(Object(App\Controllers\Auth))
#10 C:\xampp\htdocs\TeaTime\system\CodeIgniter.php(351): CodeIgniter\CodeIgniter->handleRequest(NULL, Object(Config\Cache), false)
#11 C:\xampp\htdocs\TeaTime\public\index.php(67): CodeIgniter\CodeIgniter->run()
#12 C:\xampp\htdocs\TeaTime\system\Commands\Server\rewrite.php(46): require_once('C:\\xampp\\htdocs...')
#13 {main}
CRITICAL - 2022-12-27 22:38:27 --> Unable to connect to the database.
Main connection [MySQLi]: No connection could be made because the target machine actively refused it
in SYSTEMPATH\Database\BaseConnection.php on line 418.
 1 SYSTEMPATH\Database\BaseConnection.php(561): CodeIgniter\Database\BaseConnection->initialize()
 2 SYSTEMPATH\Database\BaseBuilder.php(1585): CodeIgniter\Database\BaseConnection->query('SELECT 1
FROM `user`
WHERE `email` = :email:
 LIMIT 1', [...], false)
 3 SYSTEMPATH\Validation\Rules.php(142): CodeIgniter\Database\BaseBuilder->get()
 4 SYSTEMPATH\Validation\Validation.php(315): CodeIgniter\Validation\Rules->is_unique('dyad@gmail.com', 'email', [...], null, 'email')
 5 SYSTEMPATH\Validation\Validation.php(175): CodeIgniter\Validation\Validation->processRules('email', 'email', 'dyad@gmail.com', [...], [...])
 6 SYSTEMPATH\Controller.php(140): CodeIgniter\Validation\Validation->run()
 7 APPPATH\Controllers\Auth.php(24): CodeIgniter\Controller->validate([...])
 8 SYSTEMPATH\CodeIgniter.php(927): App\Controllers\Auth->save()
 9 SYSTEMPATH\CodeIgniter.php(482): CodeIgniter\CodeIgniter->runController(Object(App\Controllers\Auth))
10 SYSTEMPATH\CodeIgniter.php(351): CodeIgniter\CodeIgniter->handleRequest(null, Object(Config\Cache), false)
11 FCPATH\index.php(67): CodeIgniter\CodeIgniter->run()
12 SYSTEMPATH\Commands\Server\rewrite.php(46): require_once('FCPATH\\index.php')
ERROR - 2022-12-27 22:39:23 --> Error connecting to the database: mysqli_sql_exception: No connection could be made because the target machine actively refused it in C:\xampp\htdocs\TeaTime\system\Database\MySQLi\Connection.php:171
Stack trace:
#0 C:\xampp\htdocs\TeaTime\system\Database\MySQLi\Connection.php(171): mysqli->real_connect('localhost', 'root', '', 'project_ci4', 3306, '', 0)
#1 C:\xampp\htdocs\TeaTime\system\Database\BaseConnection.php(382): CodeIgniter\Database\MySQLi\Connection->connect(false)
#2 C:\xampp\htdocs\TeaTime\system\Database\BaseConnection.php(561): CodeIgniter\Database\BaseConnection->initialize()
#3 C:\xampp\htdocs\TeaTime\system\Database\BaseBuilder.php(1585): CodeIgniter\Database\BaseConnection->query('SELECT *\nFROM `...', Array, false)
#4 C:\xampp\htdocs\TeaTime\system\Model.php(223): CodeIgniter\Database\BaseBuilder->get()
#5 C:\xampp\htdocs\TeaTime\system\BaseModel.php(585): CodeIgniter\Model->doFindAll(0, 0)
#6 C:\xampp\htdocs\TeaTime\app\Controllers\home.php(26): CodeIgniter\BaseModel->findAll()
#7 C:\xampp\htdocs\TeaTime\system\CodeIgniter.php(927): App\Controllers\home->homepage()
#8 C:\xampp\htdocs\TeaTime\system\CodeIgniter.php(482): CodeIgniter\CodeIgniter->runController(Object(App\Controllers\home))
#9 C:\xampp\htdocs\TeaTime\system\CodeIgniter.php(351): CodeIgniter\CodeIgniter->handleRequest(NULL, Object(Config\Cache), false)
#10 C:\xampp\htdocs\TeaTime\public\index.php(67): CodeIgniter\CodeIgniter->run()
#11 C:\xampp\htdocs\TeaTime\system\Commands\Server\rewrite.php(46): require_once('C:\\xampp\\htdocs...')
#12 {main}

Next CodeIgniter\Database\Exceptions\DatabaseException: No connection could be made because the target machine actively refused it in C:\xampp\htdocs\TeaTime\system\Database\MySQLi\Connection.php:215
Stack trace:
#0 C:\xampp\htdocs\TeaTime\system\Database\BaseConnection.php(382): CodeIgniter\Database\MySQLi\Connection->connect(false)
#1 C:\xampp\htdocs\TeaTime\system\Database\BaseConnection.php(561): CodeIgniter\Database\BaseConnection->initialize()
#2 C:\xampp\htdocs\TeaTime\system\Database\BaseBuilder.php(1585): CodeIgniter\Database\BaseConnection->query('SELECT *\nFROM `...', Array, false)
#3 C:\xampp\htdocs\TeaTime\system\Model.php(223): CodeIgniter\Database\BaseBuilder->get()
#4 C:\xampp\htdocs\TeaTime\system\BaseModel.php(585): CodeIgniter\Model->doFindAll(0, 0)
#5 C:\xampp\htdocs\TeaTime\app\Controllers\home.php(26): CodeIgniter\BaseModel->findAll()
#6 C:\xampp\htdocs\TeaTime\system\CodeIgniter.php(927): App\Controllers\home->homepage()
#7 C:\xampp\htdocs\TeaTime\system\CodeIgniter.php(482): CodeIgniter\CodeIgniter->runController(Object(App\Controllers\home))
#8 C:\xampp\htdocs\TeaTime\system\CodeIgniter.php(351): CodeIgniter\CodeIgniter->handleRequest(NULL, Object(Config\Cache), false)
#9 C:\xampp\htdocs\TeaTime\public\index.php(67): CodeIgniter\CodeIgniter->run()
#10 C:\xampp\htdocs\TeaTime\system\Commands\Server\rewrite.php(46): require_once('C:\\xampp\\htdocs...')
#11 {main}
CRITICAL - 2022-12-27 22:39:23 --> Unable to connect to the database.
Main connection [MySQLi]: No connection could be made because the target machine actively refused it
in SYSTEMPATH\Database\BaseConnection.php on line 418.
 1 SYSTEMPATH\Database\BaseConnection.php(561): CodeIgniter\Database\BaseConnection->initialize()
 2 SYSTEMPATH\Database\BaseBuilder.php(1585): CodeIgniter\Database\BaseConnection->query('SELECT *
FROM `products`', [], false)
 3 SYSTEMPATH\Model.php(223): CodeIgniter\Database\BaseBuilder->get()
 4 SYSTEMPATH\BaseModel.php(585): CodeIgniter\Model->doFindAll(0, 0)
 5 APPPATH\Controllers\home.php(26): CodeIgniter\BaseModel->findAll()
 6 SYSTEMPATH\CodeIgniter.php(927): App\Controllers\home->homepage()
 7 SYSTEMPATH\CodeIgniter.php(482): CodeIgniter\CodeIgniter->runController(Object(App\Controllers\home))
 8 SYSTEMPATH\CodeIgniter.php(351): CodeIgniter\CodeIgniter->handleRequest(null, Object(Config\Cache), false)
 9 FCPATH\index.php(67): CodeIgniter\CodeIgniter->run()
10 SYSTEMPATH\Commands\Server\rewrite.php(46): require_once('FCPATH\\index.php')
ERROR - 2022-12-27 22:39:33 --> Error connecting to the database: mysqli_sql_exception: No connection could be made because the target machine actively refused it in C:\xampp\htdocs\TeaTime\system\Database\MySQLi\Connection.php:171
Stack trace:
#0 C:\xampp\htdocs\TeaTime\system\Database\MySQLi\Connection.php(171): mysqli->real_connect('localhost', 'root', '', 'project_ci4', 3306, '', 0)
#1 C:\xampp\htdocs\TeaTime\system\Database\BaseConnection.php(382): CodeIgniter\Database\MySQLi\Connection->connect(false)
#2 C:\xampp\htdocs\TeaTime\system\Database\BaseConnection.php(561): CodeIgniter\Database\BaseConnection->initialize()
#3 C:\xampp\htdocs\TeaTime\system\Database\BaseBuilder.php(1585): CodeIgniter\Database\BaseConnection->query('SELECT *\nFROM `...', Array, false)
#4 C:\xampp\htdocs\TeaTime\system\Model.php(223): CodeIgniter\Database\BaseBuilder->get()
#5 C:\xampp\htdocs\TeaTime\system\BaseModel.php(585): CodeIgniter\Model->doFindAll(0, 0)
#6 C:\xampp\htdocs\TeaTime\app\Controllers\home.php(26): CodeIgniter\BaseModel->findAll()
#7 C:\xampp\htdocs\TeaTime\system\CodeIgniter.php(927): App\Controllers\home->homepage()
#8 C:\xampp\htdocs\TeaTime\system\CodeIgniter.php(482): CodeIgniter\CodeIgniter->runController(Object(App\Controllers\home))
#9 C:\xampp\htdocs\TeaTime\system\CodeIgniter.php(351): CodeIgniter\CodeIgniter->handleRequest(NULL, Object(Config\Cache), false)
#10 C:\xampp\htdocs\TeaTime\public\index.php(67): CodeIgniter\CodeIgniter->run()
#11 C:\xampp\htdocs\TeaTime\system\Commands\Server\rewrite.php(46): require_once('C:\\xampp\\htdocs...')
#12 {main}

Next CodeIgniter\Database\Exceptions\DatabaseException: No connection could be made because the target machine actively refused it in C:\xampp\htdocs\TeaTime\system\Database\MySQLi\Connection.php:215
Stack trace:
#0 C:\xampp\htdocs\TeaTime\system\Database\BaseConnection.php(382): CodeIgniter\Database\MySQLi\Connection->connect(false)
#1 C:\xampp\htdocs\TeaTime\system\Database\BaseConnection.php(561): CodeIgniter\Database\BaseConnection->initialize()
#2 C:\xampp\htdocs\TeaTime\system\Database\BaseBuilder.php(1585): CodeIgniter\Database\BaseConnection->query('SELECT *\nFROM `...', Array, false)
#3 C:\xampp\htdocs\TeaTime\system\Model.php(223): CodeIgniter\Database\BaseBuilder->get()
#4 C:\xampp\htdocs\TeaTime\system\BaseModel.php(585): CodeIgniter\Model->doFindAll(0, 0)
#5 C:\xampp\htdocs\TeaTime\app\Controllers\home.php(26): CodeIgniter\BaseModel->findAll()
#6 C:\xampp\htdocs\TeaTime\system\CodeIgniter.php(927): App\Controllers\home->homepage()
#7 C:\xampp\htdocs\TeaTime\system\CodeIgniter.php(482): CodeIgniter\CodeIgniter->runController(Object(App\Controllers\home))
#8 C:\xampp\htdocs\TeaTime\system\CodeIgniter.php(351): CodeIgniter\CodeIgniter->handleRequest(NULL, Object(Config\Cache), false)
#9 C:\xampp\htdocs\TeaTime\public\index.php(67): CodeIgniter\CodeIgniter->run()
#10 C:\xampp\htdocs\TeaTime\system\Commands\Server\rewrite.php(46): require_once('C:\\xampp\\htdocs...')
#11 {main}
CRITICAL - 2022-12-27 22:39:33 --> Unable to connect to the database.
Main connection [MySQLi]: No connection could be made because the target machine actively refused it
in SYSTEMPATH\Database\BaseConnection.php on line 418.
 1 SYSTEMPATH\Database\BaseConnection.php(561): CodeIgniter\Database\BaseConnection->initialize()
 2 SYSTEMPATH\Database\BaseBuilder.php(1585): CodeIgniter\Database\BaseConnection->query('SELECT *
FROM `products`', [], false)
 3 SYSTEMPATH\Model.php(223): CodeIgniter\Database\BaseBuilder->get()
 4 SYSTEMPATH\BaseModel.php(585): CodeIgniter\Model->doFindAll(0, 0)
 5 APPPATH\Controllers\home.php(26): CodeIgniter\BaseModel->findAll()
 6 SYSTEMPATH\CodeIgniter.php(927): App\Controllers\home->homepage()
 7 SYSTEMPATH\CodeIgniter.php(482): CodeIgniter\CodeIgniter->runController(Object(App\Controllers\home))
 8 SYSTEMPATH\CodeIgniter.php(351): CodeIgniter\CodeIgniter->handleRequest(null, Object(Config\Cache), false)
 9 FCPATH\index.php(67): CodeIgniter\CodeIgniter->run()
10 SYSTEMPATH\Commands\Server\rewrite.php(46): require_once('FCPATH\\index.php')
CRITICAL - 2022-12-27 22:48:31 --> Trying to access array offset on value of type null
in APPPATH\Controllers\home.php on line 78.
 1 APPPATH\Controllers\home.php(78): CodeIgniter\Debug\Exceptions->errorHandler(2, 'Trying to access array offset on value of type null', 'APPPATH\\Controllers\\home.php', 78)
 2 SYSTEMPATH\CodeIgniter.php(927): App\Controllers\home->single_product('FCPATH\\assets', 'img', 'logo.png')
 3 SYSTEMPATH\CodeIgniter.php(482): CodeIgniter\CodeIgniter->runController(Object(App\Controllers\home))
 4 SYSTEMPATH\CodeIgniter.php(351): CodeIgniter\CodeIgniter->handleRequest(null, Object(Config\Cache), false)
 5 FCPATH\index.php(67): CodeIgniter\CodeIgniter->run()
 6 SYSTEMPATH\Commands\Server\rewrite.php(46): require_once('FCPATH\\index.php')
CRITICAL - 2022-12-27 22:48:31 --> Trying to access array offset on value of type null
in APPPATH\Controllers\home.php on line 78.
 1 APPPATH\Controllers\home.php(78): CodeIgniter\Debug\Exceptions->errorHandler(2, 'Trying to access array offset on value of type null', 'APPPATH\\Controllers\\home.php', 78)
 2 SYSTEMPATH\CodeIgniter.php(927): App\Controllers\home->single_product('FCPATH\\assets', 'img', 'products', 'product-img-1.jpg')
 3 SYSTEMPATH\CodeIgniter.php(482): CodeIgniter\CodeIgniter->runController(Object(App\Controllers\home))
 4 SYSTEMPATH\CodeIgniter.php(351): CodeIgniter\CodeIgniter->handleRequest(null, Object(Config\Cache), false)
 5 FCPATH\index.php(67): CodeIgniter\CodeIgniter->run()
 6 SYSTEMPATH\Commands\Server\rewrite.php(46): require_once('FCPATH\\index.php')
CRITICAL - 2022-12-27 22:48:31 --> Trying to access array offset on value of type null
in APPPATH\Controllers\home.php on line 78.
 1 APPPATH\Controllers\home.php(78): CodeIgniter\Debug\Exceptions->errorHandler(2, 'Trying to access array offset on value of type null', 'APPPATH\\Controllers\\home.php', 78)
 2 SYSTEMPATH\CodeIgniter.php(927): App\Controllers\home->single_product('FCPATH\\assets', 'img', 'products', 'product-img-2.jpg')
 3 SYSTEMPATH\CodeIgniter.php(482): CodeIgniter\CodeIgniter->runController(Object(App\Controllers\home))
 4 SYSTEMPATH\CodeIgniter.php(351): CodeIgniter\CodeIgniter->handleRequest(null, Object(Config\Cache), false)
 5 FCPATH\index.php(67): CodeIgniter\CodeIgniter->run()
 6 SYSTEMPATH\Commands\Server\rewrite.php(46): require_once('FCPATH\\index.php')
CRITICAL - 2022-12-27 22:48:31 --> Trying to access array offset on value of type null
in APPPATH\Controllers\home.php on line 78.
 1 APPPATH\Controllers\home.php(78): CodeIgniter\Debug\Exceptions->errorHandler(2, 'Trying to access array offset on value of type null', 'APPPATH\\Controllers\\home.php', 78)
 2 SYSTEMPATH\CodeIgniter.php(927): App\Controllers\home->single_product('FCPATH\\assets', 'img', 'products', 'product-img-3.jpg')
 3 SYSTEMPATH\CodeIgniter.php(482): CodeIgniter\CodeIgniter->runController(Object(App\Controllers\home))
 4 SYSTEMPATH\CodeIgniter.php(351): CodeIgniter\CodeIgniter->handleRequest(null, Object(Config\Cache), false)
 5 FCPATH\index.php(67): CodeIgniter\CodeIgniter->run()
 6 SYSTEMPATH\Commands\Server\rewrite.php(46): require_once('FCPATH\\index.php')
CRITICAL - 2022-12-27 22:48:32 --> Trying to access array offset on value of type null
in APPPATH\Controllers\home.php on line 78.
 1 APPPATH\Controllers\home.php(78): CodeIgniter\Debug\Exceptions->errorHandler(2, 'Trying to access array offset on value of type null', 'APPPATH\\Controllers\\home.php', 78)
 2 SYSTEMPATH\CodeIgniter.php(927): App\Controllers\home->single_product('FCPATH\\assets', 'img', 'favicon.png')
 3 SYSTEMPATH\CodeIgniter.php(482): CodeIgniter\CodeIgniter->runController(Object(App\Controllers\home))
 4 SYSTEMPATH\CodeIgniter.php(351): CodeIgniter\CodeIgniter->handleRequest(null, Object(Config\Cache), false)
 5 FCPATH\index.php(67): CodeIgniter\CodeIgniter->run()
 6 SYSTEMPATH\Commands\Server\rewrite.php(46): require_once('FCPATH\\index.php')
CRITICAL - 2022-12-27 23:09:48 --> Invalid file: Homepage/inc/head.php
in SYSTEMPATH\Exceptions\FrameworkException.php on line 33.
 1 SYSTEMPATH\View\View.php(201): CodeIgniter\Exceptions\FrameworkException::forInvalidFile('Homepage/inc/head.php')
 2 SYSTEMPATH\View\View.php(431): CodeIgniter\View\View->render('Homepage/inc/head', null, true)
 3 APPPATH\Views\Homepage\contact.php(3): CodeIgniter\View\View->include('Homepage/inc/head')
 4 SYSTEMPATH\View\View.php(213): include('APPPATH\\Views\\Homepage\\contact.php')
 5 SYSTEMPATH\View\View.php(216): CodeIgniter\View\View->CodeIgniter\View\{closure}()
 6 SYSTEMPATH\Common.php(1134): CodeIgniter\View\View->render('Homepage/contact', [], true)
 7 APPPATH\Controllers\home.php(32): view('Homepage/contact')
 8 SYSTEMPATH\CodeIgniter.php(927): App\Controllers\home->contact()
 9 SYSTEMPATH\CodeIgniter.php(482): CodeIgniter\CodeIgniter->runController(Object(App\Controllers\home))
10 SYSTEMPATH\CodeIgniter.php(351): CodeIgniter\CodeIgniter->handleRequest(null, Object(Config\Cache), false)
11 FCPATH\index.php(67): CodeIgniter\CodeIgniter->run()
12 SYSTEMPATH\Commands\Server\rewrite.php(46): require_once('FCPATH\\index.php')
CRITICAL - 2022-12-27 23:09:55 --> Invalid file: Homepage/inc/head.php
in SYSTEMPATH\Exceptions\FrameworkException.php on line 33.
 1 SYSTEMPATH\View\View.php(201): CodeIgniter\Exceptions\FrameworkException::forInvalidFile('Homepage/inc/head.php')
 2 SYSTEMPATH\View\View.php(431): CodeIgniter\View\View->render('Homepage/inc/head', null, true)
 3 APPPATH\Views\Homepage\contact.php(3): CodeIgniter\View\View->include('Homepage/inc/head')
 4 SYSTEMPATH\View\View.php(213): include('APPPATH\\Views\\Homepage\\contact.php')
 5 SYSTEMPATH\View\View.php(216): CodeIgniter\View\View->CodeIgniter\View\{closure}()
 6 SYSTEMPATH\Common.php(1134): CodeIgniter\View\View->render('Homepage/contact', [], true)
 7 APPPATH\Controllers\home.php(32): view('Homepage/contact')
 8 SYSTEMPATH\CodeIgniter.php(927): App\Controllers\home->contact()
 9 SYSTEMPATH\CodeIgniter.php(482): CodeIgniter\CodeIgniter->runController(Object(App\Controllers\home))
10 SYSTEMPATH\CodeIgniter.php(351): CodeIgniter\CodeIgniter->handleRequest(null, Object(Config\Cache), false)
11 FCPATH\index.php(67): CodeIgniter\CodeIgniter->run()
12 SYSTEMPATH\Commands\Server\rewrite.php(46): require_once('FCPATH\\index.php')
