CRITICAL - 2022-11-16 02:01:23 --> Call to undefined function set_value()
in APPPATH\Views\auth\login.php on line 24.
 1 SYSTEMPATH\View\View.php(213): include()
 2 SYSTEMPATH\View\View.php(216): CodeIgniter\View\View->CodeIgniter\View\{closure}()
 3 SYSTEMPATH\Common.php(1134): CodeIgniter\View\View->render('auth/login', [], true)
 4 APPPATH\Controllers\Auth.php(8): view('auth/login')
 5 SYSTEMPATH\CodeIgniter.php(927): App\Controllers\Auth->index()
 6 SYSTEMPATH\CodeIgniter.php(482): CodeIgniter\CodeIgniter->runController(Object(App\Controllers\Auth))
 7 SYSTEMPATH\CodeIgniter.php(351): CodeIgniter\CodeIgniter->handleRequest(null, Object(Config\Cache), false)
 8 FCPATH\index.php(67): CodeIgniter\CodeIgniter->run()
 9 SYSTEMPATH\Commands\Server\rewrite.php(46): require_once('FCPATH\\index.php')
CRITICAL - 2022-11-16 03:08:14 --> syntax error, unexpected token "}", expecting "," or ";"
in APPPATH\Controllers\Auth.php on line 30.
 1 SYSTEMPATH\Autoloader\Autoloader.php(259): CodeIgniter\Autoloader\Autoloader->includeFile('APPPATH\\Controllers\\Auth.php')
 2 SYSTEMPATH\Autoloader\Autoloader.php(237): CodeIgniter\Autoloader\Autoloader->loadInNamespace('App\\Controllers\\Auth')
 3 [internal function]: CodeIgniter\Autoloader\Autoloader->loadClass('App\\Controllers\\Auth')
 4 SYSTEMPATH\CodeIgniter.php(877): class_exists('\\App\\Controllers\\Auth', true)
 5 SYSTEMPATH\CodeIgniter.php(469): CodeIgniter\CodeIgniter->startController()
 6 SYSTEMPATH\CodeIgniter.php(351): CodeIgniter\CodeIgniter->handleRequest(null, Object(Config\Cache), false)
 7 FCPATH\index.php(67): CodeIgniter\CodeIgniter->run()
 8 SYSTEMPATH\Commands\Server\rewrite.php(46): require_once('FCPATH\\index.php')
ERROR - 2022-11-16 03:08:57 --> mysqli_sql_exception: Unknown column 'emai' in 'where clause' in C:\xampp\htdocs\ci4\system\Database\MySQLi\Connection.php:292
Stack trace:
#0 C:\xampp\htdocs\ci4\system\Database\MySQLi\Connection.php(292): mysqli->query('SELECT 1\nFROM `...', 0)
#1 C:\xampp\htdocs\ci4\system\Database\BaseConnection.php(666): CodeIgniter\Database\MySQLi\Connection->execute('SELECT 1\nFROM `...')
#2 C:\xampp\htdocs\ci4\system\Database\BaseConnection.php(593): CodeIgniter\Database\BaseConnection->simpleQuery('SELECT 1\nFROM `...')
#3 C:\xampp\htdocs\ci4\system\Database\BaseBuilder.php(1585): CodeIgniter\Database\BaseConnection->query('SELECT 1\nFROM `...', Array, false)
#4 C:\xampp\htdocs\ci4\system\Validation\Rules.php(142): CodeIgniter\Database\BaseBuilder->get()
#5 C:\xampp\htdocs\ci4\system\Validation\Validation.php(315): CodeIgniter\Validation\Rules->is_unique('johnrex@gmail.c...', 'emai', Array, NULL, 'email')
#6 C:\xampp\htdocs\ci4\system\Validation\Validation.php(175): CodeIgniter\Validation\Validation->processRules('email', 'email', 'johnrex@gmail.c...', Array, Array)
#7 C:\xampp\htdocs\ci4\system\Controller.php(140): CodeIgniter\Validation\Validation->run()
#8 C:\xampp\htdocs\ci4\app\Controllers\Auth.php(19): CodeIgniter\Controller->validate(Array)
#9 C:\xampp\htdocs\ci4\system\CodeIgniter.php(927): App\Controllers\Auth->save()
#10 C:\xampp\htdocs\ci4\system\CodeIgniter.php(482): CodeIgniter\CodeIgniter->runController(Object(App\Controllers\Auth))
#11 C:\xampp\htdocs\ci4\system\CodeIgniter.php(351): CodeIgniter\CodeIgniter->handleRequest(NULL, Object(Config\Cache), false)
#12 C:\xampp\htdocs\ci4\public\index.php(67): CodeIgniter\CodeIgniter->run()
#13 C:\xampp\htdocs\ci4\system\Commands\Server\rewrite.php(46): require_once('C:\\xampp\\htdocs...')
#14 {main}
CRITICAL - 2022-11-16 03:08:57 --> Unknown column 'emai' in 'where clause'
in SYSTEMPATH\Database\MySQLi\Connection.php on line 292.
 1 SYSTEMPATH\Database\MySQLi\Connection.php(292): mysqli->query('SELECT 1
FROM `user`
WHERE `emai` = \'johnrex@gmail.com\'
 LIMIT 1', 0)
 2 SYSTEMPATH\Database\BaseConnection.php(666): CodeIgniter\Database\MySQLi\Connection->execute('SELECT 1
FROM `user`
WHERE `emai` = \'johnrex@gmail.com\'
 LIMIT 1')
 3 SYSTEMPATH\Database\BaseConnection.php(593): CodeIgniter\Database\BaseConnection->simpleQuery('SELECT 1
FROM `user`
WHERE `emai` = \'johnrex@gmail.com\'
 LIMIT 1')
 4 SYSTEMPATH\Database\BaseBuilder.php(1585): CodeIgniter\Database\BaseConnection->query('SELECT 1
FROM `user`
WHERE `emai` = :emai:
 LIMIT 1', [...], false)
 5 SYSTEMPATH\Validation\Rules.php(142): CodeIgniter\Database\BaseBuilder->get()
 6 SYSTEMPATH\Validation\Validation.php(315): CodeIgniter\Validation\Rules->is_unique('johnrex@gmail.com', 'emai', [...], null, 'email')
 7 SYSTEMPATH\Validation\Validation.php(175): CodeIgniter\Validation\Validation->processRules('email', 'email', 'johnrex@gmail.com', [...], [...])
 8 SYSTEMPATH\Controller.php(140): CodeIgniter\Validation\Validation->run()
 9 APPPATH\Controllers\Auth.php(19): CodeIgniter\Controller->validate([...])
10 SYSTEMPATH\CodeIgniter.php(927): App\Controllers\Auth->save()
11 SYSTEMPATH\CodeIgniter.php(482): CodeIgniter\CodeIgniter->runController(Object(App\Controllers\Auth))
12 SYSTEMPATH\CodeIgniter.php(351): CodeIgniter\CodeIgniter->handleRequest(null, Object(Config\Cache), false)
13 FCPATH\index.php(67): CodeIgniter\CodeIgniter->run()
14 SYSTEMPATH\Commands\Server\rewrite.php(46): require_once('FCPATH\\index.php')
ERROR - 2022-11-16 03:13:01 --> mysqli_sql_exception: Unknown column 'emai' in 'where clause' in C:\xampp\htdocs\ci4\system\Database\MySQLi\Connection.php:292
Stack trace:
#0 C:\xampp\htdocs\ci4\system\Database\MySQLi\Connection.php(292): mysqli->query('SELECT 1\nFROM `...', 0)
#1 C:\xampp\htdocs\ci4\system\Database\BaseConnection.php(666): CodeIgniter\Database\MySQLi\Connection->execute('SELECT 1\nFROM `...')
#2 C:\xampp\htdocs\ci4\system\Database\BaseConnection.php(593): CodeIgniter\Database\BaseConnection->simpleQuery('SELECT 1\nFROM `...')
#3 C:\xampp\htdocs\ci4\system\Database\BaseBuilder.php(1585): CodeIgniter\Database\BaseConnection->query('SELECT 1\nFROM `...', Array, false)
#4 C:\xampp\htdocs\ci4\system\Validation\Rules.php(142): CodeIgniter\Database\BaseBuilder->get()
#5 C:\xampp\htdocs\ci4\system\Validation\Validation.php(315): CodeIgniter\Validation\Rules->is_unique('Cusi@gmail.com', 'emai', Array, NULL, 'email')
#6 C:\xampp\htdocs\ci4\system\Validation\Validation.php(175): CodeIgniter\Validation\Validation->processRules('email', 'email', 'Cusi@gmail.com', Array, Array)
#7 C:\xampp\htdocs\ci4\system\Controller.php(140): CodeIgniter\Validation\Validation->run()
#8 C:\xampp\htdocs\ci4\app\Controllers\Auth.php(19): CodeIgniter\Controller->validate(Array)
#9 C:\xampp\htdocs\ci4\system\CodeIgniter.php(927): App\Controllers\Auth->save()
#10 C:\xampp\htdocs\ci4\system\CodeIgniter.php(482): CodeIgniter\CodeIgniter->runController(Object(App\Controllers\Auth))
#11 C:\xampp\htdocs\ci4\system\CodeIgniter.php(351): CodeIgniter\CodeIgniter->handleRequest(NULL, Object(Config\Cache), false)
#12 C:\xampp\htdocs\ci4\public\index.php(67): CodeIgniter\CodeIgniter->run()
#13 C:\xampp\htdocs\ci4\system\Commands\Server\rewrite.php(46): require_once('C:\\xampp\\htdocs...')
#14 {main}
CRITICAL - 2022-11-16 03:13:01 --> Unknown column 'emai' in 'where clause'
in SYSTEMPATH\Database\MySQLi\Connection.php on line 292.
 1 SYSTEMPATH\Database\MySQLi\Connection.php(292): mysqli->query('SELECT 1
FROM `user`
WHERE `emai` = \'Cusi@gmail.com\'
 LIMIT 1', 0)
 2 SYSTEMPATH\Database\BaseConnection.php(666): CodeIgniter\Database\MySQLi\Connection->execute('SELECT 1
FROM `user`
WHERE `emai` = \'Cusi@gmail.com\'
 LIMIT 1')
 3 SYSTEMPATH\Database\BaseConnection.php(593): CodeIgniter\Database\BaseConnection->simpleQuery('SELECT 1
FROM `user`
WHERE `emai` = \'Cusi@gmail.com\'
 LIMIT 1')
 4 SYSTEMPATH\Database\BaseBuilder.php(1585): CodeIgniter\Database\BaseConnection->query('SELECT 1
FROM `user`
WHERE `emai` = :emai:
 LIMIT 1', [...], false)
 5 SYSTEMPATH\Validation\Rules.php(142): CodeIgniter\Database\BaseBuilder->get()
 6 SYSTEMPATH\Validation\Validation.php(315): CodeIgniter\Validation\Rules->is_unique('Cusi@gmail.com', 'emai', [...], null, 'email')
 7 SYSTEMPATH\Validation\Validation.php(175): CodeIgniter\Validation\Validation->processRules('email', 'email', 'Cusi@gmail.com', [...], [...])
 8 SYSTEMPATH\Controller.php(140): CodeIgniter\Validation\Validation->run()
 9 APPPATH\Controllers\Auth.php(19): CodeIgniter\Controller->validate([...])
10 SYSTEMPATH\CodeIgniter.php(927): App\Controllers\Auth->save()
11 SYSTEMPATH\CodeIgniter.php(482): CodeIgniter\CodeIgniter->runController(Object(App\Controllers\Auth))
12 SYSTEMPATH\CodeIgniter.php(351): CodeIgniter\CodeIgniter->handleRequest(null, Object(Config\Cache), false)
13 FCPATH\index.php(67): CodeIgniter\CodeIgniter->run()
14 SYSTEMPATH\Commands\Server\rewrite.php(46): require_once('FCPATH\\index.php')
CRITICAL - 2022-11-16 03:27:34 --> Call to undefined function display_error()
in APPPATH\Views\auth\register.php on line 25.
 1 SYSTEMPATH\View\View.php(213): include()
 2 SYSTEMPATH\View\View.php(216): CodeIgniter\View\View->CodeIgniter\View\{closure}()
 3 SYSTEMPATH\Common.php(1134): CodeIgniter\View\View->render('auth/register', [], true)
 4 APPPATH\Controllers\Auth.php(30): view('auth/register', [...])
 5 SYSTEMPATH\CodeIgniter.php(927): App\Controllers\Auth->save()
 6 SYSTEMPATH\CodeIgniter.php(482): CodeIgniter\CodeIgniter->runController(Object(App\Controllers\Auth))
 7 SYSTEMPATH\CodeIgniter.php(351): CodeIgniter\CodeIgniter->handleRequest(null, Object(Config\Cache), false)
 8 FCPATH\index.php(67): CodeIgniter\CodeIgniter->run()
 9 SYSTEMPATH\Commands\Server\rewrite.php(46): require_once('FCPATH\\index.php')
CRITICAL - 2022-11-16 03:28:43 --> Call to undefined function display_error()
in APPPATH\Views\auth\register.php on line 25.
 1 SYSTEMPATH\View\View.php(213): include()
 2 SYSTEMPATH\View\View.php(216): CodeIgniter\View\View->CodeIgniter\View\{closure}()
 3 SYSTEMPATH\Common.php(1134): CodeIgniter\View\View->render('auth/register', [], true)
 4 APPPATH\Controllers\Auth.php(30): view('auth/register', [...])
 5 SYSTEMPATH\CodeIgniter.php(927): App\Controllers\Auth->save()
 6 SYSTEMPATH\CodeIgniter.php(482): CodeIgniter\CodeIgniter->runController(Object(App\Controllers\Auth))
 7 SYSTEMPATH\CodeIgniter.php(351): CodeIgniter\CodeIgniter->handleRequest(null, Object(Config\Cache), false)
 8 FCPATH\index.php(67): CodeIgniter\CodeIgniter->run()
 9 SYSTEMPATH\Commands\Server\rewrite.php(46): require_once('FCPATH\\index.php')
CRITICAL - 2022-11-16 05:34:16 --> Class "App\Libraries\Hash" not found
in APPPATH\Controllers\Auth.php on line 75.
 1 SYSTEMPATH\CodeIgniter.php(927): App\Controllers\Auth->save()
 2 SYSTEMPATH\CodeIgniter.php(482): CodeIgniter\CodeIgniter->runController(Object(App\Controllers\Auth))
 3 SYSTEMPATH\CodeIgniter.php(351): CodeIgniter\CodeIgniter->handleRequest(null, Object(Config\Cache), false)
 4 FCPATH\index.php(67): CodeIgniter\CodeIgniter->run()
 5 SYSTEMPATH\Commands\Server\rewrite.php(46): require_once('FCPATH\\index.php')
CRITICAL - 2022-11-16 05:35:15 --> Class "Hash" not found
in APPPATH\Controllers\Auth.php on line 75.
 1 SYSTEMPATH\CodeIgniter.php(927): App\Controllers\Auth->save()
 2 SYSTEMPATH\CodeIgniter.php(482): CodeIgniter\CodeIgniter->runController(Object(App\Controllers\Auth))
 3 SYSTEMPATH\CodeIgniter.php(351): CodeIgniter\CodeIgniter->handleRequest(null, Object(Config\Cache), false)
 4 FCPATH\index.php(67): CodeIgniter\CodeIgniter->run()
 5 SYSTEMPATH\Commands\Server\rewrite.php(46): require_once('FCPATH\\index.php')
CRITICAL - 2022-11-16 05:41:07 --> CodeIgniter\Config\Services::encrypter(): Argument #1 ($config) must be of type ?Config\Encryption, string given, called in C:\xampp\htdocs\ci4\system\Config\BaseService.php on line 253
in SYSTEMPATH\Config\Services.php on line 231.
 1 SYSTEMPATH\Config\BaseService.php(253): CodeIgniter\Config\Services::encrypter('hannah123')
 2 APPPATH\Controllers\Auth.php(75): CodeIgniter\Config\BaseService::__callStatic('encrypter', [...])
 3 SYSTEMPATH\CodeIgniter.php(927): App\Controllers\Auth->save()
 4 SYSTEMPATH\CodeIgniter.php(482): CodeIgniter\CodeIgniter->runController(Object(App\Controllers\Auth))
 5 SYSTEMPATH\CodeIgniter.php(351): CodeIgniter\CodeIgniter->handleRequest(null, Object(Config\Cache), false)
 6 FCPATH\index.php(67): CodeIgniter\CodeIgniter->run()
 7 SYSTEMPATH\Commands\Server\rewrite.php(46): require_once('FCPATH\\index.php')
CRITICAL - 2022-11-16 06:48:31 --> Call to undefined method App\Libraries\Hash::check()
in APPPATH\Controllers\Auth.php on line 117.
 1 SYSTEMPATH\CodeIgniter.php(927): App\Controllers\Auth->check()
 2 SYSTEMPATH\CodeIgniter.php(482): CodeIgniter\CodeIgniter->runController(Object(App\Controllers\Auth))
 3 SYSTEMPATH\CodeIgniter.php(351): CodeIgniter\CodeIgniter->handleRequest(null, Object(Config\Cache), false)
 4 FCPATH\index.php(67): CodeIgniter\CodeIgniter->run()
 5 SYSTEMPATH\Commands\Server\rewrite.php(46): require_once('FCPATH\\index.php')
CRITICAL - 2022-11-16 06:50:01 --> Call to undefined method App\Libraries\Hash::check()
in APPPATH\Controllers\Auth.php on line 117.
 1 SYSTEMPATH\CodeIgniter.php(927): App\Controllers\Auth->check()
 2 SYSTEMPATH\CodeIgniter.php(482): CodeIgniter\CodeIgniter->runController(Object(App\Controllers\Auth))
 3 SYSTEMPATH\CodeIgniter.php(351): CodeIgniter\CodeIgniter->handleRequest(null, Object(Config\Cache), false)
 4 FCPATH\index.php(67): CodeIgniter\CodeIgniter->run()
 5 SYSTEMPATH\Commands\Server\rewrite.php(46): require_once('FCPATH\\index.php')
CRITICAL - 2022-11-16 06:53:08 --> Call to undefined method App\Libraries\Hash::check()
in APPPATH\Controllers\Auth.php on line 118.
 1 SYSTEMPATH\CodeIgniter.php(927): App\Controllers\Auth->check()
 2 SYSTEMPATH\CodeIgniter.php(482): CodeIgniter\CodeIgniter->runController(Object(App\Controllers\Auth))
 3 SYSTEMPATH\CodeIgniter.php(351): CodeIgniter\CodeIgniter->handleRequest(null, Object(Config\Cache), false)
 4 FCPATH\index.php(67): CodeIgniter\CodeIgniter->run()
 5 SYSTEMPATH\Commands\Server\rewrite.php(46): require_once('FCPATH\\index.php')
CRITICAL - 2022-11-16 06:55:12 --> Call to undefined method App\Libraries\Hash::check()
in APPPATH\Controllers\Auth.php on line 118.
 1 SYSTEMPATH\CodeIgniter.php(927): App\Controllers\Auth->check()
 2 SYSTEMPATH\CodeIgniter.php(482): CodeIgniter\CodeIgniter->runController(Object(App\Controllers\Auth))
 3 SYSTEMPATH\CodeIgniter.php(351): CodeIgniter\CodeIgniter->handleRequest(null, Object(Config\Cache), false)
 4 FCPATH\index.php(67): CodeIgniter\CodeIgniter->run()
 5 SYSTEMPATH\Commands\Server\rewrite.php(46): require_once('FCPATH\\index.php')
