CRITICAL - 2022-11-18 08:03:28 --> Class "App\Controllers\ProductModel" not found
in APPPATH\Controllers\admin.php on line 10.
 1 SYSTEMPATH\CodeIgniter.php(927): App\Controllers\admin->products()
 2 SYSTEMPATH\CodeIgniter.php(482): CodeIgniter\CodeIgniter->runController(Object(App\Controllers\admin))
 3 SYSTEMPATH\CodeIgniter.php(351): CodeIgniter\CodeIgniter->handleRequest(null, Object(Config\Cache), false)
 4 FCPATH\index.php(67): CodeIgniter\CodeIgniter->run()
 5 SYSTEMPATH\Commands\Server\rewrite.php(46): require_once('FCPATH\\index.php')
CRITICAL - 2022-11-18 08:03:40 --> Class "App\Controllers\ProductModel" not found
in APPPATH\Controllers\admin.php on line 10.
 1 SYSTEMPATH\CodeIgniter.php(927): App\Controllers\admin->products()
 2 SYSTEMPATH\CodeIgniter.php(482): CodeIgniter\CodeIgniter->runController(Object(App\Controllers\admin))
 3 SYSTEMPATH\CodeIgniter.php(351): CodeIgniter\CodeIgniter->handleRequest(null, Object(Config\Cache), false)
 4 FCPATH\index.php(67): CodeIgniter\CodeIgniter->run()
 5 SYSTEMPATH\Commands\Server\rewrite.php(46): require_once('FCPATH\\index.php')
CRITICAL - 2022-11-18 08:06:50 --> Class "App\Controllers\ProductModel" not found
in APPPATH\Controllers\admin.php on line 10.
 1 SYSTEMPATH\CodeIgniter.php(927): App\Controllers\admin->products()
 2 SYSTEMPATH\CodeIgniter.php(482): CodeIgniter\CodeIgniter->runController(Object(App\Controllers\admin))
 3 SYSTEMPATH\CodeIgniter.php(351): CodeIgniter\CodeIgniter->handleRequest(null, Object(Config\Cache), false)
 4 FCPATH\index.php(67): CodeIgniter\CodeIgniter->run()
 5 SYSTEMPATH\Commands\Server\rewrite.php(46): require_once('FCPATH\\index.php')
CRITICAL - 2022-11-18 08:16:23 --> Class "App\Controllers\ProductModel" not found
in APPPATH\Controllers\admin.php on line 10.
 1 SYSTEMPATH\CodeIgniter.php(927): App\Controllers\admin->products()
 2 SYSTEMPATH\CodeIgniter.php(482): CodeIgniter\CodeIgniter->runController(Object(App\Controllers\admin))
 3 SYSTEMPATH\CodeIgniter.php(351): CodeIgniter\CodeIgniter->handleRequest(null, Object(Config\Cache), false)
 4 FCPATH\index.php(67): CodeIgniter\CodeIgniter->run()
 5 SYSTEMPATH\Commands\Server\rewrite.php(46): require_once('FCPATH\\index.php')
CRITICAL - 2022-11-18 08:17:19 --> Undefined variable $products
in APPPATH\Views\Admin\products.php on line 49.
 1 APPPATH\Views\Admin\products.php(49): CodeIgniter\Debug\Exceptions->errorHandler(2, 'Undefined variable $products', 'APPPATH\\Views\\Admin\\products.php', 49)
 2 SYSTEMPATH\View\View.php(213): include('APPPATH\\Views\\Admin\\products.php')
 3 SYSTEMPATH\View\View.php(216): CodeIgniter\View\View->CodeIgniter\View\{closure}()
 4 SYSTEMPATH\Common.php(1134): CodeIgniter\View\View->render('admin/products', [], true)
 5 APPPATH\Controllers\admin.php(15): view('admin/products')
 6 SYSTEMPATH\CodeIgniter.php(927): App\Controllers\admin->products()
 7 SYSTEMPATH\CodeIgniter.php(482): CodeIgniter\CodeIgniter->runController(Object(App\Controllers\admin))
 8 SYSTEMPATH\CodeIgniter.php(351): CodeIgniter\CodeIgniter->handleRequest(null, Object(Config\Cache), false)
 9 FCPATH\index.php(67): CodeIgniter\CodeIgniter->run()
10 SYSTEMPATH\Commands\Server\rewrite.php(46): require_once('FCPATH\\index.php')
CRITICAL - 2022-11-18 08:17:52 --> Undefined variable $products
in APPPATH\Views\Admin\products.php on line 49.
 1 APPPATH\Views\Admin\products.php(49): CodeIgniter\Debug\Exceptions->errorHandler(2, 'Undefined variable $products', 'APPPATH\\Views\\Admin\\products.php', 49)
 2 SYSTEMPATH\View\View.php(213): include('APPPATH\\Views\\Admin\\products.php')
 3 SYSTEMPATH\View\View.php(216): CodeIgniter\View\View->CodeIgniter\View\{closure}()
 4 SYSTEMPATH\Common.php(1134): CodeIgniter\View\View->render('admin/products', [], true)
 5 APPPATH\Controllers\admin.php(15): view('admin/products')
 6 SYSTEMPATH\CodeIgniter.php(927): App\Controllers\admin->products()
 7 SYSTEMPATH\CodeIgniter.php(482): CodeIgniter\CodeIgniter->runController(Object(App\Controllers\admin))
 8 SYSTEMPATH\CodeIgniter.php(351): CodeIgniter\CodeIgniter->handleRequest(null, Object(Config\Cache), false)
 9 FCPATH\index.php(67): CodeIgniter\CodeIgniter->run()
10 SYSTEMPATH\Commands\Server\rewrite.php(46): require_once('FCPATH\\index.php')
CRITICAL - 2022-11-18 08:18:28 --> Undefined variable $products
in APPPATH\Views\Admin\products.php on line 49.
 1 APPPATH\Views\Admin\products.php(49): CodeIgniter\Debug\Exceptions->errorHandler(2, 'Undefined variable $products', 'APPPATH\\Views\\Admin\\products.php', 49)
 2 SYSTEMPATH\View\View.php(213): include('APPPATH\\Views\\Admin\\products.php')
 3 SYSTEMPATH\View\View.php(216): CodeIgniter\View\View->CodeIgniter\View\{closure}()
 4 SYSTEMPATH\Common.php(1134): CodeIgniter\View\View->render('admin/products', [], true)
 5 APPPATH\Controllers\admin.php(15): view('admin/products')
 6 SYSTEMPATH\CodeIgniter.php(927): App\Controllers\admin->products()
 7 SYSTEMPATH\CodeIgniter.php(482): CodeIgniter\CodeIgniter->runController(Object(App\Controllers\admin))
 8 SYSTEMPATH\CodeIgniter.php(351): CodeIgniter\CodeIgniter->handleRequest(null, Object(Config\Cache), false)
 9 FCPATH\index.php(67): CodeIgniter\CodeIgniter->run()
10 SYSTEMPATH\Commands\Server\rewrite.php(46): require_once('FCPATH\\index.php')
CRITICAL - 2022-11-18 09:08:12 --> Undefined array key "image"
in APPPATH\Views\Admin\products.php on line 55.
 1 APPPATH\Views\Admin\products.php(55): CodeIgniter\Debug\Exceptions->errorHandler(2, 'Undefined array key "image"', 'APPPATH\\Views\\Admin\\products.php', 55)
 2 SYSTEMPATH\View\View.php(213): include('APPPATH\\Views\\Admin\\products.php')
 3 SYSTEMPATH\View\View.php(216): CodeIgniter\View\View->CodeIgniter\View\{closure}()
 4 SYSTEMPATH\Common.php(1134): CodeIgniter\View\View->render('admin/products', [], true)
 5 APPPATH\Controllers\admin.php(17): view('admin/products', [...])
 6 SYSTEMPATH\CodeIgniter.php(927): App\Controllers\admin->products()
 7 SYSTEMPATH\CodeIgniter.php(482): CodeIgniter\CodeIgniter->runController(Object(App\Controllers\admin))
 8 SYSTEMPATH\CodeIgniter.php(351): CodeIgniter\CodeIgniter->handleRequest(null, Object(Config\Cache), false)
 9 FCPATH\index.php(67): CodeIgniter\CodeIgniter->run()
10 SYSTEMPATH\Commands\Server\rewrite.php(46): require_once('FCPATH\\index.php')
CRITICAL - 2022-11-18 12:12:22 --> Undefined array key "HTTP REFERER"
in APPPATH\Controllers\admin.php on line 35.
 1 APPPATH\Controllers\admin.php(35): CodeIgniter\Debug\Exceptions->errorHandler(2, 'Undefined array key "HTTP REFERER"', 'APPPATH\\Controllers\\admin.php', 35)
 2 SYSTEMPATH\CodeIgniter.php(927): App\Controllers\admin->saveproduct()
 3 SYSTEMPATH\CodeIgniter.php(482): CodeIgniter\CodeIgniter->runController(Object(App\Controllers\admin))
 4 SYSTEMPATH\CodeIgniter.php(351): CodeIgniter\CodeIgniter->handleRequest(null, Object(Config\Cache), false)
 5 FCPATH\index.php(67): CodeIgniter\CodeIgniter->run()
 6 SYSTEMPATH\Commands\Server\rewrite.php(46): require_once('FCPATH\\index.php')
CRITICAL - 2022-11-18 12:15:03 --> Undefined array key "HTTP REFERRER"
in APPPATH\Controllers\admin.php on line 35.
 1 APPPATH\Controllers\admin.php(35): CodeIgniter\Debug\Exceptions->errorHandler(2, 'Undefined array key "HTTP REFERRER"', 'APPPATH\\Controllers\\admin.php', 35)
 2 SYSTEMPATH\CodeIgniter.php(927): App\Controllers\admin->saveproduct()
 3 SYSTEMPATH\CodeIgniter.php(482): CodeIgniter\CodeIgniter->runController(Object(App\Controllers\admin))
 4 SYSTEMPATH\CodeIgniter.php(351): CodeIgniter\CodeIgniter->handleRequest(null, Object(Config\Cache), false)
 5 FCPATH\index.php(67): CodeIgniter\CodeIgniter->run()
 6 SYSTEMPATH\Commands\Server\rewrite.php(46): require_once('FCPATH\\index.php')
CRITICAL - 2022-11-18 12:34:05 --> Undefined variable $products
in APPPATH\Views\Admin\products.php on line 47.
 1 APPPATH\Views\Admin\products.php(47): CodeIgniter\Debug\Exceptions->errorHandler(2, 'Undefined variable $products', 'APPPATH\\Views\\Admin\\products.php', 47)
 2 SYSTEMPATH\View\View.php(213): include('APPPATH\\Views\\Admin\\products.php')
 3 SYSTEMPATH\View\View.php(216): CodeIgniter\View\View->CodeIgniter\View\{closure}()
 4 SYSTEMPATH\Common.php(1134): CodeIgniter\View\View->render('admin/products', [], true)
 5 APPPATH\Controllers\admin.php(37): view('admin/products')
 6 SYSTEMPATH\CodeIgniter.php(927): App\Controllers\admin->saveproduct()
 7 SYSTEMPATH\CodeIgniter.php(482): CodeIgniter\CodeIgniter->runController(Object(App\Controllers\admin))
 8 SYSTEMPATH\CodeIgniter.php(351): CodeIgniter\CodeIgniter->handleRequest(null, Object(Config\Cache), false)
 9 FCPATH\index.php(67): CodeIgniter\CodeIgniter->run()
10 SYSTEMPATH\Commands\Server\rewrite.php(46): require_once('FCPATH\\index.php')
CRITICAL - 2022-11-18 19:05:10 --> Invalid file: addproducts.php
in SYSTEMPATH\Exceptions\FrameworkException.php on line 33.
 1 SYSTEMPATH\View\View.php(201): CodeIgniter\Exceptions\FrameworkException::forInvalidFile('addproducts.php')
 2 SYSTEMPATH\Common.php(1134): CodeIgniter\View\View->render('addproducts', [], true)
 3 APPPATH\Controllers\admin.php(38): view('addproducts')
 4 SYSTEMPATH\CodeIgniter.php(927): App\Controllers\admin->saveproduct()
 5 SYSTEMPATH\CodeIgniter.php(482): CodeIgniter\CodeIgniter->runController(Object(App\Controllers\admin))
 6 SYSTEMPATH\CodeIgniter.php(351): CodeIgniter\CodeIgniter->handleRequest(null, Object(Config\Cache), false)
 7 FCPATH\index.php(67): CodeIgniter\CodeIgniter->run()
 8 SYSTEMPATH\Commands\Server\rewrite.php(46): require_once('FCPATH\\index.php')
CRITICAL - 2022-11-18 21:14:47 --> syntax error, unexpected end of file
in APPPATH\Views\Homepage\inc\prods.php on line 80.
 1 SYSTEMPATH\View\View.php(216): CodeIgniter\View\View->CodeIgniter\View\{closure}()
 2 SYSTEMPATH\View\View.php(431): CodeIgniter\View\View->render('Homepage/inc/prods', null, true)
 3 APPPATH\Views\Homepage\homepage.php(4): CodeIgniter\View\View->include('Homepage/inc/prods')
 4 SYSTEMPATH\View\View.php(213): include('APPPATH\\Views\\Homepage\\homepage.php')
 5 SYSTEMPATH\View\View.php(216): CodeIgniter\View\View->CodeIgniter\View\{closure}()
 6 SYSTEMPATH\Common.php(1134): CodeIgniter\View\View->render('Homepage/homepage', [], true)
 7 APPPATH\Controllers\home.php(12): view('Homepage/homepage', [...])
 8 SYSTEMPATH\CodeIgniter.php(927): App\Controllers\home->homepage()
 9 SYSTEMPATH\CodeIgniter.php(482): CodeIgniter\CodeIgniter->runController(Object(App\Controllers\home))
10 SYSTEMPATH\CodeIgniter.php(351): CodeIgniter\CodeIgniter->handleRequest(null, Object(Config\Cache), false)
11 FCPATH\index.php(67): CodeIgniter\CodeIgniter->run()
12 SYSTEMPATH\Commands\Server\rewrite.php(46): require_once('FCPATH\\index.php')
CRITICAL - 2022-11-18 21:15:24 --> syntax error, unexpected end of file
in APPPATH\Views\Homepage\inc\prods.php on line 80.
 1 SYSTEMPATH\View\View.php(216): CodeIgniter\View\View->CodeIgniter\View\{closure}()
 2 SYSTEMPATH\View\View.php(431): CodeIgniter\View\View->render('Homepage/inc/prods', null, true)
 3 APPPATH\Views\Homepage\homepage.php(4): CodeIgniter\View\View->include('Homepage/inc/prods')
 4 SYSTEMPATH\View\View.php(213): include('APPPATH\\Views\\Homepage\\homepage.php')
 5 SYSTEMPATH\View\View.php(216): CodeIgniter\View\View->CodeIgniter\View\{closure}()
 6 SYSTEMPATH\Common.php(1134): CodeIgniter\View\View->render('Homepage/homepage', [], true)
 7 APPPATH\Controllers\home.php(12): view('Homepage/homepage', [...])
 8 SYSTEMPATH\CodeIgniter.php(927): App\Controllers\home->homepage()
 9 SYSTEMPATH\CodeIgniter.php(482): CodeIgniter\CodeIgniter->runController(Object(App\Controllers\home))
10 SYSTEMPATH\CodeIgniter.php(351): CodeIgniter\CodeIgniter->handleRequest(null, Object(Config\Cache), false)
11 FCPATH\index.php(67): CodeIgniter\CodeIgniter->run()
12 SYSTEMPATH\Commands\Server\rewrite.php(46): require_once('FCPATH\\index.php')
CRITICAL - 2022-11-18 21:16:44 --> syntax error, unexpected end of file
in APPPATH\Views\Homepage\inc\prods.php on line 80.
 1 SYSTEMPATH\View\View.php(216): CodeIgniter\View\View->CodeIgniter\View\{closure}()
 2 SYSTEMPATH\View\View.php(431): CodeIgniter\View\View->render('Homepage/inc/prods', null, true)
 3 APPPATH\Views\Homepage\homepage.php(4): CodeIgniter\View\View->include('Homepage/inc/prods')
 4 SYSTEMPATH\View\View.php(213): include('APPPATH\\Views\\Homepage\\homepage.php')
 5 SYSTEMPATH\View\View.php(216): CodeIgniter\View\View->CodeIgniter\View\{closure}()
 6 SYSTEMPATH\Common.php(1134): CodeIgniter\View\View->render('Homepage/homepage', [], true)
 7 APPPATH\Controllers\home.php(12): view('Homepage/homepage', [...])
 8 SYSTEMPATH\CodeIgniter.php(927): App\Controllers\home->homepage()
 9 SYSTEMPATH\CodeIgniter.php(482): CodeIgniter\CodeIgniter->runController(Object(App\Controllers\home))
10 SYSTEMPATH\CodeIgniter.php(351): CodeIgniter\CodeIgniter->handleRequest(null, Object(Config\Cache), false)
11 FCPATH\index.php(67): CodeIgniter\CodeIgniter->run()
12 SYSTEMPATH\Commands\Server\rewrite.php(46): require_once('FCPATH\\index.php')
CRITICAL - 2022-11-18 21:16:54 --> syntax error, unexpected end of file
in APPPATH\Views\Homepage\inc\prods.php on line 80.
 1 SYSTEMPATH\View\View.php(216): CodeIgniter\View\View->CodeIgniter\View\{closure}()
 2 SYSTEMPATH\View\View.php(431): CodeIgniter\View\View->render('Homepage/inc/prods', null, true)
 3 APPPATH\Views\Homepage\homepage.php(4): CodeIgniter\View\View->include('Homepage/inc/prods')
 4 SYSTEMPATH\View\View.php(213): include('APPPATH\\Views\\Homepage\\homepage.php')
 5 SYSTEMPATH\View\View.php(216): CodeIgniter\View\View->CodeIgniter\View\{closure}()
 6 SYSTEMPATH\Common.php(1134): CodeIgniter\View\View->render('Homepage/homepage', [], true)
 7 APPPATH\Controllers\home.php(12): view('Homepage/homepage', [...])
 8 SYSTEMPATH\CodeIgniter.php(927): App\Controllers\home->homepage()
 9 SYSTEMPATH\CodeIgniter.php(482): CodeIgniter\CodeIgniter->runController(Object(App\Controllers\home))
10 SYSTEMPATH\CodeIgniter.php(351): CodeIgniter\CodeIgniter->handleRequest(null, Object(Config\Cache), false)
11 FCPATH\index.php(67): CodeIgniter\CodeIgniter->run()
12 SYSTEMPATH\Commands\Server\rewrite.php(46): require_once('FCPATH\\index.php')
CRITICAL - 2022-11-18 21:17:37 --> syntax error, unexpected end of file
in APPPATH\Views\Homepage\inc\prods.php on line 80.
 1 SYSTEMPATH\View\View.php(216): CodeIgniter\View\View->CodeIgniter\View\{closure}()
 2 SYSTEMPATH\View\View.php(431): CodeIgniter\View\View->render('Homepage/inc/prods', null, true)
 3 APPPATH\Views\Homepage\homepage.php(4): CodeIgniter\View\View->include('Homepage/inc/prods')
 4 SYSTEMPATH\View\View.php(213): include('APPPATH\\Views\\Homepage\\homepage.php')
 5 SYSTEMPATH\View\View.php(216): CodeIgniter\View\View->CodeIgniter\View\{closure}()
 6 SYSTEMPATH\Common.php(1134): CodeIgniter\View\View->render('Homepage/homepage', [], true)
 7 APPPATH\Controllers\home.php(12): view('Homepage/homepage', [...])
 8 SYSTEMPATH\CodeIgniter.php(927): App\Controllers\home->homepage()
 9 SYSTEMPATH\CodeIgniter.php(482): CodeIgniter\CodeIgniter->runController(Object(App\Controllers\home))
10 SYSTEMPATH\CodeIgniter.php(351): CodeIgniter\CodeIgniter->handleRequest(null, Object(Config\Cache), false)
11 FCPATH\index.php(67): CodeIgniter\CodeIgniter->run()
12 SYSTEMPATH\Commands\Server\rewrite.php(46): require_once('FCPATH\\index.php')
CRITICAL - 2022-11-18 21:18:04 --> syntax error, unexpected end of file
in APPPATH\Views\Homepage\inc\prods.php on line 80.
 1 SYSTEMPATH\View\View.php(216): CodeIgniter\View\View->CodeIgniter\View\{closure}()
 2 SYSTEMPATH\View\View.php(431): CodeIgniter\View\View->render('Homepage/inc/prods', null, true)
 3 APPPATH\Views\Homepage\homepage.php(4): CodeIgniter\View\View->include('Homepage/inc/prods')
 4 SYSTEMPATH\View\View.php(213): include('APPPATH\\Views\\Homepage\\homepage.php')
 5 SYSTEMPATH\View\View.php(216): CodeIgniter\View\View->CodeIgniter\View\{closure}()
 6 SYSTEMPATH\Common.php(1134): CodeIgniter\View\View->render('Homepage/homepage', [], true)
 7 APPPATH\Controllers\home.php(12): view('Homepage/homepage', [...])
 8 SYSTEMPATH\CodeIgniter.php(927): App\Controllers\home->homepage()
 9 SYSTEMPATH\CodeIgniter.php(482): CodeIgniter\CodeIgniter->runController(Object(App\Controllers\home))
10 SYSTEMPATH\CodeIgniter.php(351): CodeIgniter\CodeIgniter->handleRequest(null, Object(Config\Cache), false)
11 FCPATH\index.php(67): CodeIgniter\CodeIgniter->run()
12 SYSTEMPATH\Commands\Server\rewrite.php(46): require_once('FCPATH\\index.php')
CRITICAL - 2022-11-18 21:18:32 --> syntax error, unexpected end of file
in APPPATH\Views\Homepage\inc\prods.php on line 80.
 1 SYSTEMPATH\View\View.php(216): CodeIgniter\View\View->CodeIgniter\View\{closure}()
 2 SYSTEMPATH\View\View.php(431): CodeIgniter\View\View->render('Homepage/inc/prods', null, true)
 3 APPPATH\Views\Homepage\homepage.php(4): CodeIgniter\View\View->include('Homepage/inc/prods')
 4 SYSTEMPATH\View\View.php(213): include('APPPATH\\Views\\Homepage\\homepage.php')
 5 SYSTEMPATH\View\View.php(216): CodeIgniter\View\View->CodeIgniter\View\{closure}()
 6 SYSTEMPATH\Common.php(1134): CodeIgniter\View\View->render('Homepage/homepage', [], true)
 7 APPPATH\Controllers\home.php(12): view('Homepage/homepage', [...])
 8 SYSTEMPATH\CodeIgniter.php(927): App\Controllers\home->homepage()
 9 SYSTEMPATH\CodeIgniter.php(482): CodeIgniter\CodeIgniter->runController(Object(App\Controllers\home))
10 SYSTEMPATH\CodeIgniter.php(351): CodeIgniter\CodeIgniter->handleRequest(null, Object(Config\Cache), false)
11 FCPATH\index.php(67): CodeIgniter\CodeIgniter->run()
12 SYSTEMPATH\Commands\Server\rewrite.php(46): require_once('FCPATH\\index.php')
CRITICAL - 2022-11-18 21:18:38 --> syntax error, unexpected end of file
in APPPATH\Views\Homepage\inc\prods.php on line 80.
 1 SYSTEMPATH\View\View.php(216): CodeIgniter\View\View->CodeIgniter\View\{closure}()
 2 SYSTEMPATH\View\View.php(431): CodeIgniter\View\View->render('Homepage/inc/prods', null, true)
 3 APPPATH\Views\Homepage\homepage.php(4): CodeIgniter\View\View->include('Homepage/inc/prods')
 4 SYSTEMPATH\View\View.php(213): include('APPPATH\\Views\\Homepage\\homepage.php')
 5 SYSTEMPATH\View\View.php(216): CodeIgniter\View\View->CodeIgniter\View\{closure}()
 6 SYSTEMPATH\Common.php(1134): CodeIgniter\View\View->render('Homepage/homepage', [], true)
 7 APPPATH\Controllers\home.php(12): view('Homepage/homepage', [...])
 8 SYSTEMPATH\CodeIgniter.php(927): App\Controllers\home->homepage()
 9 SYSTEMPATH\CodeIgniter.php(482): CodeIgniter\CodeIgniter->runController(Object(App\Controllers\home))
10 SYSTEMPATH\CodeIgniter.php(351): CodeIgniter\CodeIgniter->handleRequest(null, Object(Config\Cache), false)
11 FCPATH\index.php(67): CodeIgniter\CodeIgniter->run()
12 SYSTEMPATH\Commands\Server\rewrite.php(46): require_once('FCPATH\\index.php')
CRITICAL - 2022-11-18 21:19:06 --> syntax error, unexpected end of file
in APPPATH\Views\Homepage\inc\prods.php on line 80.
 1 SYSTEMPATH\View\View.php(216): CodeIgniter\View\View->CodeIgniter\View\{closure}()
 2 SYSTEMPATH\View\View.php(431): CodeIgniter\View\View->render('Homepage/inc/prods', null, true)
 3 APPPATH\Views\Homepage\homepage.php(4): CodeIgniter\View\View->include('Homepage/inc/prods')
 4 SYSTEMPATH\View\View.php(213): include('APPPATH\\Views\\Homepage\\homepage.php')
 5 SYSTEMPATH\View\View.php(216): CodeIgniter\View\View->CodeIgniter\View\{closure}()
 6 SYSTEMPATH\Common.php(1134): CodeIgniter\View\View->render('Homepage/homepage', [], true)
 7 APPPATH\Controllers\home.php(12): view('Homepage/homepage', [...])
 8 SYSTEMPATH\CodeIgniter.php(927): App\Controllers\home->homepage()
 9 SYSTEMPATH\CodeIgniter.php(482): CodeIgniter\CodeIgniter->runController(Object(App\Controllers\home))
10 SYSTEMPATH\CodeIgniter.php(351): CodeIgniter\CodeIgniter->handleRequest(null, Object(Config\Cache), false)
11 FCPATH\index.php(67): CodeIgniter\CodeIgniter->run()
12 SYSTEMPATH\Commands\Server\rewrite.php(46): require_once('FCPATH\\index.php')
CRITICAL - 2022-11-18 21:20:17 --> syntax error, unexpected end of file
in APPPATH\Views\Homepage\inc\prods.php on line 80.
 1 SYSTEMPATH\View\View.php(216): CodeIgniter\View\View->CodeIgniter\View\{closure}()
 2 SYSTEMPATH\View\View.php(431): CodeIgniter\View\View->render('Homepage/inc/prods', null, true)
 3 APPPATH\Views\Homepage\homepage.php(4): CodeIgniter\View\View->include('Homepage/inc/prods')
 4 SYSTEMPATH\View\View.php(213): include('APPPATH\\Views\\Homepage\\homepage.php')
 5 SYSTEMPATH\View\View.php(216): CodeIgniter\View\View->CodeIgniter\View\{closure}()
 6 SYSTEMPATH\Common.php(1134): CodeIgniter\View\View->render('Homepage/homepage', [], true)
 7 APPPATH\Controllers\home.php(12): view('Homepage/homepage', [...])
 8 SYSTEMPATH\CodeIgniter.php(927): App\Controllers\home->homepage()
 9 SYSTEMPATH\CodeIgniter.php(482): CodeIgniter\CodeIgniter->runController(Object(App\Controllers\home))
10 SYSTEMPATH\CodeIgniter.php(351): CodeIgniter\CodeIgniter->handleRequest(null, Object(Config\Cache), false)
11 FCPATH\index.php(67): CodeIgniter\CodeIgniter->run()
12 SYSTEMPATH\Commands\Server\rewrite.php(46): require_once('FCPATH\\index.php')
CRITICAL - 2022-11-18 21:20:37 --> syntax error, unexpected end of file
in APPPATH\Views\Homepage\inc\prods.php on line 80.
 1 SYSTEMPATH\View\View.php(216): CodeIgniter\View\View->CodeIgniter\View\{closure}()
 2 SYSTEMPATH\View\View.php(431): CodeIgniter\View\View->render('Homepage/inc/prods', null, true)
 3 APPPATH\Views\Homepage\homepage.php(4): CodeIgniter\View\View->include('Homepage/inc/prods')
 4 SYSTEMPATH\View\View.php(213): include('APPPATH\\Views\\Homepage\\homepage.php')
 5 SYSTEMPATH\View\View.php(216): CodeIgniter\View\View->CodeIgniter\View\{closure}()
 6 SYSTEMPATH\Common.php(1134): CodeIgniter\View\View->render('Homepage/homepage', [], true)
 7 APPPATH\Controllers\home.php(12): view('Homepage/homepage', [...])
 8 SYSTEMPATH\CodeIgniter.php(927): App\Controllers\home->homepage()
 9 SYSTEMPATH\CodeIgniter.php(482): CodeIgniter\CodeIgniter->runController(Object(App\Controllers\home))
10 SYSTEMPATH\CodeIgniter.php(351): CodeIgniter\CodeIgniter->handleRequest(null, Object(Config\Cache), false)
11 FCPATH\index.php(67): CodeIgniter\CodeIgniter->run()
12 SYSTEMPATH\Commands\Server\rewrite.php(46): require_once('FCPATH\\index.php')
CRITICAL - 2022-11-18 21:20:38 --> syntax error, unexpected end of file
in APPPATH\Views\Homepage\inc\prods.php on line 80.
 1 SYSTEMPATH\View\View.php(216): CodeIgniter\View\View->CodeIgniter\View\{closure}()
 2 SYSTEMPATH\View\View.php(431): CodeIgniter\View\View->render('Homepage/inc/prods', null, true)
 3 APPPATH\Views\Homepage\homepage.php(4): CodeIgniter\View\View->include('Homepage/inc/prods')
 4 SYSTEMPATH\View\View.php(213): include('APPPATH\\Views\\Homepage\\homepage.php')
 5 SYSTEMPATH\View\View.php(216): CodeIgniter\View\View->CodeIgniter\View\{closure}()
 6 SYSTEMPATH\Common.php(1134): CodeIgniter\View\View->render('Homepage/homepage', [], true)
 7 APPPATH\Controllers\home.php(12): view('Homepage/homepage', [...])
 8 SYSTEMPATH\CodeIgniter.php(927): App\Controllers\home->homepage()
 9 SYSTEMPATH\CodeIgniter.php(482): CodeIgniter\CodeIgniter->runController(Object(App\Controllers\home))
10 SYSTEMPATH\CodeIgniter.php(351): CodeIgniter\CodeIgniter->handleRequest(null, Object(Config\Cache), false)
11 FCPATH\index.php(67): CodeIgniter\CodeIgniter->run()
12 SYSTEMPATH\Commands\Server\rewrite.php(46): require_once('FCPATH\\index.php')
CRITICAL - 2022-11-18 21:20:39 --> syntax error, unexpected end of file
in APPPATH\Views\Homepage\inc\prods.php on line 80.
 1 SYSTEMPATH\View\View.php(216): CodeIgniter\View\View->CodeIgniter\View\{closure}()
 2 SYSTEMPATH\View\View.php(431): CodeIgniter\View\View->render('Homepage/inc/prods', null, true)
 3 APPPATH\Views\Homepage\homepage.php(4): CodeIgniter\View\View->include('Homepage/inc/prods')
 4 SYSTEMPATH\View\View.php(213): include('APPPATH\\Views\\Homepage\\homepage.php')
 5 SYSTEMPATH\View\View.php(216): CodeIgniter\View\View->CodeIgniter\View\{closure}()
 6 SYSTEMPATH\Common.php(1134): CodeIgniter\View\View->render('Homepage/homepage', [], true)
 7 APPPATH\Controllers\home.php(12): view('Homepage/homepage', [...])
 8 SYSTEMPATH\CodeIgniter.php(927): App\Controllers\home->homepage()
 9 SYSTEMPATH\CodeIgniter.php(482): CodeIgniter\CodeIgniter->runController(Object(App\Controllers\home))
10 SYSTEMPATH\CodeIgniter.php(351): CodeIgniter\CodeIgniter->handleRequest(null, Object(Config\Cache), false)
11 FCPATH\index.php(67): CodeIgniter\CodeIgniter->run()
12 SYSTEMPATH\Commands\Server\rewrite.php(46): require_once('FCPATH\\index.php')
CRITICAL - 2022-11-18 21:20:40 --> syntax error, unexpected end of file
in APPPATH\Views\Homepage\inc\prods.php on line 80.
 1 SYSTEMPATH\View\View.php(216): CodeIgniter\View\View->CodeIgniter\View\{closure}()
 2 SYSTEMPATH\View\View.php(431): CodeIgniter\View\View->render('Homepage/inc/prods', null, true)
 3 APPPATH\Views\Homepage\homepage.php(4): CodeIgniter\View\View->include('Homepage/inc/prods')
 4 SYSTEMPATH\View\View.php(213): include('APPPATH\\Views\\Homepage\\homepage.php')
 5 SYSTEMPATH\View\View.php(216): CodeIgniter\View\View->CodeIgniter\View\{closure}()
 6 SYSTEMPATH\Common.php(1134): CodeIgniter\View\View->render('Homepage/homepage', [], true)
 7 APPPATH\Controllers\home.php(12): view('Homepage/homepage', [...])
 8 SYSTEMPATH\CodeIgniter.php(927): App\Controllers\home->homepage()
 9 SYSTEMPATH\CodeIgniter.php(482): CodeIgniter\CodeIgniter->runController(Object(App\Controllers\home))
10 SYSTEMPATH\CodeIgniter.php(351): CodeIgniter\CodeIgniter->handleRequest(null, Object(Config\Cache), false)
11 FCPATH\index.php(67): CodeIgniter\CodeIgniter->run()
12 SYSTEMPATH\Commands\Server\rewrite.php(46): require_once('FCPATH\\index.php')
CRITICAL - 2022-11-18 21:20:40 --> syntax error, unexpected end of file
in APPPATH\Views\Homepage\inc\prods.php on line 80.
 1 SYSTEMPATH\View\View.php(216): CodeIgniter\View\View->CodeIgniter\View\{closure}()
 2 SYSTEMPATH\View\View.php(431): CodeIgniter\View\View->render('Homepage/inc/prods', null, true)
 3 APPPATH\Views\Homepage\homepage.php(4): CodeIgniter\View\View->include('Homepage/inc/prods')
 4 SYSTEMPATH\View\View.php(213): include('APPPATH\\Views\\Homepage\\homepage.php')
 5 SYSTEMPATH\View\View.php(216): CodeIgniter\View\View->CodeIgniter\View\{closure}()
 6 SYSTEMPATH\Common.php(1134): CodeIgniter\View\View->render('Homepage/homepage', [], true)
 7 APPPATH\Controllers\home.php(12): view('Homepage/homepage', [...])
 8 SYSTEMPATH\CodeIgniter.php(927): App\Controllers\home->homepage()
 9 SYSTEMPATH\CodeIgniter.php(482): CodeIgniter\CodeIgniter->runController(Object(App\Controllers\home))
10 SYSTEMPATH\CodeIgniter.php(351): CodeIgniter\CodeIgniter->handleRequest(null, Object(Config\Cache), false)
11 FCPATH\index.php(67): CodeIgniter\CodeIgniter->run()
12 SYSTEMPATH\Commands\Server\rewrite.php(46): require_once('FCPATH\\index.php')
CRITICAL - 2022-11-18 21:23:12 --> syntax error, unexpected end of file
in APPPATH\Views\Homepage\inc\prods.php on line 80.
 1 SYSTEMPATH\View\View.php(216): CodeIgniter\View\View->CodeIgniter\View\{closure}()
 2 SYSTEMPATH\View\View.php(431): CodeIgniter\View\View->render('Homepage/inc/prods', null, true)
 3 APPPATH\Views\Homepage\homepage.php(4): CodeIgniter\View\View->include('Homepage/inc/prods')
 4 SYSTEMPATH\View\View.php(213): include('APPPATH\\Views\\Homepage\\homepage.php')
 5 SYSTEMPATH\View\View.php(216): CodeIgniter\View\View->CodeIgniter\View\{closure}()
 6 SYSTEMPATH\Common.php(1134): CodeIgniter\View\View->render('Homepage/homepage', [], true)
 7 APPPATH\Controllers\home.php(12): view('Homepage/homepage', [...])
 8 SYSTEMPATH\CodeIgniter.php(927): App\Controllers\home->homepage()
 9 SYSTEMPATH\CodeIgniter.php(482): CodeIgniter\CodeIgniter->runController(Object(App\Controllers\home))
10 SYSTEMPATH\CodeIgniter.php(351): CodeIgniter\CodeIgniter->handleRequest(null, Object(Config\Cache), false)
11 FCPATH\index.php(67): CodeIgniter\CodeIgniter->run()
12 SYSTEMPATH\Commands\Server\rewrite.php(46): require_once('FCPATH\\index.php')
CRITICAL - 2022-11-18 21:25:19 --> syntax error, unexpected end of file
in APPPATH\Views\Homepage\inc\prods.php on line 81.
 1 SYSTEMPATH\View\View.php(216): CodeIgniter\View\View->CodeIgniter\View\{closure}()
 2 SYSTEMPATH\View\View.php(431): CodeIgniter\View\View->render('Homepage/inc/prods', null, true)
 3 APPPATH\Views\Homepage\homepage.php(4): CodeIgniter\View\View->include('Homepage/inc/prods')
 4 SYSTEMPATH\View\View.php(213): include('APPPATH\\Views\\Homepage\\homepage.php')
 5 SYSTEMPATH\View\View.php(216): CodeIgniter\View\View->CodeIgniter\View\{closure}()
 6 SYSTEMPATH\Common.php(1134): CodeIgniter\View\View->render('Homepage/homepage', [], true)
 7 APPPATH\Controllers\home.php(12): view('Homepage/homepage', [...])
 8 SYSTEMPATH\CodeIgniter.php(927): App\Controllers\home->homepage()
 9 SYSTEMPATH\CodeIgniter.php(482): CodeIgniter\CodeIgniter->runController(Object(App\Controllers\home))
10 SYSTEMPATH\CodeIgniter.php(351): CodeIgniter\CodeIgniter->handleRequest(null, Object(Config\Cache), false)
11 FCPATH\index.php(67): CodeIgniter\CodeIgniter->run()
12 SYSTEMPATH\Commands\Server\rewrite.php(46): require_once('FCPATH\\index.php')
