CRITICAL - 2022-12-08 05:58:22 --> Undefined constant "CodeIgniter\Debug\VENDORPATH"
in SYSTEMPATH\Debug\Exceptions.php on line 177.
 1 SYSTEMPATH\Debug\Exceptions.php(157): CodeIgniter\Debug\Exceptions->isFakerDeprecationError(8192, 'number_format(): Passing null to parameter #1 ($num) of type float is deprecated', 'APPPATH\\Views\\Homepage\\inc\\cart\\itemcart.php', 48)
 2 [internal function]: CodeIgniter\Debug\Exceptions->errorHandler(8192, 'number_format(): Passing null to parameter #1 ($num) of type float is deprecated', 'APPPATH\\Views\\Homepage\\inc\\cart\\itemcart.php', 48)
 3 APPPATH\Views\Homepage\inc\cart\itemcart.php(48): number_format(null, 2)
 4 SYSTEMPATH\View\View.php(213): include('APPPATH\\Views\\Homepage\\inc\\cart\\itemcart.php')
 5 SYSTEMPATH\View\View.php(216): CodeIgniter\View\View->CodeIgniter\View\{closure}()
 6 SYSTEMPATH\View\View.php(431): CodeIgniter\View\View->render('Homepage/inc/cart/itemcart', null, true)
 7 APPPATH\Views\Homepage\cart.php(3): CodeIgniter\View\View->include('Homepage/inc/cart/itemcart')
 8 SYSTEMPATH\View\View.php(213): include('APPPATH\\Views\\Homepage\\cart.php')
 9 SYSTEMPATH\View\View.php(216): CodeIgniter\View\View->CodeIgniter\View\{closure}()
10 SYSTEMPATH\Common.php(1134): CodeIgniter\View\View->render('Homepage/cart', [], true)
11 APPPATH\Controllers\home.php(57): view('Homepage/cart', [...])
12 SYSTEMPATH\CodeIgniter.php(927): App\Controllers\home->cart()
13 SYSTEMPATH\CodeIgniter.php(482): CodeIgniter\CodeIgniter->runController(Object(App\Controllers\home))
14 SYSTEMPATH\CodeIgniter.php(351): CodeIgniter\CodeIgniter->handleRequest(null, Object(Config\Cache), false)
15 FCPATH\index.php(67): CodeIgniter\CodeIgniter->run()
16 SYSTEMPATH\Commands\Server\rewrite.php(46): require_once('FCPATH\\index.php')
CRITICAL - 2022-12-08 06:00:50 --> Trying to access array offset on value of type null
in APPPATH\Controllers\home.php on line 78.
 1 APPPATH\Controllers\home.php(78): CodeIgniter\Debug\Exceptions->errorHandler(2, 'Trying to access array offset on value of type null', 'APPPATH\\Controllers\\home.php', 78)
 2 SYSTEMPATH\CodeIgniter.php(927): App\Controllers\home->single_product('FCPATH\\assets', 'img', 'products', 'product-img-1.jpg')
 3 SYSTEMPATH\CodeIgniter.php(482): CodeIgniter\CodeIgniter->runController(Object(App\Controllers\home))
 4 SYSTEMPATH\CodeIgniter.php(351): CodeIgniter\CodeIgniter->handleRequest(null, Object(Config\Cache), false)
 5 FCPATH\index.php(67): CodeIgniter\CodeIgniter->run()
 6 SYSTEMPATH\Commands\Server\rewrite.php(46): require_once('FCPATH\\index.php')
CRITICAL - 2022-12-08 06:00:50 --> Trying to access array offset on value of type null
in APPPATH\Controllers\home.php on line 78.
 1 APPPATH\Controllers\home.php(78): CodeIgniter\Debug\Exceptions->errorHandler(2, 'Trying to access array offset on value of type null', 'APPPATH\\Controllers\\home.php', 78)
 2 SYSTEMPATH\CodeIgniter.php(927): App\Controllers\home->single_product('FCPATH\\assets', 'img', 'products', 'product-img-3.jpg')
 3 SYSTEMPATH\CodeIgniter.php(482): CodeIgniter\CodeIgniter->runController(Object(App\Controllers\home))
 4 SYSTEMPATH\CodeIgniter.php(351): CodeIgniter\CodeIgniter->handleRequest(null, Object(Config\Cache), false)
 5 FCPATH\index.php(67): CodeIgniter\CodeIgniter->run()
 6 SYSTEMPATH\Commands\Server\rewrite.php(46): require_once('FCPATH\\index.php')
CRITICAL - 2022-12-08 06:00:51 --> Trying to access array offset on value of type null
in APPPATH\Controllers\home.php on line 78.
 1 APPPATH\Controllers\home.php(78): CodeIgniter\Debug\Exceptions->errorHandler(2, 'Trying to access array offset on value of type null', 'APPPATH\\Controllers\\home.php', 78)
 2 SYSTEMPATH\CodeIgniter.php(927): App\Controllers\home->single_product('FCPATH\\assets', 'img', 'products', 'product-img-2.jpg')
 3 SYSTEMPATH\CodeIgniter.php(482): CodeIgniter\CodeIgniter->runController(Object(App\Controllers\home))
 4 SYSTEMPATH\CodeIgniter.php(351): CodeIgniter\CodeIgniter->handleRequest(null, Object(Config\Cache), false)
 5 FCPATH\index.php(67): CodeIgniter\CodeIgniter->run()
 6 SYSTEMPATH\Commands\Server\rewrite.php(46): require_once('FCPATH\\index.php')
CRITICAL - 2022-12-08 06:00:51 --> Trying to access array offset on value of type null
in APPPATH\Controllers\home.php on line 78.
 1 APPPATH\Controllers\home.php(78): CodeIgniter\Debug\Exceptions->errorHandler(2, 'Trying to access array offset on value of type null', 'APPPATH\\Controllers\\home.php', 78)
 2 SYSTEMPATH\CodeIgniter.php(927): App\Controllers\home->single_product('FCPATH\\assets', 'img', 'favicon.png')
 3 SYSTEMPATH\CodeIgniter.php(482): CodeIgniter\CodeIgniter->runController(Object(App\Controllers\home))
 4 SYSTEMPATH\CodeIgniter.php(351): CodeIgniter\CodeIgniter->handleRequest(null, Object(Config\Cache), false)
 5 FCPATH\index.php(67): CodeIgniter\CodeIgniter->run()
 6 SYSTEMPATH\Commands\Server\rewrite.php(46): require_once('FCPATH\\index.php')
CRITICAL - 2022-12-08 06:01:39 --> Undefined constant "CodeIgniter\Debug\VENDORPATH"
in SYSTEMPATH\Debug\Exceptions.php on line 177.
 1 SYSTEMPATH\Debug\Exceptions.php(157): CodeIgniter\Debug\Exceptions->isFakerDeprecationError(8192, 'number_format(): Passing null to parameter #1 ($num) of type float is deprecated', 'APPPATH\\Views\\Homepage\\inc\\cart\\itemcart.php', 48)
 2 [internal function]: CodeIgniter\Debug\Exceptions->errorHandler(8192, 'number_format(): Passing null to parameter #1 ($num) of type float is deprecated', 'APPPATH\\Views\\Homepage\\inc\\cart\\itemcart.php', 48)
 3 APPPATH\Views\Homepage\inc\cart\itemcart.php(48): number_format(null, 2)
 4 SYSTEMPATH\View\View.php(213): include('APPPATH\\Views\\Homepage\\inc\\cart\\itemcart.php')
 5 SYSTEMPATH\View\View.php(216): CodeIgniter\View\View->CodeIgniter\View\{closure}()
 6 SYSTEMPATH\View\View.php(431): CodeIgniter\View\View->render('Homepage/inc/cart/itemcart', null, true)
 7 APPPATH\Views\Homepage\cart.php(3): CodeIgniter\View\View->include('Homepage/inc/cart/itemcart')
 8 SYSTEMPATH\View\View.php(213): include('APPPATH\\Views\\Homepage\\cart.php')
 9 SYSTEMPATH\View\View.php(216): CodeIgniter\View\View->CodeIgniter\View\{closure}()
10 SYSTEMPATH\Common.php(1134): CodeIgniter\View\View->render('Homepage/cart', [], true)
11 APPPATH\Controllers\home.php(57): view('Homepage/cart', [...])
12 SYSTEMPATH\CodeIgniter.php(927): App\Controllers\home->cart()
13 SYSTEMPATH\CodeIgniter.php(482): CodeIgniter\CodeIgniter->runController(Object(App\Controllers\home))
14 SYSTEMPATH\CodeIgniter.php(351): CodeIgniter\CodeIgniter->handleRequest(null, Object(Config\Cache), false)
15 FCPATH\index.php(67): CodeIgniter\CodeIgniter->run()
16 SYSTEMPATH\Commands\Server\rewrite.php(46): require_once('FCPATH\\index.php')
CRITICAL - 2022-12-08 06:01:48 --> Undefined constant "CodeIgniter\Debug\VENDORPATH"
in SYSTEMPATH\Debug\Exceptions.php on line 177.
 1 SYSTEMPATH\Debug\Exceptions.php(157): CodeIgniter\Debug\Exceptions->isFakerDeprecationError(8192, 'number_format(): Passing null to parameter #1 ($num) of type float is deprecated', 'APPPATH\\Views\\Homepage\\inc\\cart\\itemcart.php', 48)
 2 [internal function]: CodeIgniter\Debug\Exceptions->errorHandler(8192, 'number_format(): Passing null to parameter #1 ($num) of type float is deprecated', 'APPPATH\\Views\\Homepage\\inc\\cart\\itemcart.php', 48)
 3 APPPATH\Views\Homepage\inc\cart\itemcart.php(48): number_format(null, 2)
 4 SYSTEMPATH\View\View.php(213): include('APPPATH\\Views\\Homepage\\inc\\cart\\itemcart.php')
 5 SYSTEMPATH\View\View.php(216): CodeIgniter\View\View->CodeIgniter\View\{closure}()
 6 SYSTEMPATH\View\View.php(431): CodeIgniter\View\View->render('Homepage/inc/cart/itemcart', null, true)
 7 APPPATH\Views\Homepage\cart.php(3): CodeIgniter\View\View->include('Homepage/inc/cart/itemcart')
 8 SYSTEMPATH\View\View.php(213): include('APPPATH\\Views\\Homepage\\cart.php')
 9 SYSTEMPATH\View\View.php(216): CodeIgniter\View\View->CodeIgniter\View\{closure}()
10 SYSTEMPATH\Common.php(1134): CodeIgniter\View\View->render('Homepage/cart', [], true)
11 APPPATH\Controllers\home.php(57): view('Homepage/cart', [...])
12 SYSTEMPATH\CodeIgniter.php(927): App\Controllers\home->cart()
13 SYSTEMPATH\CodeIgniter.php(482): CodeIgniter\CodeIgniter->runController(Object(App\Controllers\home))
14 SYSTEMPATH\CodeIgniter.php(351): CodeIgniter\CodeIgniter->handleRequest(null, Object(Config\Cache), false)
15 FCPATH\index.php(67): CodeIgniter\CodeIgniter->run()
16 SYSTEMPATH\Commands\Server\rewrite.php(46): require_once('FCPATH\\index.php')
CRITICAL - 2022-12-08 06:01:50 --> Trying to access array offset on value of type null
in APPPATH\Controllers\home.php on line 78.
 1 APPPATH\Controllers\home.php(78): CodeIgniter\Debug\Exceptions->errorHandler(2, 'Trying to access array offset on value of type null', 'APPPATH\\Controllers\\home.php', 78)
 2 SYSTEMPATH\CodeIgniter.php(927): App\Controllers\home->single_product('FCPATH\\assets', 'img', 'products', 'product-img-1.jpg')
 3 SYSTEMPATH\CodeIgniter.php(482): CodeIgniter\CodeIgniter->runController(Object(App\Controllers\home))
 4 SYSTEMPATH\CodeIgniter.php(351): CodeIgniter\CodeIgniter->handleRequest(null, Object(Config\Cache), false)
 5 FCPATH\index.php(67): CodeIgniter\CodeIgniter->run()
 6 SYSTEMPATH\Commands\Server\rewrite.php(46): require_once('FCPATH\\index.php')
CRITICAL - 2022-12-08 06:01:50 --> Trying to access array offset on value of type null
in APPPATH\Controllers\home.php on line 78.
 1 APPPATH\Controllers\home.php(78): CodeIgniter\Debug\Exceptions->errorHandler(2, 'Trying to access array offset on value of type null', 'APPPATH\\Controllers\\home.php', 78)
 2 SYSTEMPATH\CodeIgniter.php(927): App\Controllers\home->single_product('FCPATH\\assets', 'img', 'products', 'product-img-2.jpg')
 3 SYSTEMPATH\CodeIgniter.php(482): CodeIgniter\CodeIgniter->runController(Object(App\Controllers\home))
 4 SYSTEMPATH\CodeIgniter.php(351): CodeIgniter\CodeIgniter->handleRequest(null, Object(Config\Cache), false)
 5 FCPATH\index.php(67): CodeIgniter\CodeIgniter->run()
 6 SYSTEMPATH\Commands\Server\rewrite.php(46): require_once('FCPATH\\index.php')
CRITICAL - 2022-12-08 06:01:51 --> Trying to access array offset on value of type null
in APPPATH\Controllers\home.php on line 78.
 1 APPPATH\Controllers\home.php(78): CodeIgniter\Debug\Exceptions->errorHandler(2, 'Trying to access array offset on value of type null', 'APPPATH\\Controllers\\home.php', 78)
 2 SYSTEMPATH\CodeIgniter.php(927): App\Controllers\home->single_product('FCPATH\\assets', 'img', 'products', 'product-img-3.jpg')
 3 SYSTEMPATH\CodeIgniter.php(482): CodeIgniter\CodeIgniter->runController(Object(App\Controllers\home))
 4 SYSTEMPATH\CodeIgniter.php(351): CodeIgniter\CodeIgniter->handleRequest(null, Object(Config\Cache), false)
 5 FCPATH\index.php(67): CodeIgniter\CodeIgniter->run()
 6 SYSTEMPATH\Commands\Server\rewrite.php(46): require_once('FCPATH\\index.php')
CRITICAL - 2022-12-08 06:01:51 --> Trying to access array offset on value of type null
in APPPATH\Controllers\home.php on line 78.
 1 APPPATH\Controllers\home.php(78): CodeIgniter\Debug\Exceptions->errorHandler(2, 'Trying to access array offset on value of type null', 'APPPATH\\Controllers\\home.php', 78)
 2 SYSTEMPATH\CodeIgniter.php(927): App\Controllers\home->single_product('FCPATH\\assets', 'img', 'favicon.png')
 3 SYSTEMPATH\CodeIgniter.php(482): CodeIgniter\CodeIgniter->runController(Object(App\Controllers\home))
 4 SYSTEMPATH\CodeIgniter.php(351): CodeIgniter\CodeIgniter->handleRequest(null, Object(Config\Cache), false)
 5 FCPATH\index.php(67): CodeIgniter\CodeIgniter->run()
 6 SYSTEMPATH\Commands\Server\rewrite.php(46): require_once('FCPATH\\index.php')
CRITICAL - 2022-12-08 06:14:55 --> Trying to access array offset on value of type null
in APPPATH\Controllers\home.php on line 78.
 1 APPPATH\Controllers\home.php(78): CodeIgniter\Debug\Exceptions->errorHandler(2, 'Trying to access array offset on value of type null', 'APPPATH\\Controllers\\home.php', 78)
 2 SYSTEMPATH\CodeIgniter.php(927): App\Controllers\home->single_product('FCPATH\\assets', 'img', 'products', 'product-img-1.jpg')
 3 SYSTEMPATH\CodeIgniter.php(482): CodeIgniter\CodeIgniter->runController(Object(App\Controllers\home))
 4 SYSTEMPATH\CodeIgniter.php(351): CodeIgniter\CodeIgniter->handleRequest(null, Object(Config\Cache), false)
 5 FCPATH\index.php(67): CodeIgniter\CodeIgniter->run()
 6 SYSTEMPATH\Commands\Server\rewrite.php(46): require_once('FCPATH\\index.php')
CRITICAL - 2022-12-08 06:14:56 --> Trying to access array offset on value of type null
in APPPATH\Controllers\home.php on line 78.
 1 APPPATH\Controllers\home.php(78): CodeIgniter\Debug\Exceptions->errorHandler(2, 'Trying to access array offset on value of type null', 'APPPATH\\Controllers\\home.php', 78)
 2 SYSTEMPATH\CodeIgniter.php(927): App\Controllers\home->single_product('FCPATH\\assets', 'img', 'products', 'product-img-2.jpg')
 3 SYSTEMPATH\CodeIgniter.php(482): CodeIgniter\CodeIgniter->runController(Object(App\Controllers\home))
 4 SYSTEMPATH\CodeIgniter.php(351): CodeIgniter\CodeIgniter->handleRequest(null, Object(Config\Cache), false)
 5 FCPATH\index.php(67): CodeIgniter\CodeIgniter->run()
 6 SYSTEMPATH\Commands\Server\rewrite.php(46): require_once('FCPATH\\index.php')
CRITICAL - 2022-12-08 06:14:56 --> Trying to access array offset on value of type null
in APPPATH\Controllers\home.php on line 78.
 1 APPPATH\Controllers\home.php(78): CodeIgniter\Debug\Exceptions->errorHandler(2, 'Trying to access array offset on value of type null', 'APPPATH\\Controllers\\home.php', 78)
 2 SYSTEMPATH\CodeIgniter.php(927): App\Controllers\home->single_product('FCPATH\\assets', 'img', 'products', 'product-img-3.jpg')
 3 SYSTEMPATH\CodeIgniter.php(482): CodeIgniter\CodeIgniter->runController(Object(App\Controllers\home))
 4 SYSTEMPATH\CodeIgniter.php(351): CodeIgniter\CodeIgniter->handleRequest(null, Object(Config\Cache), false)
 5 FCPATH\index.php(67): CodeIgniter\CodeIgniter->run()
 6 SYSTEMPATH\Commands\Server\rewrite.php(46): require_once('FCPATH\\index.php')
CRITICAL - 2022-12-08 06:14:56 --> Trying to access array offset on value of type null
in APPPATH\Controllers\home.php on line 78.
 1 APPPATH\Controllers\home.php(78): CodeIgniter\Debug\Exceptions->errorHandler(2, 'Trying to access array offset on value of type null', 'APPPATH\\Controllers\\home.php', 78)
 2 SYSTEMPATH\CodeIgniter.php(927): App\Controllers\home->single_product('FCPATH\\assets', 'img', 'favicon.png')
 3 SYSTEMPATH\CodeIgniter.php(482): CodeIgniter\CodeIgniter->runController(Object(App\Controllers\home))
 4 SYSTEMPATH\CodeIgniter.php(351): CodeIgniter\CodeIgniter->handleRequest(null, Object(Config\Cache), false)
 5 FCPATH\index.php(67): CodeIgniter\CodeIgniter->run()
 6 SYSTEMPATH\Commands\Server\rewrite.php(46): require_once('FCPATH\\index.php')
CRITICAL - 2022-12-08 06:31:16 --> Trying to access array offset on value of type null
in APPPATH\Controllers\home.php on line 78.
 1 APPPATH\Controllers\home.php(78): CodeIgniter\Debug\Exceptions->errorHandler(2, 'Trying to access array offset on value of type null', 'APPPATH\\Controllers\\home.php', 78)
 2 SYSTEMPATH\CodeIgniter.php(927): App\Controllers\home->single_product('FCPATH\\assets', 'img', 'products', 'product-img-1.jpg')
 3 SYSTEMPATH\CodeIgniter.php(482): CodeIgniter\CodeIgniter->runController(Object(App\Controllers\home))
 4 SYSTEMPATH\CodeIgniter.php(351): CodeIgniter\CodeIgniter->handleRequest(null, Object(Config\Cache), false)
 5 FCPATH\index.php(67): CodeIgniter\CodeIgniter->run()
 6 SYSTEMPATH\Commands\Server\rewrite.php(46): require_once('FCPATH\\index.php')
CRITICAL - 2022-12-08 06:31:16 --> Trying to access array offset on value of type null
in APPPATH\Controllers\home.php on line 78.
 1 APPPATH\Controllers\home.php(78): CodeIgniter\Debug\Exceptions->errorHandler(2, 'Trying to access array offset on value of type null', 'APPPATH\\Controllers\\home.php', 78)
 2 SYSTEMPATH\CodeIgniter.php(927): App\Controllers\home->single_product('FCPATH\\assets', 'img', 'products', 'product-img-2.jpg')
 3 SYSTEMPATH\CodeIgniter.php(482): CodeIgniter\CodeIgniter->runController(Object(App\Controllers\home))
 4 SYSTEMPATH\CodeIgniter.php(351): CodeIgniter\CodeIgniter->handleRequest(null, Object(Config\Cache), false)
 5 FCPATH\index.php(67): CodeIgniter\CodeIgniter->run()
 6 SYSTEMPATH\Commands\Server\rewrite.php(46): require_once('FCPATH\\index.php')
CRITICAL - 2022-12-08 06:31:16 --> Trying to access array offset on value of type null
in APPPATH\Controllers\home.php on line 78.
 1 APPPATH\Controllers\home.php(78): CodeIgniter\Debug\Exceptions->errorHandler(2, 'Trying to access array offset on value of type null', 'APPPATH\\Controllers\\home.php', 78)
 2 SYSTEMPATH\CodeIgniter.php(927): App\Controllers\home->single_product('FCPATH\\assets', 'img', 'products', 'product-img-3.jpg')
 3 SYSTEMPATH\CodeIgniter.php(482): CodeIgniter\CodeIgniter->runController(Object(App\Controllers\home))
 4 SYSTEMPATH\CodeIgniter.php(351): CodeIgniter\CodeIgniter->handleRequest(null, Object(Config\Cache), false)
 5 FCPATH\index.php(67): CodeIgniter\CodeIgniter->run()
 6 SYSTEMPATH\Commands\Server\rewrite.php(46): require_once('FCPATH\\index.php')
CRITICAL - 2022-12-08 06:31:17 --> Trying to access array offset on value of type null
in APPPATH\Controllers\home.php on line 78.
 1 APPPATH\Controllers\home.php(78): CodeIgniter\Debug\Exceptions->errorHandler(2, 'Trying to access array offset on value of type null', 'APPPATH\\Controllers\\home.php', 78)
 2 SYSTEMPATH\CodeIgniter.php(927): App\Controllers\home->single_product('FCPATH\\assets', 'img', 'favicon.png')
 3 SYSTEMPATH\CodeIgniter.php(482): CodeIgniter\CodeIgniter->runController(Object(App\Controllers\home))
 4 SYSTEMPATH\CodeIgniter.php(351): CodeIgniter\CodeIgniter->handleRequest(null, Object(Config\Cache), false)
 5 FCPATH\index.php(67): CodeIgniter\CodeIgniter->run()
 6 SYSTEMPATH\Commands\Server\rewrite.php(46): require_once('FCPATH\\index.php')
CRITICAL - 2022-12-08 06:33:17 --> Trying to access array offset on value of type null
in APPPATH\Controllers\home.php on line 78.
 1 APPPATH\Controllers\home.php(78): CodeIgniter\Debug\Exceptions->errorHandler(2, 'Trying to access array offset on value of type null', 'APPPATH\\Controllers\\home.php', 78)
 2 SYSTEMPATH\CodeIgniter.php(927): App\Controllers\home->single_product('FCPATH\\assets', 'img', 'products', 'product-img-1.jpg')
 3 SYSTEMPATH\CodeIgniter.php(482): CodeIgniter\CodeIgniter->runController(Object(App\Controllers\home))
 4 SYSTEMPATH\CodeIgniter.php(351): CodeIgniter\CodeIgniter->handleRequest(null, Object(Config\Cache), false)
 5 FCPATH\index.php(67): CodeIgniter\CodeIgniter->run()
 6 SYSTEMPATH\Commands\Server\rewrite.php(46): require_once('FCPATH\\index.php')
CRITICAL - 2022-12-08 06:33:17 --> Trying to access array offset on value of type null
in APPPATH\Controllers\home.php on line 78.
 1 APPPATH\Controllers\home.php(78): CodeIgniter\Debug\Exceptions->errorHandler(2, 'Trying to access array offset on value of type null', 'APPPATH\\Controllers\\home.php', 78)
 2 SYSTEMPATH\CodeIgniter.php(927): App\Controllers\home->single_product('FCPATH\\assets', 'img', 'products', 'product-img-2.jpg')
 3 SYSTEMPATH\CodeIgniter.php(482): CodeIgniter\CodeIgniter->runController(Object(App\Controllers\home))
 4 SYSTEMPATH\CodeIgniter.php(351): CodeIgniter\CodeIgniter->handleRequest(null, Object(Config\Cache), false)
 5 FCPATH\index.php(67): CodeIgniter\CodeIgniter->run()
 6 SYSTEMPATH\Commands\Server\rewrite.php(46): require_once('FCPATH\\index.php')
CRITICAL - 2022-12-08 06:33:17 --> Trying to access array offset on value of type null
in APPPATH\Controllers\home.php on line 78.
 1 APPPATH\Controllers\home.php(78): CodeIgniter\Debug\Exceptions->errorHandler(2, 'Trying to access array offset on value of type null', 'APPPATH\\Controllers\\home.php', 78)
 2 SYSTEMPATH\CodeIgniter.php(927): App\Controllers\home->single_product('FCPATH\\assets', 'img', 'products', 'product-img-3.jpg')
 3 SYSTEMPATH\CodeIgniter.php(482): CodeIgniter\CodeIgniter->runController(Object(App\Controllers\home))
 4 SYSTEMPATH\CodeIgniter.php(351): CodeIgniter\CodeIgniter->handleRequest(null, Object(Config\Cache), false)
 5 FCPATH\index.php(67): CodeIgniter\CodeIgniter->run()
 6 SYSTEMPATH\Commands\Server\rewrite.php(46): require_once('FCPATH\\index.php')
CRITICAL - 2022-12-08 06:33:17 --> Trying to access array offset on value of type null
in APPPATH\Controllers\home.php on line 78.
 1 APPPATH\Controllers\home.php(78): CodeIgniter\Debug\Exceptions->errorHandler(2, 'Trying to access array offset on value of type null', 'APPPATH\\Controllers\\home.php', 78)
 2 SYSTEMPATH\CodeIgniter.php(927): App\Controllers\home->single_product('FCPATH\\assets', 'img', 'favicon.png')
 3 SYSTEMPATH\CodeIgniter.php(482): CodeIgniter\CodeIgniter->runController(Object(App\Controllers\home))
 4 SYSTEMPATH\CodeIgniter.php(351): CodeIgniter\CodeIgniter->handleRequest(null, Object(Config\Cache), false)
 5 FCPATH\index.php(67): CodeIgniter\CodeIgniter->run()
 6 SYSTEMPATH\Commands\Server\rewrite.php(46): require_once('FCPATH\\index.php')
CRITICAL - 2022-12-08 06:34:42 --> Trying to access array offset on value of type null
in APPPATH\Controllers\home.php on line 78.
 1 APPPATH\Controllers\home.php(78): CodeIgniter\Debug\Exceptions->errorHandler(2, 'Trying to access array offset on value of type null', 'APPPATH\\Controllers\\home.php', 78)
 2 SYSTEMPATH\CodeIgniter.php(927): App\Controllers\home->single_product('FCPATH\\assets', 'img', 'products', 'product-img-1.jpg')
 3 SYSTEMPATH\CodeIgniter.php(482): CodeIgniter\CodeIgniter->runController(Object(App\Controllers\home))
 4 SYSTEMPATH\CodeIgniter.php(351): CodeIgniter\CodeIgniter->handleRequest(null, Object(Config\Cache), false)
 5 FCPATH\index.php(67): CodeIgniter\CodeIgniter->run()
 6 SYSTEMPATH\Commands\Server\rewrite.php(46): require_once('FCPATH\\index.php')
CRITICAL - 2022-12-08 06:34:42 --> Trying to access array offset on value of type null
in APPPATH\Controllers\home.php on line 78.
 1 APPPATH\Controllers\home.php(78): CodeIgniter\Debug\Exceptions->errorHandler(2, 'Trying to access array offset on value of type null', 'APPPATH\\Controllers\\home.php', 78)
 2 SYSTEMPATH\CodeIgniter.php(927): App\Controllers\home->single_product('FCPATH\\assets', 'img', 'products', 'product-img-2.jpg')
 3 SYSTEMPATH\CodeIgniter.php(482): CodeIgniter\CodeIgniter->runController(Object(App\Controllers\home))
 4 SYSTEMPATH\CodeIgniter.php(351): CodeIgniter\CodeIgniter->handleRequest(null, Object(Config\Cache), false)
 5 FCPATH\index.php(67): CodeIgniter\CodeIgniter->run()
 6 SYSTEMPATH\Commands\Server\rewrite.php(46): require_once('FCPATH\\index.php')
CRITICAL - 2022-12-08 06:34:42 --> Trying to access array offset on value of type null
in APPPATH\Controllers\home.php on line 78.
 1 APPPATH\Controllers\home.php(78): CodeIgniter\Debug\Exceptions->errorHandler(2, 'Trying to access array offset on value of type null', 'APPPATH\\Controllers\\home.php', 78)
 2 SYSTEMPATH\CodeIgniter.php(927): App\Controllers\home->single_product('FCPATH\\assets', 'img', 'products', 'product-img-3.jpg')
 3 SYSTEMPATH\CodeIgniter.php(482): CodeIgniter\CodeIgniter->runController(Object(App\Controllers\home))
 4 SYSTEMPATH\CodeIgniter.php(351): CodeIgniter\CodeIgniter->handleRequest(null, Object(Config\Cache), false)
 5 FCPATH\index.php(67): CodeIgniter\CodeIgniter->run()
 6 SYSTEMPATH\Commands\Server\rewrite.php(46): require_once('FCPATH\\index.php')
CRITICAL - 2022-12-08 06:34:43 --> Trying to access array offset on value of type null
in APPPATH\Controllers\home.php on line 78.
 1 APPPATH\Controllers\home.php(78): CodeIgniter\Debug\Exceptions->errorHandler(2, 'Trying to access array offset on value of type null', 'APPPATH\\Controllers\\home.php', 78)
 2 SYSTEMPATH\CodeIgniter.php(927): App\Controllers\home->single_product('FCPATH\\assets', 'img', 'favicon.png')
 3 SYSTEMPATH\CodeIgniter.php(482): CodeIgniter\CodeIgniter->runController(Object(App\Controllers\home))
 4 SYSTEMPATH\CodeIgniter.php(351): CodeIgniter\CodeIgniter->handleRequest(null, Object(Config\Cache), false)
 5 FCPATH\index.php(67): CodeIgniter\CodeIgniter->run()
 6 SYSTEMPATH\Commands\Server\rewrite.php(46): require_once('FCPATH\\index.php')
CRITICAL - 2022-12-08 06:38:09 --> Trying to access array offset on value of type null
in APPPATH\Controllers\home.php on line 78.
 1 APPPATH\Controllers\home.php(78): CodeIgniter\Debug\Exceptions->errorHandler(2, 'Trying to access array offset on value of type null', 'APPPATH\\Controllers\\home.php', 78)
 2 SYSTEMPATH\CodeIgniter.php(927): App\Controllers\home->single_product('FCPATH\\assets', 'img', 'products', 'product-img-1.jpg')
 3 SYSTEMPATH\CodeIgniter.php(482): CodeIgniter\CodeIgniter->runController(Object(App\Controllers\home))
 4 SYSTEMPATH\CodeIgniter.php(351): CodeIgniter\CodeIgniter->handleRequest(null, Object(Config\Cache), false)
 5 FCPATH\index.php(67): CodeIgniter\CodeIgniter->run()
 6 SYSTEMPATH\Commands\Server\rewrite.php(46): require_once('FCPATH\\index.php')
CRITICAL - 2022-12-08 06:38:09 --> Trying to access array offset on value of type null
in APPPATH\Controllers\home.php on line 78.
 1 APPPATH\Controllers\home.php(78): CodeIgniter\Debug\Exceptions->errorHandler(2, 'Trying to access array offset on value of type null', 'APPPATH\\Controllers\\home.php', 78)
 2 SYSTEMPATH\CodeIgniter.php(927): App\Controllers\home->single_product('FCPATH\\assets', 'img', 'products', 'product-img-2.jpg')
 3 SYSTEMPATH\CodeIgniter.php(482): CodeIgniter\CodeIgniter->runController(Object(App\Controllers\home))
 4 SYSTEMPATH\CodeIgniter.php(351): CodeIgniter\CodeIgniter->handleRequest(null, Object(Config\Cache), false)
 5 FCPATH\index.php(67): CodeIgniter\CodeIgniter->run()
 6 SYSTEMPATH\Commands\Server\rewrite.php(46): require_once('FCPATH\\index.php')
CRITICAL - 2022-12-08 06:38:10 --> Trying to access array offset on value of type null
in APPPATH\Controllers\home.php on line 78.
 1 APPPATH\Controllers\home.php(78): CodeIgniter\Debug\Exceptions->errorHandler(2, 'Trying to access array offset on value of type null', 'APPPATH\\Controllers\\home.php', 78)
 2 SYSTEMPATH\CodeIgniter.php(927): App\Controllers\home->single_product('FCPATH\\assets', 'img', 'products', 'product-img-3.jpg')
 3 SYSTEMPATH\CodeIgniter.php(482): CodeIgniter\CodeIgniter->runController(Object(App\Controllers\home))
 4 SYSTEMPATH\CodeIgniter.php(351): CodeIgniter\CodeIgniter->handleRequest(null, Object(Config\Cache), false)
 5 FCPATH\index.php(67): CodeIgniter\CodeIgniter->run()
 6 SYSTEMPATH\Commands\Server\rewrite.php(46): require_once('FCPATH\\index.php')
CRITICAL - 2022-12-08 06:38:10 --> Trying to access array offset on value of type null
in APPPATH\Controllers\home.php on line 78.
 1 APPPATH\Controllers\home.php(78): CodeIgniter\Debug\Exceptions->errorHandler(2, 'Trying to access array offset on value of type null', 'APPPATH\\Controllers\\home.php', 78)
 2 SYSTEMPATH\CodeIgniter.php(927): App\Controllers\home->single_product('FCPATH\\assets', 'img', 'favicon.png')
 3 SYSTEMPATH\CodeIgniter.php(482): CodeIgniter\CodeIgniter->runController(Object(App\Controllers\home))
 4 SYSTEMPATH\CodeIgniter.php(351): CodeIgniter\CodeIgniter->handleRequest(null, Object(Config\Cache), false)
 5 FCPATH\index.php(67): CodeIgniter\CodeIgniter->run()
 6 SYSTEMPATH\Commands\Server\rewrite.php(46): require_once('FCPATH\\index.php')
