CRITICAL - 2023-02-01 07:40:00 --> Trying to access array offset on value of type null
in APPPATH\Views\Homepage\inc\single\prod.php on line 7.
 1 APPPATH\Views\Homepage\inc\single\prod.php(7): CodeIgniter\Debug\Exceptions->errorHandler(2, 'Trying to access array offset on value of type null', 'APPPATH\\Views\\Homepage\\inc\\single\\prod.php', 7)
 2 SYSTEMPATH\View\View.php(213): include('APPPATH\\Views\\Homepage\\inc\\single\\prod.php')
 3 SYSTEMPATH\View\View.php(216): CodeIgniter\View\View->CodeIgniter\View\{closure}()
 4 SYSTEMPATH\View\View.php(431): CodeIgniter\View\View->render('Homepage/inc/single/prod', null, true)
 5 APPPATH\Views\Homepage\singleprods.php(4): CodeIgniter\View\View->include('Homepage/inc/single/prod')
 6 SYSTEMPATH\View\View.php(213): include('APPPATH\\Views\\Homepage\\singleprods.php')
 7 SYSTEMPATH\View\View.php(216): CodeIgniter\View\View->CodeIgniter\View\{closure}()
 8 SYSTEMPATH\Common.php(1134): CodeIgniter\View\View->render('Homepage/singleprods', [], true)
 9 APPPATH\Controllers\home.php(169): view('Homepage/singleprods', [...])
10 SYSTEMPATH\CodeIgniter.php(927): App\Controllers\home->single_product('FCPATH\\assets', 'img', 'products', 'product-img-1.jpg')
11 SYSTEMPATH\CodeIgniter.php(482): CodeIgniter\CodeIgniter->runController(Object(App\Controllers\home))
12 SYSTEMPATH\CodeIgniter.php(351): CodeIgniter\CodeIgniter->handleRequest(null, Object(Config\Cache), false)
13 FCPATH\index.php(67): CodeIgniter\CodeIgniter->run()
14 SYSTEMPATH\Commands\Server\rewrite.php(46): require_once('FCPATH\\index.php')
CRITICAL - 2023-02-01 07:40:00 --> Trying to access array offset on value of type null
in APPPATH\Views\Homepage\inc\single\prod.php on line 7.
 1 APPPATH\Views\Homepage\inc\single\prod.php(7): CodeIgniter\Debug\Exceptions->errorHandler(2, 'Trying to access array offset on value of type null', 'APPPATH\\Views\\Homepage\\inc\\single\\prod.php', 7)
 2 SYSTEMPATH\View\View.php(213): include('APPPATH\\Views\\Homepage\\inc\\single\\prod.php')
 3 SYSTEMPATH\View\View.php(216): CodeIgniter\View\View->CodeIgniter\View\{closure}()
 4 SYSTEMPATH\View\View.php(431): CodeIgniter\View\View->render('Homepage/inc/single/prod', null, true)
 5 APPPATH\Views\Homepage\singleprods.php(4): CodeIgniter\View\View->include('Homepage/inc/single/prod')
 6 SYSTEMPATH\View\View.php(213): include('APPPATH\\Views\\Homepage\\singleprods.php')
 7 SYSTEMPATH\View\View.php(216): CodeIgniter\View\View->CodeIgniter\View\{closure}()
 8 SYSTEMPATH\Common.php(1134): CodeIgniter\View\View->render('Homepage/singleprods', [], true)
 9 APPPATH\Controllers\home.php(169): view('Homepage/singleprods', [...])
10 SYSTEMPATH\CodeIgniter.php(927): App\Controllers\home->single_product('FCPATH\\assets', 'img', 'products', 'product-img-2.jpg')
11 SYSTEMPATH\CodeIgniter.php(482): CodeIgniter\CodeIgniter->runController(Object(App\Controllers\home))
12 SYSTEMPATH\CodeIgniter.php(351): CodeIgniter\CodeIgniter->handleRequest(null, Object(Config\Cache), false)
13 FCPATH\index.php(67): CodeIgniter\CodeIgniter->run()
14 SYSTEMPATH\Commands\Server\rewrite.php(46): require_once('FCPATH\\index.php')
CRITICAL - 2023-02-01 07:40:01 --> Trying to access array offset on value of type null
in APPPATH\Views\Homepage\inc\single\prod.php on line 7.
 1 APPPATH\Views\Homepage\inc\single\prod.php(7): CodeIgniter\Debug\Exceptions->errorHandler(2, 'Trying to access array offset on value of type null', 'APPPATH\\Views\\Homepage\\inc\\single\\prod.php', 7)
 2 SYSTEMPATH\View\View.php(213): include('APPPATH\\Views\\Homepage\\inc\\single\\prod.php')
 3 SYSTEMPATH\View\View.php(216): CodeIgniter\View\View->CodeIgniter\View\{closure}()
 4 SYSTEMPATH\View\View.php(431): CodeIgniter\View\View->render('Homepage/inc/single/prod', null, true)
 5 APPPATH\Views\Homepage\singleprods.php(4): CodeIgniter\View\View->include('Homepage/inc/single/prod')
 6 SYSTEMPATH\View\View.php(213): include('APPPATH\\Views\\Homepage\\singleprods.php')
 7 SYSTEMPATH\View\View.php(216): CodeIgniter\View\View->CodeIgniter\View\{closure}()
 8 SYSTEMPATH\Common.php(1134): CodeIgniter\View\View->render('Homepage/singleprods', [], true)
 9 APPPATH\Controllers\home.php(169): view('Homepage/singleprods', [...])
10 SYSTEMPATH\CodeIgniter.php(927): App\Controllers\home->single_product('FCPATH\\assets', 'img', 'products', 'product-img-3.jpg')
11 SYSTEMPATH\CodeIgniter.php(482): CodeIgniter\CodeIgniter->runController(Object(App\Controllers\home))
12 SYSTEMPATH\CodeIgniter.php(351): CodeIgniter\CodeIgniter->handleRequest(null, Object(Config\Cache), false)
13 FCPATH\index.php(67): CodeIgniter\CodeIgniter->run()
14 SYSTEMPATH\Commands\Server\rewrite.php(46): require_once('FCPATH\\index.php')
CRITICAL - 2023-02-01 07:40:01 --> Trying to access array offset on value of type null
in APPPATH\Views\Homepage\inc\single\prod.php on line 7.
 1 APPPATH\Views\Homepage\inc\single\prod.php(7): CodeIgniter\Debug\Exceptions->errorHandler(2, 'Trying to access array offset on value of type null', 'APPPATH\\Views\\Homepage\\inc\\single\\prod.php', 7)
 2 SYSTEMPATH\View\View.php(213): include('APPPATH\\Views\\Homepage\\inc\\single\\prod.php')
 3 SYSTEMPATH\View\View.php(216): CodeIgniter\View\View->CodeIgniter\View\{closure}()
 4 SYSTEMPATH\View\View.php(431): CodeIgniter\View\View->render('Homepage/inc/single/prod', null, true)
 5 APPPATH\Views\Homepage\singleprods.php(4): CodeIgniter\View\View->include('Homepage/inc/single/prod')
 6 SYSTEMPATH\View\View.php(213): include('APPPATH\\Views\\Homepage\\singleprods.php')
 7 SYSTEMPATH\View\View.php(216): CodeIgniter\View\View->CodeIgniter\View\{closure}()
 8 SYSTEMPATH\Common.php(1134): CodeIgniter\View\View->render('Homepage/singleprods', [], true)
 9 APPPATH\Controllers\home.php(169): view('Homepage/singleprods', [...])
10 SYSTEMPATH\CodeIgniter.php(927): App\Controllers\home->single_product('FCPATH\\assets', 'img', 'favicon.png')
11 SYSTEMPATH\CodeIgniter.php(482): CodeIgniter\CodeIgniter->runController(Object(App\Controllers\home))
12 SYSTEMPATH\CodeIgniter.php(351): CodeIgniter\CodeIgniter->handleRequest(null, Object(Config\Cache), false)
13 FCPATH\index.php(67): CodeIgniter\CodeIgniter->run()
14 SYSTEMPATH\Commands\Server\rewrite.php(46): require_once('FCPATH\\index.php')
CRITICAL - 2023-02-01 07:42:17 --> Trying to access array offset on value of type null
in APPPATH\Views\Homepage\inc\single\prod.php on line 7.
 1 APPPATH\Views\Homepage\inc\single\prod.php(7): CodeIgniter\Debug\Exceptions->errorHandler(2, 'Trying to access array offset on value of type null', 'APPPATH\\Views\\Homepage\\inc\\single\\prod.php', 7)
 2 SYSTEMPATH\View\View.php(213): include('APPPATH\\Views\\Homepage\\inc\\single\\prod.php')
 3 SYSTEMPATH\View\View.php(216): CodeIgniter\View\View->CodeIgniter\View\{closure}()
 4 SYSTEMPATH\View\View.php(431): CodeIgniter\View\View->render('Homepage/inc/single/prod', null, true)
 5 APPPATH\Views\Homepage\singleprods.php(4): CodeIgniter\View\View->include('Homepage/inc/single/prod')
 6 SYSTEMPATH\View\View.php(213): include('APPPATH\\Views\\Homepage\\singleprods.php')
 7 SYSTEMPATH\View\View.php(216): CodeIgniter\View\View->CodeIgniter\View\{closure}()
 8 SYSTEMPATH\Common.php(1134): CodeIgniter\View\View->render('Homepage/singleprods', [], true)
 9 APPPATH\Controllers\home.php(169): view('Homepage/singleprods', [...])
10 SYSTEMPATH\CodeIgniter.php(927): App\Controllers\home->single_product('FCPATH\\assets', 'img', 'products', 'product-img-1.jpg')
11 SYSTEMPATH\CodeIgniter.php(482): CodeIgniter\CodeIgniter->runController(Object(App\Controllers\home))
12 SYSTEMPATH\CodeIgniter.php(351): CodeIgniter\CodeIgniter->handleRequest(null, Object(Config\Cache), false)
13 FCPATH\index.php(67): CodeIgniter\CodeIgniter->run()
14 SYSTEMPATH\Commands\Server\rewrite.php(46): require_once('FCPATH\\index.php')
CRITICAL - 2023-02-01 07:42:18 --> Trying to access array offset on value of type null
in APPPATH\Views\Homepage\inc\single\prod.php on line 7.
 1 APPPATH\Views\Homepage\inc\single\prod.php(7): CodeIgniter\Debug\Exceptions->errorHandler(2, 'Trying to access array offset on value of type null', 'APPPATH\\Views\\Homepage\\inc\\single\\prod.php', 7)
 2 SYSTEMPATH\View\View.php(213): include('APPPATH\\Views\\Homepage\\inc\\single\\prod.php')
 3 SYSTEMPATH\View\View.php(216): CodeIgniter\View\View->CodeIgniter\View\{closure}()
 4 SYSTEMPATH\View\View.php(431): CodeIgniter\View\View->render('Homepage/inc/single/prod', null, true)
 5 APPPATH\Views\Homepage\singleprods.php(4): CodeIgniter\View\View->include('Homepage/inc/single/prod')
 6 SYSTEMPATH\View\View.php(213): include('APPPATH\\Views\\Homepage\\singleprods.php')
 7 SYSTEMPATH\View\View.php(216): CodeIgniter\View\View->CodeIgniter\View\{closure}()
 8 SYSTEMPATH\Common.php(1134): CodeIgniter\View\View->render('Homepage/singleprods', [], true)
 9 APPPATH\Controllers\home.php(169): view('Homepage/singleprods', [...])
10 SYSTEMPATH\CodeIgniter.php(927): App\Controllers\home->single_product('FCPATH\\assets', 'img', 'products', 'product-img-2.jpg')
11 SYSTEMPATH\CodeIgniter.php(482): CodeIgniter\CodeIgniter->runController(Object(App\Controllers\home))
12 SYSTEMPATH\CodeIgniter.php(351): CodeIgniter\CodeIgniter->handleRequest(null, Object(Config\Cache), false)
13 FCPATH\index.php(67): CodeIgniter\CodeIgniter->run()
14 SYSTEMPATH\Commands\Server\rewrite.php(46): require_once('FCPATH\\index.php')
CRITICAL - 2023-02-01 07:42:18 --> Trying to access array offset on value of type null
in APPPATH\Views\Homepage\inc\single\prod.php on line 7.
 1 APPPATH\Views\Homepage\inc\single\prod.php(7): CodeIgniter\Debug\Exceptions->errorHandler(2, 'Trying to access array offset on value of type null', 'APPPATH\\Views\\Homepage\\inc\\single\\prod.php', 7)
 2 SYSTEMPATH\View\View.php(213): include('APPPATH\\Views\\Homepage\\inc\\single\\prod.php')
 3 SYSTEMPATH\View\View.php(216): CodeIgniter\View\View->CodeIgniter\View\{closure}()
 4 SYSTEMPATH\View\View.php(431): CodeIgniter\View\View->render('Homepage/inc/single/prod', null, true)
 5 APPPATH\Views\Homepage\singleprods.php(4): CodeIgniter\View\View->include('Homepage/inc/single/prod')
 6 SYSTEMPATH\View\View.php(213): include('APPPATH\\Views\\Homepage\\singleprods.php')
 7 SYSTEMPATH\View\View.php(216): CodeIgniter\View\View->CodeIgniter\View\{closure}()
 8 SYSTEMPATH\Common.php(1134): CodeIgniter\View\View->render('Homepage/singleprods', [], true)
 9 APPPATH\Controllers\home.php(169): view('Homepage/singleprods', [...])
10 SYSTEMPATH\CodeIgniter.php(927): App\Controllers\home->single_product('FCPATH\\assets', 'img', 'products', 'product-img-3.jpg')
11 SYSTEMPATH\CodeIgniter.php(482): CodeIgniter\CodeIgniter->runController(Object(App\Controllers\home))
12 SYSTEMPATH\CodeIgniter.php(351): CodeIgniter\CodeIgniter->handleRequest(null, Object(Config\Cache), false)
13 FCPATH\index.php(67): CodeIgniter\CodeIgniter->run()
14 SYSTEMPATH\Commands\Server\rewrite.php(46): require_once('FCPATH\\index.php')
CRITICAL - 2023-02-01 07:42:19 --> Trying to access array offset on value of type null
in APPPATH\Views\Homepage\inc\single\prod.php on line 7.
 1 APPPATH\Views\Homepage\inc\single\prod.php(7): CodeIgniter\Debug\Exceptions->errorHandler(2, 'Trying to access array offset on value of type null', 'APPPATH\\Views\\Homepage\\inc\\single\\prod.php', 7)
 2 SYSTEMPATH\View\View.php(213): include('APPPATH\\Views\\Homepage\\inc\\single\\prod.php')
 3 SYSTEMPATH\View\View.php(216): CodeIgniter\View\View->CodeIgniter\View\{closure}()
 4 SYSTEMPATH\View\View.php(431): CodeIgniter\View\View->render('Homepage/inc/single/prod', null, true)
 5 APPPATH\Views\Homepage\singleprods.php(4): CodeIgniter\View\View->include('Homepage/inc/single/prod')
 6 SYSTEMPATH\View\View.php(213): include('APPPATH\\Views\\Homepage\\singleprods.php')
 7 SYSTEMPATH\View\View.php(216): CodeIgniter\View\View->CodeIgniter\View\{closure}()
 8 SYSTEMPATH\Common.php(1134): CodeIgniter\View\View->render('Homepage/singleprods', [], true)
 9 APPPATH\Controllers\home.php(169): view('Homepage/singleprods', [...])
10 SYSTEMPATH\CodeIgniter.php(927): App\Controllers\home->single_product('FCPATH\\assets', 'img', 'favicon.png')
11 SYSTEMPATH\CodeIgniter.php(482): CodeIgniter\CodeIgniter->runController(Object(App\Controllers\home))
12 SYSTEMPATH\CodeIgniter.php(351): CodeIgniter\CodeIgniter->handleRequest(null, Object(Config\Cache), false)
13 FCPATH\index.php(67): CodeIgniter\CodeIgniter->run()
14 SYSTEMPATH\Commands\Server\rewrite.php(46): require_once('FCPATH\\index.php')
CRITICAL - 2023-02-01 07:48:31 --> Trying to access array offset on value of type null
in APPPATH\Views\Homepage\inc\single\prod.php on line 7.
 1 APPPATH\Views\Homepage\inc\single\prod.php(7): CodeIgniter\Debug\Exceptions->errorHandler(2, 'Trying to access array offset on value of type null', 'APPPATH\\Views\\Homepage\\inc\\single\\prod.php', 7)
 2 SYSTEMPATH\View\View.php(213): include('APPPATH\\Views\\Homepage\\inc\\single\\prod.php')
 3 SYSTEMPATH\View\View.php(216): CodeIgniter\View\View->CodeIgniter\View\{closure}()
 4 SYSTEMPATH\View\View.php(431): CodeIgniter\View\View->render('Homepage/inc/single/prod', null, true)
 5 APPPATH\Views\Homepage\singleprods.php(4): CodeIgniter\View\View->include('Homepage/inc/single/prod')
 6 SYSTEMPATH\View\View.php(213): include('APPPATH\\Views\\Homepage\\singleprods.php')
 7 SYSTEMPATH\View\View.php(216): CodeIgniter\View\View->CodeIgniter\View\{closure}()
 8 SYSTEMPATH\Common.php(1134): CodeIgniter\View\View->render('Homepage/singleprods', [], true)
 9 APPPATH\Controllers\home.php(169): view('Homepage/singleprods', [...])
10 SYSTEMPATH\CodeIgniter.php(927): App\Controllers\home->single_product('FCPATH\\assets', 'img', 'products', 'product-img-1.jpg')
11 SYSTEMPATH\CodeIgniter.php(482): CodeIgniter\CodeIgniter->runController(Object(App\Controllers\home))
12 SYSTEMPATH\CodeIgniter.php(351): CodeIgniter\CodeIgniter->handleRequest(null, Object(Config\Cache), false)
13 FCPATH\index.php(67): CodeIgniter\CodeIgniter->run()
14 SYSTEMPATH\Commands\Server\rewrite.php(46): require_once('FCPATH\\index.php')
CRITICAL - 2023-02-01 07:48:32 --> Trying to access array offset on value of type null
in APPPATH\Views\Homepage\inc\single\prod.php on line 7.
 1 APPPATH\Views\Homepage\inc\single\prod.php(7): CodeIgniter\Debug\Exceptions->errorHandler(2, 'Trying to access array offset on value of type null', 'APPPATH\\Views\\Homepage\\inc\\single\\prod.php', 7)
 2 SYSTEMPATH\View\View.php(213): include('APPPATH\\Views\\Homepage\\inc\\single\\prod.php')
 3 SYSTEMPATH\View\View.php(216): CodeIgniter\View\View->CodeIgniter\View\{closure}()
 4 SYSTEMPATH\View\View.php(431): CodeIgniter\View\View->render('Homepage/inc/single/prod', null, true)
 5 APPPATH\Views\Homepage\singleprods.php(4): CodeIgniter\View\View->include('Homepage/inc/single/prod')
 6 SYSTEMPATH\View\View.php(213): include('APPPATH\\Views\\Homepage\\singleprods.php')
 7 SYSTEMPATH\View\View.php(216): CodeIgniter\View\View->CodeIgniter\View\{closure}()
 8 SYSTEMPATH\Common.php(1134): CodeIgniter\View\View->render('Homepage/singleprods', [], true)
 9 APPPATH\Controllers\home.php(169): view('Homepage/singleprods', [...])
10 SYSTEMPATH\CodeIgniter.php(927): App\Controllers\home->single_product('FCPATH\\assets', 'img', 'products', 'product-img-2.jpg')
11 SYSTEMPATH\CodeIgniter.php(482): CodeIgniter\CodeIgniter->runController(Object(App\Controllers\home))
12 SYSTEMPATH\CodeIgniter.php(351): CodeIgniter\CodeIgniter->handleRequest(null, Object(Config\Cache), false)
13 FCPATH\index.php(67): CodeIgniter\CodeIgniter->run()
14 SYSTEMPATH\Commands\Server\rewrite.php(46): require_once('FCPATH\\index.php')
CRITICAL - 2023-02-01 07:48:32 --> Trying to access array offset on value of type null
in APPPATH\Views\Homepage\inc\single\prod.php on line 7.
 1 APPPATH\Views\Homepage\inc\single\prod.php(7): CodeIgniter\Debug\Exceptions->errorHandler(2, 'Trying to access array offset on value of type null', 'APPPATH\\Views\\Homepage\\inc\\single\\prod.php', 7)
 2 SYSTEMPATH\View\View.php(213): include('APPPATH\\Views\\Homepage\\inc\\single\\prod.php')
 3 SYSTEMPATH\View\View.php(216): CodeIgniter\View\View->CodeIgniter\View\{closure}()
 4 SYSTEMPATH\View\View.php(431): CodeIgniter\View\View->render('Homepage/inc/single/prod', null, true)
 5 APPPATH\Views\Homepage\singleprods.php(4): CodeIgniter\View\View->include('Homepage/inc/single/prod')
 6 SYSTEMPATH\View\View.php(213): include('APPPATH\\Views\\Homepage\\singleprods.php')
 7 SYSTEMPATH\View\View.php(216): CodeIgniter\View\View->CodeIgniter\View\{closure}()
 8 SYSTEMPATH\Common.php(1134): CodeIgniter\View\View->render('Homepage/singleprods', [], true)
 9 APPPATH\Controllers\home.php(169): view('Homepage/singleprods', [...])
10 SYSTEMPATH\CodeIgniter.php(927): App\Controllers\home->single_product('FCPATH\\assets', 'img', 'products', 'product-img-3.jpg')
11 SYSTEMPATH\CodeIgniter.php(482): CodeIgniter\CodeIgniter->runController(Object(App\Controllers\home))
12 SYSTEMPATH\CodeIgniter.php(351): CodeIgniter\CodeIgniter->handleRequest(null, Object(Config\Cache), false)
13 FCPATH\index.php(67): CodeIgniter\CodeIgniter->run()
14 SYSTEMPATH\Commands\Server\rewrite.php(46): require_once('FCPATH\\index.php')
CRITICAL - 2023-02-01 07:48:33 --> Trying to access array offset on value of type null
in APPPATH\Views\Homepage\inc\single\prod.php on line 7.
 1 APPPATH\Views\Homepage\inc\single\prod.php(7): CodeIgniter\Debug\Exceptions->errorHandler(2, 'Trying to access array offset on value of type null', 'APPPATH\\Views\\Homepage\\inc\\single\\prod.php', 7)
 2 SYSTEMPATH\View\View.php(213): include('APPPATH\\Views\\Homepage\\inc\\single\\prod.php')
 3 SYSTEMPATH\View\View.php(216): CodeIgniter\View\View->CodeIgniter\View\{closure}()
 4 SYSTEMPATH\View\View.php(431): CodeIgniter\View\View->render('Homepage/inc/single/prod', null, true)
 5 APPPATH\Views\Homepage\singleprods.php(4): CodeIgniter\View\View->include('Homepage/inc/single/prod')
 6 SYSTEMPATH\View\View.php(213): include('APPPATH\\Views\\Homepage\\singleprods.php')
 7 SYSTEMPATH\View\View.php(216): CodeIgniter\View\View->CodeIgniter\View\{closure}()
 8 SYSTEMPATH\Common.php(1134): CodeIgniter\View\View->render('Homepage/singleprods', [], true)
 9 APPPATH\Controllers\home.php(169): view('Homepage/singleprods', [...])
10 SYSTEMPATH\CodeIgniter.php(927): App\Controllers\home->single_product('FCPATH\\assets', 'img', 'favicon.png')
11 SYSTEMPATH\CodeIgniter.php(482): CodeIgniter\CodeIgniter->runController(Object(App\Controllers\home))
12 SYSTEMPATH\CodeIgniter.php(351): CodeIgniter\CodeIgniter->handleRequest(null, Object(Config\Cache), false)
13 FCPATH\index.php(67): CodeIgniter\CodeIgniter->run()
14 SYSTEMPATH\Commands\Server\rewrite.php(46): require_once('FCPATH\\index.php')
CRITICAL - 2023-02-01 07:53:24 --> Trying to access array offset on value of type null
in APPPATH\Views\Homepage\inc\single\prod.php on line 7.
 1 APPPATH\Views\Homepage\inc\single\prod.php(7): CodeIgniter\Debug\Exceptions->errorHandler(2, 'Trying to access array offset on value of type null', 'APPPATH\\Views\\Homepage\\inc\\single\\prod.php', 7)
 2 SYSTEMPATH\View\View.php(213): include('APPPATH\\Views\\Homepage\\inc\\single\\prod.php')
 3 SYSTEMPATH\View\View.php(216): CodeIgniter\View\View->CodeIgniter\View\{closure}()
 4 SYSTEMPATH\View\View.php(431): CodeIgniter\View\View->render('Homepage/inc/single/prod', null, true)
 5 APPPATH\Views\Homepage\singleprods.php(4): CodeIgniter\View\View->include('Homepage/inc/single/prod')
 6 SYSTEMPATH\View\View.php(213): include('APPPATH\\Views\\Homepage\\singleprods.php')
 7 SYSTEMPATH\View\View.php(216): CodeIgniter\View\View->CodeIgniter\View\{closure}()
 8 SYSTEMPATH\Common.php(1134): CodeIgniter\View\View->render('Homepage/singleprods', [], true)
 9 APPPATH\Controllers\home.php(169): view('Homepage/singleprods', [...])
10 SYSTEMPATH\CodeIgniter.php(927): App\Controllers\home->single_product('FCPATH\\assets', 'img', 'products', 'product-img-1.jpg')
11 SYSTEMPATH\CodeIgniter.php(482): CodeIgniter\CodeIgniter->runController(Object(App\Controllers\home))
12 SYSTEMPATH\CodeIgniter.php(351): CodeIgniter\CodeIgniter->handleRequest(null, Object(Config\Cache), false)
13 FCPATH\index.php(67): CodeIgniter\CodeIgniter->run()
14 SYSTEMPATH\Commands\Server\rewrite.php(46): require_once('FCPATH\\index.php')
CRITICAL - 2023-02-01 07:53:24 --> Trying to access array offset on value of type null
in APPPATH\Views\Homepage\inc\single\prod.php on line 7.
 1 APPPATH\Views\Homepage\inc\single\prod.php(7): CodeIgniter\Debug\Exceptions->errorHandler(2, 'Trying to access array offset on value of type null', 'APPPATH\\Views\\Homepage\\inc\\single\\prod.php', 7)
 2 SYSTEMPATH\View\View.php(213): include('APPPATH\\Views\\Homepage\\inc\\single\\prod.php')
 3 SYSTEMPATH\View\View.php(216): CodeIgniter\View\View->CodeIgniter\View\{closure}()
 4 SYSTEMPATH\View\View.php(431): CodeIgniter\View\View->render('Homepage/inc/single/prod', null, true)
 5 APPPATH\Views\Homepage\singleprods.php(4): CodeIgniter\View\View->include('Homepage/inc/single/prod')
 6 SYSTEMPATH\View\View.php(213): include('APPPATH\\Views\\Homepage\\singleprods.php')
 7 SYSTEMPATH\View\View.php(216): CodeIgniter\View\View->CodeIgniter\View\{closure}()
 8 SYSTEMPATH\Common.php(1134): CodeIgniter\View\View->render('Homepage/singleprods', [], true)
 9 APPPATH\Controllers\home.php(169): view('Homepage/singleprods', [...])
10 SYSTEMPATH\CodeIgniter.php(927): App\Controllers\home->single_product('FCPATH\\assets', 'img', 'products', 'product-img-2.jpg')
11 SYSTEMPATH\CodeIgniter.php(482): CodeIgniter\CodeIgniter->runController(Object(App\Controllers\home))
12 SYSTEMPATH\CodeIgniter.php(351): CodeIgniter\CodeIgniter->handleRequest(null, Object(Config\Cache), false)
13 FCPATH\index.php(67): CodeIgniter\CodeIgniter->run()
14 SYSTEMPATH\Commands\Server\rewrite.php(46): require_once('FCPATH\\index.php')
CRITICAL - 2023-02-01 07:53:25 --> Trying to access array offset on value of type null
in APPPATH\Views\Homepage\inc\single\prod.php on line 7.
 1 APPPATH\Views\Homepage\inc\single\prod.php(7): CodeIgniter\Debug\Exceptions->errorHandler(2, 'Trying to access array offset on value of type null', 'APPPATH\\Views\\Homepage\\inc\\single\\prod.php', 7)
 2 SYSTEMPATH\View\View.php(213): include('APPPATH\\Views\\Homepage\\inc\\single\\prod.php')
 3 SYSTEMPATH\View\View.php(216): CodeIgniter\View\View->CodeIgniter\View\{closure}()
 4 SYSTEMPATH\View\View.php(431): CodeIgniter\View\View->render('Homepage/inc/single/prod', null, true)
 5 APPPATH\Views\Homepage\singleprods.php(4): CodeIgniter\View\View->include('Homepage/inc/single/prod')
 6 SYSTEMPATH\View\View.php(213): include('APPPATH\\Views\\Homepage\\singleprods.php')
 7 SYSTEMPATH\View\View.php(216): CodeIgniter\View\View->CodeIgniter\View\{closure}()
 8 SYSTEMPATH\Common.php(1134): CodeIgniter\View\View->render('Homepage/singleprods', [], true)
 9 APPPATH\Controllers\home.php(169): view('Homepage/singleprods', [...])
10 SYSTEMPATH\CodeIgniter.php(927): App\Controllers\home->single_product('FCPATH\\assets', 'img', 'products', 'product-img-3.jpg')
11 SYSTEMPATH\CodeIgniter.php(482): CodeIgniter\CodeIgniter->runController(Object(App\Controllers\home))
12 SYSTEMPATH\CodeIgniter.php(351): CodeIgniter\CodeIgniter->handleRequest(null, Object(Config\Cache), false)
13 FCPATH\index.php(67): CodeIgniter\CodeIgniter->run()
14 SYSTEMPATH\Commands\Server\rewrite.php(46): require_once('FCPATH\\index.php')
CRITICAL - 2023-02-01 07:53:25 --> Trying to access array offset on value of type null
in APPPATH\Views\Homepage\inc\single\prod.php on line 7.
 1 APPPATH\Views\Homepage\inc\single\prod.php(7): CodeIgniter\Debug\Exceptions->errorHandler(2, 'Trying to access array offset on value of type null', 'APPPATH\\Views\\Homepage\\inc\\single\\prod.php', 7)
 2 SYSTEMPATH\View\View.php(213): include('APPPATH\\Views\\Homepage\\inc\\single\\prod.php')
 3 SYSTEMPATH\View\View.php(216): CodeIgniter\View\View->CodeIgniter\View\{closure}()
 4 SYSTEMPATH\View\View.php(431): CodeIgniter\View\View->render('Homepage/inc/single/prod', null, true)
 5 APPPATH\Views\Homepage\singleprods.php(4): CodeIgniter\View\View->include('Homepage/inc/single/prod')
 6 SYSTEMPATH\View\View.php(213): include('APPPATH\\Views\\Homepage\\singleprods.php')
 7 SYSTEMPATH\View\View.php(216): CodeIgniter\View\View->CodeIgniter\View\{closure}()
 8 SYSTEMPATH\Common.php(1134): CodeIgniter\View\View->render('Homepage/singleprods', [], true)
 9 APPPATH\Controllers\home.php(169): view('Homepage/singleprods', [...])
10 SYSTEMPATH\CodeIgniter.php(927): App\Controllers\home->single_product('FCPATH\\assets', 'img', 'favicon.png')
11 SYSTEMPATH\CodeIgniter.php(482): CodeIgniter\CodeIgniter->runController(Object(App\Controllers\home))
12 SYSTEMPATH\CodeIgniter.php(351): CodeIgniter\CodeIgniter->handleRequest(null, Object(Config\Cache), false)
13 FCPATH\index.php(67): CodeIgniter\CodeIgniter->run()
14 SYSTEMPATH\Commands\Server\rewrite.php(46): require_once('FCPATH\\index.php')
CRITICAL - 2023-02-01 08:44:57 --> Array to string conversion
in APPPATH\Views\Homepage\inc\booking\form.php on line 15.
 1 APPPATH\Views\Homepage\inc\booking\form.php(15): CodeIgniter\Debug\Exceptions->errorHandler(2, 'Array to string conversion', 'APPPATH\\Views\\Homepage\\inc\\booking\\form.php', 15)
 2 SYSTEMPATH\View\View.php(213): include('APPPATH\\Views\\Homepage\\inc\\booking\\form.php')
 3 SYSTEMPATH\View\View.php(216): CodeIgniter\View\View->CodeIgniter\View\{closure}()
 4 SYSTEMPATH\View\View.php(431): CodeIgniter\View\View->render('Homepage/inc/booking/form', null, true)
 5 APPPATH\Views\Homepage\book.php(4): CodeIgniter\View\View->include('Homepage/inc/booking/form')
 6 SYSTEMPATH\View\View.php(213): include('APPPATH\\Views\\Homepage\\book.php')
 7 SYSTEMPATH\View\View.php(216): CodeIgniter\View\View->CodeIgniter\View\{closure}()
 8 SYSTEMPATH\Common.php(1134): CodeIgniter\View\View->render('Homepage/book', [], true)
 9 APPPATH\Controllers\home.php(64): view('Homepage/book')
10 SYSTEMPATH\CodeIgniter.php(927): App\Controllers\home->book()
11 SYSTEMPATH\CodeIgniter.php(482): CodeIgniter\CodeIgniter->runController(Object(App\Controllers\home))
12 SYSTEMPATH\CodeIgniter.php(351): CodeIgniter\CodeIgniter->handleRequest(null, Object(Config\Cache), false)
13 FCPATH\index.php(67): CodeIgniter\CodeIgniter->run()
14 SYSTEMPATH\Commands\Server\rewrite.php(46): require_once('FCPATH\\index.php')
CRITICAL - 2023-02-01 08:45:25 --> Array to string conversion
in APPPATH\Views\Homepage\inc\booking\form.php on line 15.
 1 APPPATH\Views\Homepage\inc\booking\form.php(15): CodeIgniter\Debug\Exceptions->errorHandler(2, 'Array to string conversion', 'APPPATH\\Views\\Homepage\\inc\\booking\\form.php', 15)
 2 SYSTEMPATH\View\View.php(213): include('APPPATH\\Views\\Homepage\\inc\\booking\\form.php')
 3 SYSTEMPATH\View\View.php(216): CodeIgniter\View\View->CodeIgniter\View\{closure}()
 4 SYSTEMPATH\View\View.php(431): CodeIgniter\View\View->render('Homepage/inc/booking/form', null, true)
 5 APPPATH\Views\Homepage\book.php(4): CodeIgniter\View\View->include('Homepage/inc/booking/form')
 6 SYSTEMPATH\View\View.php(213): include('APPPATH\\Views\\Homepage\\book.php')
 7 SYSTEMPATH\View\View.php(216): CodeIgniter\View\View->CodeIgniter\View\{closure}()
 8 SYSTEMPATH\Common.php(1134): CodeIgniter\View\View->render('Homepage/book', [], true)
 9 APPPATH\Controllers\home.php(64): view('Homepage/book')
10 SYSTEMPATH\CodeIgniter.php(927): App\Controllers\home->book()
11 SYSTEMPATH\CodeIgniter.php(482): CodeIgniter\CodeIgniter->runController(Object(App\Controllers\home))
12 SYSTEMPATH\CodeIgniter.php(351): CodeIgniter\CodeIgniter->handleRequest(null, Object(Config\Cache), false)
13 FCPATH\index.php(67): CodeIgniter\CodeIgniter->run()
14 SYSTEMPATH\Commands\Server\rewrite.php(46): require_once('FCPATH\\index.php')
CRITICAL - 2023-02-01 08:45:48 --> Array to string conversion
in APPPATH\Views\Homepage\inc\booking\form.php on line 15.
 1 APPPATH\Views\Homepage\inc\booking\form.php(15): CodeIgniter\Debug\Exceptions->errorHandler(2, 'Array to string conversion', 'APPPATH\\Views\\Homepage\\inc\\booking\\form.php', 15)
 2 SYSTEMPATH\View\View.php(213): include('APPPATH\\Views\\Homepage\\inc\\booking\\form.php')
 3 SYSTEMPATH\View\View.php(216): CodeIgniter\View\View->CodeIgniter\View\{closure}()
 4 SYSTEMPATH\View\View.php(431): CodeIgniter\View\View->render('Homepage/inc/booking/form', null, true)
 5 APPPATH\Views\Homepage\book.php(4): CodeIgniter\View\View->include('Homepage/inc/booking/form')
 6 SYSTEMPATH\View\View.php(213): include('APPPATH\\Views\\Homepage\\book.php')
 7 SYSTEMPATH\View\View.php(216): CodeIgniter\View\View->CodeIgniter\View\{closure}()
 8 SYSTEMPATH\Common.php(1134): CodeIgniter\View\View->render('Homepage/book', [], true)
 9 APPPATH\Controllers\home.php(64): view('Homepage/book')
10 SYSTEMPATH\CodeIgniter.php(927): App\Controllers\home->book()
11 SYSTEMPATH\CodeIgniter.php(482): CodeIgniter\CodeIgniter->runController(Object(App\Controllers\home))
12 SYSTEMPATH\CodeIgniter.php(351): CodeIgniter\CodeIgniter->handleRequest(null, Object(Config\Cache), false)
13 FCPATH\index.php(67): CodeIgniter\CodeIgniter->run()
14 SYSTEMPATH\Commands\Server\rewrite.php(46): require_once('FCPATH\\index.php')
CRITICAL - 2023-02-01 08:46:21 --> Array to string conversion
in APPPATH\Views\Homepage\inc\booking\form.php on line 15.
 1 APPPATH\Views\Homepage\inc\booking\form.php(15): CodeIgniter\Debug\Exceptions->errorHandler(2, 'Array to string conversion', 'APPPATH\\Views\\Homepage\\inc\\booking\\form.php', 15)
 2 SYSTEMPATH\View\View.php(213): include('APPPATH\\Views\\Homepage\\inc\\booking\\form.php')
 3 SYSTEMPATH\View\View.php(216): CodeIgniter\View\View->CodeIgniter\View\{closure}()
 4 SYSTEMPATH\View\View.php(431): CodeIgniter\View\View->render('Homepage/inc/booking/form', null, true)
 5 APPPATH\Views\Homepage\book.php(4): CodeIgniter\View\View->include('Homepage/inc/booking/form')
 6 SYSTEMPATH\View\View.php(213): include('APPPATH\\Views\\Homepage\\book.php')
 7 SYSTEMPATH\View\View.php(216): CodeIgniter\View\View->CodeIgniter\View\{closure}()
 8 SYSTEMPATH\Common.php(1134): CodeIgniter\View\View->render('Homepage/book', [], true)
 9 APPPATH\Controllers\home.php(64): view('Homepage/book')
10 SYSTEMPATH\CodeIgniter.php(927): App\Controllers\home->book()
11 SYSTEMPATH\CodeIgniter.php(482): CodeIgniter\CodeIgniter->runController(Object(App\Controllers\home))
12 SYSTEMPATH\CodeIgniter.php(351): CodeIgniter\CodeIgniter->handleRequest(null, Object(Config\Cache), false)
13 FCPATH\index.php(67): CodeIgniter\CodeIgniter->run()
14 SYSTEMPATH\Commands\Server\rewrite.php(46): require_once('FCPATH\\index.php')
