CRITICAL - 2023-01-20 22:44:01 --> The route for "Homepage/contact" cannot be found.
in SYSTEMPATH\HTTP\RedirectResponse.php on line 60.
 1 SYSTEMPATH\HTTP\RedirectResponse.php(60): CodeIgniter\HTTP\Exceptions\HTTPException::forInvalidRedirectRoute('Homepage/contact')
 2 SYSTEMPATH\Common.php(860): CodeIgniter\HTTP\RedirectResponse->route(false)
 3 APPPATH\Controllers\home.php(55): redirect('Homepage/contact')
 4 SYSTEMPATH\CodeIgniter.php(927): App\Controllers\home->save_contact()
 5 SYSTEMPATH\CodeIgniter.php(482): CodeIgniter\CodeIgniter->runController(Object(App\Controllers\home))
 6 SYSTEMPATH\CodeIgniter.php(351): CodeIgniter\CodeIgniter->handleRequest(null, Object(Config\Cache), false)
 7 FCPATH\index.php(67): CodeIgniter\CodeIgniter->run()
 8 SYSTEMPATH\Commands\Server\rewrite.php(46): require_once('FCPATH\\index.php')
CRITICAL - 2023-01-20 22:44:19 --> The route for "Homepage/contact" cannot be found.
in SYSTEMPATH\HTTP\RedirectResponse.php on line 60.
 1 SYSTEMPATH\HTTP\RedirectResponse.php(60): CodeIgniter\HTTP\Exceptions\HTTPException::forInvalidRedirectRoute('Homepage/contact')
 2 SYSTEMPATH\Common.php(860): CodeIgniter\HTTP\RedirectResponse->route(false)
 3 APPPATH\Controllers\home.php(55): redirect('Homepage/contact')
 4 SYSTEMPATH\CodeIgniter.php(927): App\Controllers\home->save_contact()
 5 SYSTEMPATH\CodeIgniter.php(482): CodeIgniter\CodeIgniter->runController(Object(App\Controllers\home))
 6 SYSTEMPATH\CodeIgniter.php(351): CodeIgniter\CodeIgniter->handleRequest(null, Object(Config\Cache), false)
 7 FCPATH\index.php(67): CodeIgniter\CodeIgniter->run()
 8 SYSTEMPATH\Commands\Server\rewrite.php(46): require_once('FCPATH\\index.php')
CRITICAL - 2023-01-20 22:45:30 --> The route for "Homepage/contact" cannot be found.
in SYSTEMPATH\HTTP\RedirectResponse.php on line 60.
 1 SYSTEMPATH\HTTP\RedirectResponse.php(60): CodeIgniter\HTTP\Exceptions\HTTPException::forInvalidRedirectRoute('Homepage/contact')
 2 SYSTEMPATH\Common.php(860): CodeIgniter\HTTP\RedirectResponse->route(false)
 3 APPPATH\Controllers\home.php(55): redirect('Homepage/contact')
 4 SYSTEMPATH\CodeIgniter.php(927): App\Controllers\home->save_contact()
 5 SYSTEMPATH\CodeIgniter.php(482): CodeIgniter\CodeIgniter->runController(Object(App\Controllers\home))
 6 SYSTEMPATH\CodeIgniter.php(351): CodeIgniter\CodeIgniter->handleRequest(null, Object(Config\Cache), false)
 7 FCPATH\index.php(67): CodeIgniter\CodeIgniter->run()
 8 SYSTEMPATH\Commands\Server\rewrite.php(46): require_once('FCPATH\\index.php')
CRITICAL - 2023-01-20 23:02:14 --> Undefined variable $products
in APPPATH\Views\Admin\contact.php on line 47.
 1 APPPATH\Views\Admin\contact.php(47): CodeIgniter\Debug\Exceptions->errorHandler(2, 'Undefined variable $products', 'APPPATH\\Views\\Admin\\contact.php', 47)
 2 SYSTEMPATH\View\View.php(213): include('APPPATH\\Views\\Admin\\contact.php')
 3 SYSTEMPATH\View\View.php(216): CodeIgniter\View\View->CodeIgniter\View\{closure}()
 4 SYSTEMPATH\Common.php(1134): CodeIgniter\View\View->render('admin/contact', [], true)
 5 APPPATH\Controllers\admin.php(273): view('admin/contact')
 6 SYSTEMPATH\CodeIgniter.php(927): App\Controllers\admin->contactus()
 7 SYSTEMPATH\CodeIgniter.php(482): CodeIgniter\CodeIgniter->runController(Object(App\Controllers\admin))
 8 SYSTEMPATH\CodeIgniter.php(351): CodeIgniter\CodeIgniter->handleRequest(null, Object(Config\Cache), false)
 9 FCPATH\index.php(67): CodeIgniter\CodeIgniter->run()
10 SYSTEMPATH\Commands\Server\rewrite.php(46): require_once('FCPATH\\index.php')
CRITICAL - 2023-01-20 23:16:47 --> Undefined variable $feeds
in APPPATH\Views\Admin\contact.php on line 47.
 1 APPPATH\Views\Admin\contact.php(47): CodeIgniter\Debug\Exceptions->errorHandler(2, 'Undefined variable $feeds', 'APPPATH\\Views\\Admin\\contact.php', 47)
 2 SYSTEMPATH\View\View.php(213): include('APPPATH\\Views\\Admin\\contact.php')
 3 SYSTEMPATH\View\View.php(216): CodeIgniter\View\View->CodeIgniter\View\{closure}()
 4 SYSTEMPATH\Common.php(1134): CodeIgniter\View\View->render('admin/contact', [], true)
 5 APPPATH\Controllers\admin.php(283): view('admin/contact')
 6 SYSTEMPATH\CodeIgniter.php(927): App\Controllers\admin->contactus()
 7 SYSTEMPATH\CodeIgniter.php(482): CodeIgniter\CodeIgniter->runController(Object(App\Controllers\admin))
 8 SYSTEMPATH\CodeIgniter.php(351): CodeIgniter\CodeIgniter->handleRequest(null, Object(Config\Cache), false)
 9 FCPATH\index.php(67): CodeIgniter\CodeIgniter->run()
10 SYSTEMPATH\Commands\Server\rewrite.php(46): require_once('FCPATH\\index.php')
CRITICAL - 2023-01-20 23:17:44 --> Undefined variable $prod
in APPPATH\Views\Admin\contact.php on line 56.
 1 APPPATH\Views\Admin\contact.php(56): CodeIgniter\Debug\Exceptions->errorHandler(2, 'Undefined variable $prod', 'APPPATH\\Views\\Admin\\contact.php', 56)
 2 SYSTEMPATH\View\View.php(213): include('APPPATH\\Views\\Admin\\contact.php')
 3 SYSTEMPATH\View\View.php(216): CodeIgniter\View\View->CodeIgniter\View\{closure}()
 4 SYSTEMPATH\Common.php(1134): CodeIgniter\View\View->render('admin/contact', [], true)
 5 APPPATH\Controllers\admin.php(279): view('admin/contact', [...])
 6 SYSTEMPATH\CodeIgniter.php(927): App\Controllers\admin->contactus()
 7 SYSTEMPATH\CodeIgniter.php(482): CodeIgniter\CodeIgniter->runController(Object(App\Controllers\admin))
 8 SYSTEMPATH\CodeIgniter.php(351): CodeIgniter\CodeIgniter->handleRequest(null, Object(Config\Cache), false)
 9 FCPATH\index.php(67): CodeIgniter\CodeIgniter->run()
10 SYSTEMPATH\Commands\Server\rewrite.php(46): require_once('FCPATH\\index.php')
