CRITICAL - 2023-02-08 00:42:20 --> CodeIgniter\BaseModel::findAll(): Argument #1 ($limit) must be of type int, string given, called in C:\xampp\htdocs\TeaTime\app\Controllers\home.php on line 185
in SYSTEMPATH\BaseModel.php on line 568.
 1 APPPATH\Controllers\home.php(185): CodeIgniter\BaseModel->findAll('FCPATH\\assets')
 2 SYSTEMPATH\CodeIgniter.php(927): App\Controllers\home->single_product('FCPATH\\assets', 'img', 'favicon.png')
 3 SYSTEMPATH\CodeIgniter.php(482): CodeIgniter\CodeIgniter->runController(Object(App\Controllers\home))
 4 SYSTEMPATH\CodeIgniter.php(351): CodeIgniter\CodeIgniter->handleRequest(null, Object(Config\Cache), false)
 5 FCPATH\index.php(67): CodeIgniter\CodeIgniter->run()
 6 SYSTEMPATH\Commands\Server\rewrite.php(46): require_once('FCPATH\\index.php')
CRITICAL - 2023-02-08 00:54:59 --> CodeIgniter\BaseModel::findAll(): Argument #1 ($limit) must be of type int, string given, called in C:\xampp\htdocs\TeaTime\app\Controllers\home.php on line 185
in SYSTEMPATH\BaseModel.php on line 568.
 1 APPPATH\Controllers\home.php(185): CodeIgniter\BaseModel->findAll('FCPATH\\assets')
 2 SYSTEMPATH\CodeIgniter.php(927): App\Controllers\home->single_product('FCPATH\\assets', 'img', 'favicon.png')
 3 SYSTEMPATH\CodeIgniter.php(482): CodeIgniter\CodeIgniter->runController(Object(App\Controllers\home))
 4 SYSTEMPATH\CodeIgniter.php(351): CodeIgniter\CodeIgniter->handleRequest(null, Object(Config\Cache), false)
 5 FCPATH\index.php(67): CodeIgniter\CodeIgniter->run()
 6 SYSTEMPATH\Commands\Server\rewrite.php(46): require_once('FCPATH\\index.php')
CRITICAL - 2023-02-08 01:01:48 --> CodeIgniter\BaseModel::findAll(): Argument #1 ($limit) must be of type int, string given, called in C:\xampp\htdocs\TeaTime\app\Controllers\home.php on line 185
in SYSTEMPATH\BaseModel.php on line 568.
 1 APPPATH\Controllers\home.php(185): CodeIgniter\BaseModel->findAll('FCPATH\\assets')
 2 SYSTEMPATH\CodeIgniter.php(927): App\Controllers\home->single_product('FCPATH\\assets', 'img', 'favicon.png')
 3 SYSTEMPATH\CodeIgniter.php(482): CodeIgniter\CodeIgniter->runController(Object(App\Controllers\home))
 4 SYSTEMPATH\CodeIgniter.php(351): CodeIgniter\CodeIgniter->handleRequest(null, Object(Config\Cache), false)
 5 FCPATH\index.php(67): CodeIgniter\CodeIgniter->run()
 6 SYSTEMPATH\Commands\Server\rewrite.php(46): require_once('FCPATH\\index.php')
CRITICAL - 2023-02-08 01:02:30 --> CodeIgniter\BaseModel::findAll(): Argument #1 ($limit) must be of type int, string given, called in C:\xampp\htdocs\TeaTime\app\Controllers\home.php on line 185
in SYSTEMPATH\BaseModel.php on line 568.
 1 APPPATH\Controllers\home.php(185): CodeIgniter\BaseModel->findAll('FCPATH\\assets')
 2 SYSTEMPATH\CodeIgniter.php(927): App\Controllers\home->single_product('FCPATH\\assets', 'img', 'favicon.png')
 3 SYSTEMPATH\CodeIgniter.php(482): CodeIgniter\CodeIgniter->runController(Object(App\Controllers\home))
 4 SYSTEMPATH\CodeIgniter.php(351): CodeIgniter\CodeIgniter->handleRequest(null, Object(Config\Cache), false)
 5 FCPATH\index.php(67): CodeIgniter\CodeIgniter->run()
 6 SYSTEMPATH\Commands\Server\rewrite.php(46): require_once('FCPATH\\index.php')
CRITICAL - 2023-02-08 01:02:43 --> CodeIgniter\BaseModel::findAll(): Argument #1 ($limit) must be of type int, string given, called in C:\xampp\htdocs\TeaTime\app\Controllers\home.php on line 185
in SYSTEMPATH\BaseModel.php on line 568.
 1 APPPATH\Controllers\home.php(185): CodeIgniter\BaseModel->findAll('FCPATH\\assets')
 2 SYSTEMPATH\CodeIgniter.php(927): App\Controllers\home->single_product('FCPATH\\assets', 'img', 'favicon.png')
 3 SYSTEMPATH\CodeIgniter.php(482): CodeIgniter\CodeIgniter->runController(Object(App\Controllers\home))
 4 SYSTEMPATH\CodeIgniter.php(351): CodeIgniter\CodeIgniter->handleRequest(null, Object(Config\Cache), false)
 5 FCPATH\index.php(67): CodeIgniter\CodeIgniter->run()
 6 SYSTEMPATH\Commands\Server\rewrite.php(46): require_once('FCPATH\\index.php')
CRITICAL - 2023-02-08 01:04:49 --> CodeIgniter\BaseModel::findAll(): Argument #1 ($limit) must be of type int, string given, called in C:\xampp\htdocs\TeaTime\app\Controllers\home.php on line 185
in SYSTEMPATH\BaseModel.php on line 568.
 1 APPPATH\Controllers\home.php(185): CodeIgniter\BaseModel->findAll('index.html')
 2 SYSTEMPATH\CodeIgniter.php(927): App\Controllers\home->single_product('index.html')
 3 SYSTEMPATH\CodeIgniter.php(482): CodeIgniter\CodeIgniter->runController(Object(App\Controllers\home))
 4 SYSTEMPATH\CodeIgniter.php(351): CodeIgniter\CodeIgniter->handleRequest(null, Object(Config\Cache), false)
 5 FCPATH\index.php(67): CodeIgniter\CodeIgniter->run()
 6 SYSTEMPATH\Commands\Server\rewrite.php(46): require_once('FCPATH\\index.php')
CRITICAL - 2023-02-08 01:04:56 --> CodeIgniter\BaseModel::findAll(): Argument #1 ($limit) must be of type int, string given, called in C:\xampp\htdocs\TeaTime\app\Controllers\home.php on line 185
in SYSTEMPATH\BaseModel.php on line 568.
 1 APPPATH\Controllers\home.php(185): CodeIgniter\BaseModel->findAll('FCPATH\\assets')
 2 SYSTEMPATH\CodeIgniter.php(927): App\Controllers\home->single_product('FCPATH\\assets', 'img', 'favicon.png')
 3 SYSTEMPATH\CodeIgniter.php(482): CodeIgniter\CodeIgniter->runController(Object(App\Controllers\home))
 4 SYSTEMPATH\CodeIgniter.php(351): CodeIgniter\CodeIgniter->handleRequest(null, Object(Config\Cache), false)
 5 FCPATH\index.php(67): CodeIgniter\CodeIgniter->run()
 6 SYSTEMPATH\Commands\Server\rewrite.php(46): require_once('FCPATH\\index.php')
CRITICAL - 2023-02-08 01:05:09 --> CodeIgniter\BaseModel::findAll(): Argument #1 ($limit) must be of type int, string given, called in C:\xampp\htdocs\TeaTime\app\Controllers\home.php on line 185
in SYSTEMPATH\BaseModel.php on line 568.
 1 APPPATH\Controllers\home.php(185): CodeIgniter\BaseModel->findAll('index.html')
 2 SYSTEMPATH\CodeIgniter.php(927): App\Controllers\home->single_product('index.html')
 3 SYSTEMPATH\CodeIgniter.php(482): CodeIgniter\CodeIgniter->runController(Object(App\Controllers\home))
 4 SYSTEMPATH\CodeIgniter.php(351): CodeIgniter\CodeIgniter->handleRequest(null, Object(Config\Cache), false)
 5 FCPATH\index.php(67): CodeIgniter\CodeIgniter->run()
 6 SYSTEMPATH\Commands\Server\rewrite.php(46): require_once('FCPATH\\index.php')
CRITICAL - 2023-02-08 01:05:27 --> CodeIgniter\BaseModel::findAll(): Argument #1 ($limit) must be of type int, string given, called in C:\xampp\htdocs\TeaTime\app\Controllers\home.php on line 185
in SYSTEMPATH\BaseModel.php on line 568.
 1 APPPATH\Controllers\home.php(185): CodeIgniter\BaseModel->findAll('FCPATH\\assets')
 2 SYSTEMPATH\CodeIgniter.php(927): App\Controllers\home->single_product('FCPATH\\assets', 'img', 'favicon.png')
 3 SYSTEMPATH\CodeIgniter.php(482): CodeIgniter\CodeIgniter->runController(Object(App\Controllers\home))
 4 SYSTEMPATH\CodeIgniter.php(351): CodeIgniter\CodeIgniter->handleRequest(null, Object(Config\Cache), false)
 5 FCPATH\index.php(67): CodeIgniter\CodeIgniter->run()
 6 SYSTEMPATH\Commands\Server\rewrite.php(46): require_once('FCPATH\\index.php')
CRITICAL - 2023-02-08 01:05:39 --> CodeIgniter\BaseModel::findAll(): Argument #1 ($limit) must be of type int, string given, called in C:\xampp\htdocs\TeaTime\app\Controllers\home.php on line 185
in SYSTEMPATH\BaseModel.php on line 568.
 1 APPPATH\Controllers\home.php(185): CodeIgniter\BaseModel->findAll('FCPATH\\assets')
 2 SYSTEMPATH\CodeIgniter.php(927): App\Controllers\home->single_product('FCPATH\\assets', 'img', 'favicon.png')
 3 SYSTEMPATH\CodeIgniter.php(482): CodeIgniter\CodeIgniter->runController(Object(App\Controllers\home))
 4 SYSTEMPATH\CodeIgniter.php(351): CodeIgniter\CodeIgniter->handleRequest(null, Object(Config\Cache), false)
 5 FCPATH\index.php(67): CodeIgniter\CodeIgniter->run()
 6 SYSTEMPATH\Commands\Server\rewrite.php(46): require_once('FCPATH\\index.php')
CRITICAL - 2023-02-08 01:07:09 --> CodeIgniter\BaseModel::findAll(): Argument #1 ($limit) must be of type int, string given, called in C:\xampp\htdocs\TeaTime\app\Controllers\home.php on line 185
in SYSTEMPATH\BaseModel.php on line 568.
 1 APPPATH\Controllers\home.php(185): CodeIgniter\BaseModel->findAll('FCPATH\\assets')
 2 SYSTEMPATH\CodeIgniter.php(927): App\Controllers\home->single_product('FCPATH\\assets', 'img', 'favicon.png')
 3 SYSTEMPATH\CodeIgniter.php(482): CodeIgniter\CodeIgniter->runController(Object(App\Controllers\home))
 4 SYSTEMPATH\CodeIgniter.php(351): CodeIgniter\CodeIgniter->handleRequest(null, Object(Config\Cache), false)
 5 FCPATH\index.php(67): CodeIgniter\CodeIgniter->run()
 6 SYSTEMPATH\Commands\Server\rewrite.php(46): require_once('FCPATH\\index.php')
CRITICAL - 2023-02-08 01:09:56 --> CodeIgniter\BaseModel::findAll(): Argument #1 ($limit) must be of type int, string given, called in C:\xampp\htdocs\TeaTime\app\Controllers\home.php on line 185
in SYSTEMPATH\BaseModel.php on line 568.
 1 APPPATH\Controllers\home.php(185): CodeIgniter\BaseModel->findAll('FCPATH\\assets')
 2 SYSTEMPATH\CodeIgniter.php(927): App\Controllers\home->single_product('FCPATH\\assets', 'img', 'favicon.png')
 3 SYSTEMPATH\CodeIgniter.php(482): CodeIgniter\CodeIgniter->runController(Object(App\Controllers\home))
 4 SYSTEMPATH\CodeIgniter.php(351): CodeIgniter\CodeIgniter->handleRequest(null, Object(Config\Cache), false)
 5 FCPATH\index.php(67): CodeIgniter\CodeIgniter->run()
 6 SYSTEMPATH\Commands\Server\rewrite.php(46): require_once('FCPATH\\index.php')
CRITICAL - 2023-02-08 01:45:36 --> CodeIgniter\BaseModel::findAll(): Argument #1 ($limit) must be of type int, string given, called in C:\xampp\htdocs\TeaTime\app\Controllers\home.php on line 185
in SYSTEMPATH\BaseModel.php on line 568.
 1 APPPATH\Controllers\home.php(185): CodeIgniter\BaseModel->findAll('FCPATH\\assets')
 2 SYSTEMPATH\CodeIgniter.php(927): App\Controllers\home->single_product('FCPATH\\assets', 'img', 'favicon.png')
 3 SYSTEMPATH\CodeIgniter.php(482): CodeIgniter\CodeIgniter->runController(Object(App\Controllers\home))
 4 SYSTEMPATH\CodeIgniter.php(351): CodeIgniter\CodeIgniter->handleRequest(null, Object(Config\Cache), false)
 5 FCPATH\index.php(67): CodeIgniter\CodeIgniter->run()
 6 SYSTEMPATH\Commands\Server\rewrite.php(46): require_once('FCPATH\\index.php')
CRITICAL - 2023-02-08 01:46:04 --> CodeIgniter\BaseModel::findAll(): Argument #1 ($limit) must be of type int, string given, called in C:\xampp\htdocs\TeaTime\app\Controllers\home.php on line 185
in SYSTEMPATH\BaseModel.php on line 568.
 1 APPPATH\Controllers\home.php(185): CodeIgniter\BaseModel->findAll('FCPATH\\assets')
 2 SYSTEMPATH\CodeIgniter.php(927): App\Controllers\home->single_product('FCPATH\\assets', 'img', 'favicon.png')
 3 SYSTEMPATH\CodeIgniter.php(482): CodeIgniter\CodeIgniter->runController(Object(App\Controllers\home))
 4 SYSTEMPATH\CodeIgniter.php(351): CodeIgniter\CodeIgniter->handleRequest(null, Object(Config\Cache), false)
 5 FCPATH\index.php(67): CodeIgniter\CodeIgniter->run()
 6 SYSTEMPATH\Commands\Server\rewrite.php(46): require_once('FCPATH\\index.php')
