CRITICAL - 2023-01-27 20:34:44 --> Trying to access array offset on value of type null
in APPPATH\Views\User\profile.php on line 32.
 1 APPPATH\Views\User\profile.php(32): CodeIgniter\Debug\Exceptions->errorHandler(2, 'Trying to access array offset on value of type null', 'APPPATH\\Views\\User\\profile.php', 32)
 2 SYSTEMPATH\View\View.php(213): include('APPPATH\\Views\\User\\profile.php')
 3 SYSTEMPATH\View\View.php(216): CodeIgniter\View\View->CodeIgniter\View\{closure}()
 4 SYSTEMPATH\Common.php(1134): CodeIgniter\View\View->render('User/profile', [], true)
 5 APPPATH\Controllers\User.php(16): view('User/profile', [...])
 6 SYSTEMPATH\CodeIgniter.php(927): App\Controllers\User->profile()
 7 SYSTEMPATH\CodeIgniter.php(482): CodeIgniter\CodeIgniter->runController(Object(App\Controllers\User))
 8 SYSTEMPATH\CodeIgniter.php(351): CodeIgniter\CodeIgniter->handleRequest(null, Object(Config\Cache), false)
 9 FCPATH\index.php(67): CodeIgniter\CodeIgniter->run()
10 SYSTEMPATH\Commands\Server\rewrite.php(46): require_once('FCPATH\\index.php')
CRITICAL - 2023-01-27 21:00:10 --> Trying to access array offset on value of type null
in APPPATH\Views\Homepage\inc\single\prod.php on line 7.
 1 APPPATH\Views\Homepage\inc\single\prod.php(7): CodeIgniter\Debug\Exceptions->errorHandler(2, 'Trying to access array offset on value of type null', 'APPPATH\\Views\\Homepage\\inc\\single\\prod.php', 7)
 2 SYSTEMPATH\View\View.php(213): include('APPPATH\\Views\\Homepage\\inc\\single\\prod.php')
 3 SYSTEMPATH\View\View.php(216): CodeIgniter\View\View->CodeIgniter\View\{closure}()
 4 SYSTEMPATH\View\View.php(431): CodeIgniter\View\View->render('Homepage/inc/single/prod', null, true)
 5 APPPATH\Views\Homepage\singleprods.php(4): CodeIgniter\View\View->include('Homepage/inc/single/prod')
 6 SYSTEMPATH\View\View.php(213): include('APPPATH\\Views\\Homepage\\singleprods.php')
 7 SYSTEMPATH\View\View.php(216): CodeIgniter\View\View->CodeIgniter\View\{closure}()
 8 SYSTEMPATH\Common.php(1134): CodeIgniter\View\View->render('Homepage/singleprods', [], true)
 9 APPPATH\Controllers\home.php(166): view('Homepage/singleprods', [...])
10 SYSTEMPATH\CodeIgniter.php(927): App\Controllers\home->single_product('FCPATH\\assets', 'img', 'products', 'product-img-1.jpg')
11 SYSTEMPATH\CodeIgniter.php(482): CodeIgniter\CodeIgniter->runController(Object(App\Controllers\home))
12 SYSTEMPATH\CodeIgniter.php(351): CodeIgniter\CodeIgniter->handleRequest(null, Object(Config\Cache), false)
13 FCPATH\index.php(67): CodeIgniter\CodeIgniter->run()
14 SYSTEMPATH\Commands\Server\rewrite.php(46): require_once('FCPATH\\index.php')
CRITICAL - 2023-01-27 21:00:10 --> Trying to access array offset on value of type null
in APPPATH\Views\Homepage\inc\single\prod.php on line 7.
 1 APPPATH\Views\Homepage\inc\single\prod.php(7): CodeIgniter\Debug\Exceptions->errorHandler(2, 'Trying to access array offset on value of type null', 'APPPATH\\Views\\Homepage\\inc\\single\\prod.php', 7)
 2 SYSTEMPATH\View\View.php(213): include('APPPATH\\Views\\Homepage\\inc\\single\\prod.php')
 3 SYSTEMPATH\View\View.php(216): CodeIgniter\View\View->CodeIgniter\View\{closure}()
 4 SYSTEMPATH\View\View.php(431): CodeIgniter\View\View->render('Homepage/inc/single/prod', null, true)
 5 APPPATH\Views\Homepage\singleprods.php(4): CodeIgniter\View\View->include('Homepage/inc/single/prod')
 6 SYSTEMPATH\View\View.php(213): include('APPPATH\\Views\\Homepage\\singleprods.php')
 7 SYSTEMPATH\View\View.php(216): CodeIgniter\View\View->CodeIgniter\View\{closure}()
 8 SYSTEMPATH\Common.php(1134): CodeIgniter\View\View->render('Homepage/singleprods', [], true)
 9 APPPATH\Controllers\home.php(166): view('Homepage/singleprods', [...])
10 SYSTEMPATH\CodeIgniter.php(927): App\Controllers\home->single_product('FCPATH\\assets', 'img', 'products', 'product-img-2.jpg')
11 SYSTEMPATH\CodeIgniter.php(482): CodeIgniter\CodeIgniter->runController(Object(App\Controllers\home))
12 SYSTEMPATH\CodeIgniter.php(351): CodeIgniter\CodeIgniter->handleRequest(null, Object(Config\Cache), false)
13 FCPATH\index.php(67): CodeIgniter\CodeIgniter->run()
14 SYSTEMPATH\Commands\Server\rewrite.php(46): require_once('FCPATH\\index.php')
CRITICAL - 2023-01-27 21:00:10 --> Trying to access array offset on value of type null
in APPPATH\Views\Homepage\inc\single\prod.php on line 7.
 1 APPPATH\Views\Homepage\inc\single\prod.php(7): CodeIgniter\Debug\Exceptions->errorHandler(2, 'Trying to access array offset on value of type null', 'APPPATH\\Views\\Homepage\\inc\\single\\prod.php', 7)
 2 SYSTEMPATH\View\View.php(213): include('APPPATH\\Views\\Homepage\\inc\\single\\prod.php')
 3 SYSTEMPATH\View\View.php(216): CodeIgniter\View\View->CodeIgniter\View\{closure}()
 4 SYSTEMPATH\View\View.php(431): CodeIgniter\View\View->render('Homepage/inc/single/prod', null, true)
 5 APPPATH\Views\Homepage\singleprods.php(4): CodeIgniter\View\View->include('Homepage/inc/single/prod')
 6 SYSTEMPATH\View\View.php(213): include('APPPATH\\Views\\Homepage\\singleprods.php')
 7 SYSTEMPATH\View\View.php(216): CodeIgniter\View\View->CodeIgniter\View\{closure}()
 8 SYSTEMPATH\Common.php(1134): CodeIgniter\View\View->render('Homepage/singleprods', [], true)
 9 APPPATH\Controllers\home.php(166): view('Homepage/singleprods', [...])
10 SYSTEMPATH\CodeIgniter.php(927): App\Controllers\home->single_product('FCPATH\\assets', 'img', 'products', 'product-img-3.jpg')
11 SYSTEMPATH\CodeIgniter.php(482): CodeIgniter\CodeIgniter->runController(Object(App\Controllers\home))
12 SYSTEMPATH\CodeIgniter.php(351): CodeIgniter\CodeIgniter->handleRequest(null, Object(Config\Cache), false)
13 FCPATH\index.php(67): CodeIgniter\CodeIgniter->run()
14 SYSTEMPATH\Commands\Server\rewrite.php(46): require_once('FCPATH\\index.php')
CRITICAL - 2023-01-27 21:00:11 --> Trying to access array offset on value of type null
in APPPATH\Views\Homepage\inc\single\prod.php on line 7.
 1 APPPATH\Views\Homepage\inc\single\prod.php(7): CodeIgniter\Debug\Exceptions->errorHandler(2, 'Trying to access array offset on value of type null', 'APPPATH\\Views\\Homepage\\inc\\single\\prod.php', 7)
 2 SYSTEMPATH\View\View.php(213): include('APPPATH\\Views\\Homepage\\inc\\single\\prod.php')
 3 SYSTEMPATH\View\View.php(216): CodeIgniter\View\View->CodeIgniter\View\{closure}()
 4 SYSTEMPATH\View\View.php(431): CodeIgniter\View\View->render('Homepage/inc/single/prod', null, true)
 5 APPPATH\Views\Homepage\singleprods.php(4): CodeIgniter\View\View->include('Homepage/inc/single/prod')
 6 SYSTEMPATH\View\View.php(213): include('APPPATH\\Views\\Homepage\\singleprods.php')
 7 SYSTEMPATH\View\View.php(216): CodeIgniter\View\View->CodeIgniter\View\{closure}()
 8 SYSTEMPATH\Common.php(1134): CodeIgniter\View\View->render('Homepage/singleprods', [], true)
 9 APPPATH\Controllers\home.php(166): view('Homepage/singleprods', [...])
10 SYSTEMPATH\CodeIgniter.php(927): App\Controllers\home->single_product('FCPATH\\assets', 'img', 'favicon.png')
11 SYSTEMPATH\CodeIgniter.php(482): CodeIgniter\CodeIgniter->runController(Object(App\Controllers\home))
12 SYSTEMPATH\CodeIgniter.php(351): CodeIgniter\CodeIgniter->handleRequest(null, Object(Config\Cache), false)
13 FCPATH\index.php(67): CodeIgniter\CodeIgniter->run()
14 SYSTEMPATH\Commands\Server\rewrite.php(46): require_once('FCPATH\\index.php')
CRITICAL - 2023-01-27 22:57:41 --> Trying to access array offset on value of type null
in APPPATH\Views\Homepage\inc\single\prod.php on line 7.
 1 APPPATH\Views\Homepage\inc\single\prod.php(7): CodeIgniter\Debug\Exceptions->errorHandler(2, 'Trying to access array offset on value of type null', 'APPPATH\\Views\\Homepage\\inc\\single\\prod.php', 7)
 2 SYSTEMPATH\View\View.php(213): include('APPPATH\\Views\\Homepage\\inc\\single\\prod.php')
 3 SYSTEMPATH\View\View.php(216): CodeIgniter\View\View->CodeIgniter\View\{closure}()
 4 SYSTEMPATH\View\View.php(431): CodeIgniter\View\View->render('Homepage/inc/single/prod', null, true)
 5 APPPATH\Views\Homepage\singleprods.php(4): CodeIgniter\View\View->include('Homepage/inc/single/prod')
 6 SYSTEMPATH\View\View.php(213): include('APPPATH\\Views\\Homepage\\singleprods.php')
 7 SYSTEMPATH\View\View.php(216): CodeIgniter\View\View->CodeIgniter\View\{closure}()
 8 SYSTEMPATH\Common.php(1134): CodeIgniter\View\View->render('Homepage/singleprods', [], true)
 9 APPPATH\Controllers\home.php(166): view('Homepage/singleprods', [...])
10 SYSTEMPATH\CodeIgniter.php(927): App\Controllers\home->single_product('FCPATH\\assets', 'img', 'products', 'product-img-1.jpg')
11 SYSTEMPATH\CodeIgniter.php(482): CodeIgniter\CodeIgniter->runController(Object(App\Controllers\home))
12 SYSTEMPATH\CodeIgniter.php(351): CodeIgniter\CodeIgniter->handleRequest(null, Object(Config\Cache), false)
13 FCPATH\index.php(67): CodeIgniter\CodeIgniter->run()
14 SYSTEMPATH\Commands\Server\rewrite.php(46): require_once('FCPATH\\index.php')
CRITICAL - 2023-01-27 22:57:41 --> Trying to access array offset on value of type null
in APPPATH\Views\Homepage\inc\single\prod.php on line 7.
 1 APPPATH\Views\Homepage\inc\single\prod.php(7): CodeIgniter\Debug\Exceptions->errorHandler(2, 'Trying to access array offset on value of type null', 'APPPATH\\Views\\Homepage\\inc\\single\\prod.php', 7)
 2 SYSTEMPATH\View\View.php(213): include('APPPATH\\Views\\Homepage\\inc\\single\\prod.php')
 3 SYSTEMPATH\View\View.php(216): CodeIgniter\View\View->CodeIgniter\View\{closure}()
 4 SYSTEMPATH\View\View.php(431): CodeIgniter\View\View->render('Homepage/inc/single/prod', null, true)
 5 APPPATH\Views\Homepage\singleprods.php(4): CodeIgniter\View\View->include('Homepage/inc/single/prod')
 6 SYSTEMPATH\View\View.php(213): include('APPPATH\\Views\\Homepage\\singleprods.php')
 7 SYSTEMPATH\View\View.php(216): CodeIgniter\View\View->CodeIgniter\View\{closure}()
 8 SYSTEMPATH\Common.php(1134): CodeIgniter\View\View->render('Homepage/singleprods', [], true)
 9 APPPATH\Controllers\home.php(166): view('Homepage/singleprods', [...])
10 SYSTEMPATH\CodeIgniter.php(927): App\Controllers\home->single_product('FCPATH\\assets', 'img', 'products', 'product-img-2.jpg')
11 SYSTEMPATH\CodeIgniter.php(482): CodeIgniter\CodeIgniter->runController(Object(App\Controllers\home))
12 SYSTEMPATH\CodeIgniter.php(351): CodeIgniter\CodeIgniter->handleRequest(null, Object(Config\Cache), false)
13 FCPATH\index.php(67): CodeIgniter\CodeIgniter->run()
14 SYSTEMPATH\Commands\Server\rewrite.php(46): require_once('FCPATH\\index.php')
CRITICAL - 2023-01-27 22:57:41 --> Trying to access array offset on value of type null
in APPPATH\Views\Homepage\inc\single\prod.php on line 7.
 1 APPPATH\Views\Homepage\inc\single\prod.php(7): CodeIgniter\Debug\Exceptions->errorHandler(2, 'Trying to access array offset on value of type null', 'APPPATH\\Views\\Homepage\\inc\\single\\prod.php', 7)
 2 SYSTEMPATH\View\View.php(213): include('APPPATH\\Views\\Homepage\\inc\\single\\prod.php')
 3 SYSTEMPATH\View\View.php(216): CodeIgniter\View\View->CodeIgniter\View\{closure}()
 4 SYSTEMPATH\View\View.php(431): CodeIgniter\View\View->render('Homepage/inc/single/prod', null, true)
 5 APPPATH\Views\Homepage\singleprods.php(4): CodeIgniter\View\View->include('Homepage/inc/single/prod')
 6 SYSTEMPATH\View\View.php(213): include('APPPATH\\Views\\Homepage\\singleprods.php')
 7 SYSTEMPATH\View\View.php(216): CodeIgniter\View\View->CodeIgniter\View\{closure}()
 8 SYSTEMPATH\Common.php(1134): CodeIgniter\View\View->render('Homepage/singleprods', [], true)
 9 APPPATH\Controllers\home.php(166): view('Homepage/singleprods', [...])
10 SYSTEMPATH\CodeIgniter.php(927): App\Controllers\home->single_product('FCPATH\\assets', 'img', 'products', 'product-img-3.jpg')
11 SYSTEMPATH\CodeIgniter.php(482): CodeIgniter\CodeIgniter->runController(Object(App\Controllers\home))
12 SYSTEMPATH\CodeIgniter.php(351): CodeIgniter\CodeIgniter->handleRequest(null, Object(Config\Cache), false)
13 FCPATH\index.php(67): CodeIgniter\CodeIgniter->run()
14 SYSTEMPATH\Commands\Server\rewrite.php(46): require_once('FCPATH\\index.php')
CRITICAL - 2023-01-27 22:57:42 --> Trying to access array offset on value of type null
in APPPATH\Views\Homepage\inc\single\prod.php on line 7.
 1 APPPATH\Views\Homepage\inc\single\prod.php(7): CodeIgniter\Debug\Exceptions->errorHandler(2, 'Trying to access array offset on value of type null', 'APPPATH\\Views\\Homepage\\inc\\single\\prod.php', 7)
 2 SYSTEMPATH\View\View.php(213): include('APPPATH\\Views\\Homepage\\inc\\single\\prod.php')
 3 SYSTEMPATH\View\View.php(216): CodeIgniter\View\View->CodeIgniter\View\{closure}()
 4 SYSTEMPATH\View\View.php(431): CodeIgniter\View\View->render('Homepage/inc/single/prod', null, true)
 5 APPPATH\Views\Homepage\singleprods.php(4): CodeIgniter\View\View->include('Homepage/inc/single/prod')
 6 SYSTEMPATH\View\View.php(213): include('APPPATH\\Views\\Homepage\\singleprods.php')
 7 SYSTEMPATH\View\View.php(216): CodeIgniter\View\View->CodeIgniter\View\{closure}()
 8 SYSTEMPATH\Common.php(1134): CodeIgniter\View\View->render('Homepage/singleprods', [], true)
 9 APPPATH\Controllers\home.php(166): view('Homepage/singleprods', [...])
10 SYSTEMPATH\CodeIgniter.php(927): App\Controllers\home->single_product('FCPATH\\assets', 'img', 'favicon.png')
11 SYSTEMPATH\CodeIgniter.php(482): CodeIgniter\CodeIgniter->runController(Object(App\Controllers\home))
12 SYSTEMPATH\CodeIgniter.php(351): CodeIgniter\CodeIgniter->handleRequest(null, Object(Config\Cache), false)
13 FCPATH\index.php(67): CodeIgniter\CodeIgniter->run()
14 SYSTEMPATH\Commands\Server\rewrite.php(46): require_once('FCPATH\\index.php')
CRITICAL - 2023-01-27 23:09:27 --> Trying to access array offset on value of type null
in APPPATH\Views\Homepage\inc\single\prod.php on line 7.
 1 APPPATH\Views\Homepage\inc\single\prod.php(7): CodeIgniter\Debug\Exceptions->errorHandler(2, 'Trying to access array offset on value of type null', 'APPPATH\\Views\\Homepage\\inc\\single\\prod.php', 7)
 2 SYSTEMPATH\View\View.php(213): include('APPPATH\\Views\\Homepage\\inc\\single\\prod.php')
 3 SYSTEMPATH\View\View.php(216): CodeIgniter\View\View->CodeIgniter\View\{closure}()
 4 SYSTEMPATH\View\View.php(431): CodeIgniter\View\View->render('Homepage/inc/single/prod', null, true)
 5 APPPATH\Views\Homepage\singleprods.php(4): CodeIgniter\View\View->include('Homepage/inc/single/prod')
 6 SYSTEMPATH\View\View.php(213): include('APPPATH\\Views\\Homepage\\singleprods.php')
 7 SYSTEMPATH\View\View.php(216): CodeIgniter\View\View->CodeIgniter\View\{closure}()
 8 SYSTEMPATH\Common.php(1134): CodeIgniter\View\View->render('Homepage/singleprods', [], true)
 9 APPPATH\Controllers\home.php(166): view('Homepage/singleprods', [...])
10 SYSTEMPATH\CodeIgniter.php(927): App\Controllers\home->single_product('FCPATH\\assets', 'img', 'products', 'product-img-1.jpg')
11 SYSTEMPATH\CodeIgniter.php(482): CodeIgniter\CodeIgniter->runController(Object(App\Controllers\home))
12 SYSTEMPATH\CodeIgniter.php(351): CodeIgniter\CodeIgniter->handleRequest(null, Object(Config\Cache), false)
13 FCPATH\index.php(67): CodeIgniter\CodeIgniter->run()
14 SYSTEMPATH\Commands\Server\rewrite.php(46): require_once('FCPATH\\index.php')
CRITICAL - 2023-01-27 23:09:27 --> Trying to access array offset on value of type null
in APPPATH\Views\Homepage\inc\single\prod.php on line 7.
 1 APPPATH\Views\Homepage\inc\single\prod.php(7): CodeIgniter\Debug\Exceptions->errorHandler(2, 'Trying to access array offset on value of type null', 'APPPATH\\Views\\Homepage\\inc\\single\\prod.php', 7)
 2 SYSTEMPATH\View\View.php(213): include('APPPATH\\Views\\Homepage\\inc\\single\\prod.php')
 3 SYSTEMPATH\View\View.php(216): CodeIgniter\View\View->CodeIgniter\View\{closure}()
 4 SYSTEMPATH\View\View.php(431): CodeIgniter\View\View->render('Homepage/inc/single/prod', null, true)
 5 APPPATH\Views\Homepage\singleprods.php(4): CodeIgniter\View\View->include('Homepage/inc/single/prod')
 6 SYSTEMPATH\View\View.php(213): include('APPPATH\\Views\\Homepage\\singleprods.php')
 7 SYSTEMPATH\View\View.php(216): CodeIgniter\View\View->CodeIgniter\View\{closure}()
 8 SYSTEMPATH\Common.php(1134): CodeIgniter\View\View->render('Homepage/singleprods', [], true)
 9 APPPATH\Controllers\home.php(166): view('Homepage/singleprods', [...])
10 SYSTEMPATH\CodeIgniter.php(927): App\Controllers\home->single_product('FCPATH\\assets', 'img', 'products', 'product-img-2.jpg')
11 SYSTEMPATH\CodeIgniter.php(482): CodeIgniter\CodeIgniter->runController(Object(App\Controllers\home))
12 SYSTEMPATH\CodeIgniter.php(351): CodeIgniter\CodeIgniter->handleRequest(null, Object(Config\Cache), false)
13 FCPATH\index.php(67): CodeIgniter\CodeIgniter->run()
14 SYSTEMPATH\Commands\Server\rewrite.php(46): require_once('FCPATH\\index.php')
CRITICAL - 2023-01-27 23:09:27 --> Trying to access array offset on value of type null
in APPPATH\Views\Homepage\inc\single\prod.php on line 7.
 1 APPPATH\Views\Homepage\inc\single\prod.php(7): CodeIgniter\Debug\Exceptions->errorHandler(2, 'Trying to access array offset on value of type null', 'APPPATH\\Views\\Homepage\\inc\\single\\prod.php', 7)
 2 SYSTEMPATH\View\View.php(213): include('APPPATH\\Views\\Homepage\\inc\\single\\prod.php')
 3 SYSTEMPATH\View\View.php(216): CodeIgniter\View\View->CodeIgniter\View\{closure}()
 4 SYSTEMPATH\View\View.php(431): CodeIgniter\View\View->render('Homepage/inc/single/prod', null, true)
 5 APPPATH\Views\Homepage\singleprods.php(4): CodeIgniter\View\View->include('Homepage/inc/single/prod')
 6 SYSTEMPATH\View\View.php(213): include('APPPATH\\Views\\Homepage\\singleprods.php')
 7 SYSTEMPATH\View\View.php(216): CodeIgniter\View\View->CodeIgniter\View\{closure}()
 8 SYSTEMPATH\Common.php(1134): CodeIgniter\View\View->render('Homepage/singleprods', [], true)
 9 APPPATH\Controllers\home.php(166): view('Homepage/singleprods', [...])
10 SYSTEMPATH\CodeIgniter.php(927): App\Controllers\home->single_product('FCPATH\\assets', 'img', 'products', 'product-img-3.jpg')
11 SYSTEMPATH\CodeIgniter.php(482): CodeIgniter\CodeIgniter->runController(Object(App\Controllers\home))
12 SYSTEMPATH\CodeIgniter.php(351): CodeIgniter\CodeIgniter->handleRequest(null, Object(Config\Cache), false)
13 FCPATH\index.php(67): CodeIgniter\CodeIgniter->run()
14 SYSTEMPATH\Commands\Server\rewrite.php(46): require_once('FCPATH\\index.php')
CRITICAL - 2023-01-27 23:09:28 --> Trying to access array offset on value of type null
in APPPATH\Views\Homepage\inc\single\prod.php on line 7.
 1 APPPATH\Views\Homepage\inc\single\prod.php(7): CodeIgniter\Debug\Exceptions->errorHandler(2, 'Trying to access array offset on value of type null', 'APPPATH\\Views\\Homepage\\inc\\single\\prod.php', 7)
 2 SYSTEMPATH\View\View.php(213): include('APPPATH\\Views\\Homepage\\inc\\single\\prod.php')
 3 SYSTEMPATH\View\View.php(216): CodeIgniter\View\View->CodeIgniter\View\{closure}()
 4 SYSTEMPATH\View\View.php(431): CodeIgniter\View\View->render('Homepage/inc/single/prod', null, true)
 5 APPPATH\Views\Homepage\singleprods.php(4): CodeIgniter\View\View->include('Homepage/inc/single/prod')
 6 SYSTEMPATH\View\View.php(213): include('APPPATH\\Views\\Homepage\\singleprods.php')
 7 SYSTEMPATH\View\View.php(216): CodeIgniter\View\View->CodeIgniter\View\{closure}()
 8 SYSTEMPATH\Common.php(1134): CodeIgniter\View\View->render('Homepage/singleprods', [], true)
 9 APPPATH\Controllers\home.php(166): view('Homepage/singleprods', [...])
10 SYSTEMPATH\CodeIgniter.php(927): App\Controllers\home->single_product('FCPATH\\assets', 'img', 'favicon.png')
11 SYSTEMPATH\CodeIgniter.php(482): CodeIgniter\CodeIgniter->runController(Object(App\Controllers\home))
12 SYSTEMPATH\CodeIgniter.php(351): CodeIgniter\CodeIgniter->handleRequest(null, Object(Config\Cache), false)
13 FCPATH\index.php(67): CodeIgniter\CodeIgniter->run()
14 SYSTEMPATH\Commands\Server\rewrite.php(46): require_once('FCPATH\\index.php')
