CRITICAL - 2023-01-30 00:03:58 --> Trying to access array offset on value of type null
in APPPATH\Views\Admin\editmenu.php on line 42.
 1 APPPATH\Views\Admin\editmenu.php(42): CodeIgniter\Debug\Exceptions->errorHandler(2, 'Trying to access array offset on value of type null', 'APPPATH\\Views\\Admin\\editmenu.php', 42)
 2 SYSTEMPATH\View\View.php(213): include('APPPATH\\Views\\Admin\\editmenu.php')
 3 SYSTEMPATH\View\View.php(216): CodeIgniter\View\View->CodeIgniter\View\{closure}()
 4 SYSTEMPATH\Common.php(1134): CodeIgniter\View\View->render('admin/editmenu', [], true)
 5 APPPATH\Controllers\admin.php(62): view('admin/editmenu', [...])
 6 SYSTEMPATH\CodeIgniter.php(927): App\Controllers\admin->editmenu('15')
 7 SYSTEMPATH\CodeIgniter.php(482): CodeIgniter\CodeIgniter->runController(Object(App\Controllers\admin))
 8 SYSTEMPATH\CodeIgniter.php(351): CodeIgniter\CodeIgniter->handleRequest(null, Object(Config\Cache), false)
 9 FCPATH\index.php(67): CodeIgniter\CodeIgniter->run()
10 SYSTEMPATH\Commands\Server\rewrite.php(46): require_once('FCPATH\\index.php')
CRITICAL - 2023-01-30 00:04:12 --> Trying to access array offset on value of type null
in APPPATH\Views\Admin\editmenu.php on line 42.
 1 APPPATH\Views\Admin\editmenu.php(42): CodeIgniter\Debug\Exceptions->errorHandler(2, 'Trying to access array offset on value of type null', 'APPPATH\\Views\\Admin\\editmenu.php', 42)
 2 SYSTEMPATH\View\View.php(213): include('APPPATH\\Views\\Admin\\editmenu.php')
 3 SYSTEMPATH\View\View.php(216): CodeIgniter\View\View->CodeIgniter\View\{closure}()
 4 SYSTEMPATH\Common.php(1134): CodeIgniter\View\View->render('admin/editmenu', [], true)
 5 APPPATH\Controllers\admin.php(62): view('admin/editmenu', [...])
 6 SYSTEMPATH\CodeIgniter.php(927): App\Controllers\admin->editmenu('11')
 7 SYSTEMPATH\CodeIgniter.php(482): CodeIgniter\CodeIgniter->runController(Object(App\Controllers\admin))
 8 SYSTEMPATH\CodeIgniter.php(351): CodeIgniter\CodeIgniter->handleRequest(null, Object(Config\Cache), false)
 9 FCPATH\index.php(67): CodeIgniter\CodeIgniter->run()
10 SYSTEMPATH\Commands\Server\rewrite.php(46): require_once('FCPATH\\index.php')
CRITICAL - 2023-01-30 00:09:46 --> Trying to access array offset on value of type null
in APPPATH\Views\Admin\editmenu.php on line 42.
 1 APPPATH\Views\Admin\editmenu.php(42): CodeIgniter\Debug\Exceptions->errorHandler(2, 'Trying to access array offset on value of type null', 'APPPATH\\Views\\Admin\\editmenu.php', 42)
 2 SYSTEMPATH\View\View.php(213): include('APPPATH\\Views\\Admin\\editmenu.php')
 3 SYSTEMPATH\View\View.php(216): CodeIgniter\View\View->CodeIgniter\View\{closure}()
 4 SYSTEMPATH\Common.php(1134): CodeIgniter\View\View->render('admin/editmenu', [], true)
 5 APPPATH\Controllers\admin.php(62): view('admin/editmenu', [...])
 6 SYSTEMPATH\CodeIgniter.php(927): App\Controllers\admin->editmenu('15')
 7 SYSTEMPATH\CodeIgniter.php(482): CodeIgniter\CodeIgniter->runController(Object(App\Controllers\admin))
 8 SYSTEMPATH\CodeIgniter.php(351): CodeIgniter\CodeIgniter->handleRequest(null, Object(Config\Cache), false)
 9 FCPATH\index.php(67): CodeIgniter\CodeIgniter->run()
10 SYSTEMPATH\Commands\Server\rewrite.php(46): require_once('FCPATH\\index.php')
CRITICAL - 2023-01-30 00:10:41 --> Undefined variable $book
in APPPATH\Views\Admin\inbox.php on line 143.
 1 APPPATH\Views\Admin\inbox.php(143): CodeIgniter\Debug\Exceptions->errorHandler(2, 'Undefined variable $book', 'APPPATH\\Views\\Admin\\inbox.php', 143)
 2 SYSTEMPATH\View\View.php(213): include('APPPATH\\Views\\Admin\\inbox.php')
 3 SYSTEMPATH\View\View.php(216): CodeIgniter\View\View->CodeIgniter\View\{closure}()
 4 SYSTEMPATH\Common.php(1134): CodeIgniter\View\View->render('admin/inbox', [], true)
 5 APPPATH\Controllers\admin.php(193): view('admin/inbox')
 6 SYSTEMPATH\CodeIgniter.php(927): App\Controllers\admin->accept_book('15')
 7 SYSTEMPATH\CodeIgniter.php(482): CodeIgniter\CodeIgniter->runController(Object(App\Controllers\admin))
 8 SYSTEMPATH\CodeIgniter.php(351): CodeIgniter\CodeIgniter->handleRequest(null, Object(Config\Cache), false)
 9 FCPATH\index.php(67): CodeIgniter\CodeIgniter->run()
10 SYSTEMPATH\Commands\Server\rewrite.php(46): require_once('FCPATH\\index.php')
CRITICAL - 2023-01-30 00:13:10 --> Undefined variable $book
in APPPATH\Views\Admin\inbox.php on line 143.
 1 APPPATH\Views\Admin\inbox.php(143): CodeIgniter\Debug\Exceptions->errorHandler(2, 'Undefined variable $book', 'APPPATH\\Views\\Admin\\inbox.php', 143)
 2 SYSTEMPATH\View\View.php(213): include('APPPATH\\Views\\Admin\\inbox.php')
 3 SYSTEMPATH\View\View.php(216): CodeIgniter\View\View->CodeIgniter\View\{closure}()
 4 SYSTEMPATH\Common.php(1134): CodeIgniter\View\View->render('admin/inbox', [], true)
 5 APPPATH\Controllers\admin.php(193): view('admin/inbox')
 6 SYSTEMPATH\CodeIgniter.php(927): App\Controllers\admin->accept_book('15')
 7 SYSTEMPATH\CodeIgniter.php(482): CodeIgniter\CodeIgniter->runController(Object(App\Controllers\admin))
 8 SYSTEMPATH\CodeIgniter.php(351): CodeIgniter\CodeIgniter->handleRequest(null, Object(Config\Cache), false)
 9 FCPATH\index.php(67): CodeIgniter\CodeIgniter->run()
10 SYSTEMPATH\Commands\Server\rewrite.php(46): require_once('FCPATH\\index.php')
CRITICAL - 2023-01-30 00:14:06 --> Undefined variable $book
in APPPATH\Views\Admin\inbox.php on line 143.
 1 APPPATH\Views\Admin\inbox.php(143): CodeIgniter\Debug\Exceptions->errorHandler(2, 'Undefined variable $book', 'APPPATH\\Views\\Admin\\inbox.php', 143)
 2 SYSTEMPATH\View\View.php(213): include('APPPATH\\Views\\Admin\\inbox.php')
 3 SYSTEMPATH\View\View.php(216): CodeIgniter\View\View->CodeIgniter\View\{closure}()
 4 SYSTEMPATH\Common.php(1134): CodeIgniter\View\View->render('admin/inbox', [], true)
 5 APPPATH\Controllers\admin.php(193): view('admin/inbox')
 6 SYSTEMPATH\CodeIgniter.php(927): App\Controllers\admin->accept_book('15')
 7 SYSTEMPATH\CodeIgniter.php(482): CodeIgniter\CodeIgniter->runController(Object(App\Controllers\admin))
 8 SYSTEMPATH\CodeIgniter.php(351): CodeIgniter\CodeIgniter->handleRequest(null, Object(Config\Cache), false)
 9 FCPATH\index.php(67): CodeIgniter\CodeIgniter->run()
10 SYSTEMPATH\Commands\Server\rewrite.php(46): require_once('FCPATH\\index.php')
