CRITICAL - 2022-11-23 03:42:36 --> Undefined variable $dprod
in APPPATH\Views\Admin\update.php on line 40.
 1 APPPATH\Views\Admin\update.php(40): CodeIgniter\Debug\Exceptions->errorHandler(2, 'Undefined variable $dprod', 'APPPATH\\Views\\Admin\\update.php', 40)
 2 SYSTEMPATH\View\View.php(213): include('APPPATH\\Views\\Admin\\update.php')
 3 SYSTEMPATH\View\View.php(216): CodeIgniter\View\View->CodeIgniter\View\{closure}()
 4 SYSTEMPATH\Common.php(1134): CodeIgniter\View\View->render('admin/update', [], true)
 5 APPPATH\Controllers\admin.php(46): view('admin/update', [...])
 6 SYSTEMPATH\CodeIgniter.php(927): App\Controllers\admin->edit('1')
 7 SYSTEMPATH\CodeIgniter.php(482): CodeIgniter\CodeIgniter->runController(Object(App\Controllers\admin))
 8 SYSTEMPATH\CodeIgniter.php(351): CodeIgniter\CodeIgniter->handleRequest(null, Object(Config\Cache), false)
 9 FCPATH\index.php(67): CodeIgniter\CodeIgniter->run()
10 SYSTEMPATH\Commands\Server\rewrite.php(46): require_once('FCPATH\\index.php')
CRITICAL - 2022-11-23 03:42:59 --> Undefined variable $prod
in APPPATH\Views\Admin\update.php on line 40.
 1 APPPATH\Views\Admin\update.php(40): CodeIgniter\Debug\Exceptions->errorHandler(2, 'Undefined variable $prod', 'APPPATH\\Views\\Admin\\update.php', 40)
 2 SYSTEMPATH\View\View.php(213): include('APPPATH\\Views\\Admin\\update.php')
 3 SYSTEMPATH\View\View.php(216): CodeIgniter\View\View->CodeIgniter\View\{closure}()
 4 SYSTEMPATH\Common.php(1134): CodeIgniter\View\View->render('admin/update', [], true)
 5 APPPATH\Controllers\admin.php(46): view('admin/update', [...])
 6 SYSTEMPATH\CodeIgniter.php(927): App\Controllers\admin->edit('1')
 7 SYSTEMPATH\CodeIgniter.php(482): CodeIgniter\CodeIgniter->runController(Object(App\Controllers\admin))
 8 SYSTEMPATH\CodeIgniter.php(351): CodeIgniter\CodeIgniter->handleRequest(null, Object(Config\Cache), false)
 9 FCPATH\index.php(67): CodeIgniter\CodeIgniter->run()
10 SYSTEMPATH\Commands\Server\rewrite.php(46): require_once('FCPATH\\index.php')
CRITICAL - 2022-11-23 03:46:22 --> Undefined variable $data
in APPPATH\Views\Admin\update.php on line 38.
 1 APPPATH\Views\Admin\update.php(38): CodeIgniter\Debug\Exceptions->errorHandler(2, 'Undefined variable $data', 'APPPATH\\Views\\Admin\\update.php', 38)
 2 SYSTEMPATH\View\View.php(213): include('APPPATH\\Views\\Admin\\update.php')
 3 SYSTEMPATH\View\View.php(216): CodeIgniter\View\View->CodeIgniter\View\{closure}()
 4 SYSTEMPATH\Common.php(1134): CodeIgniter\View\View->render('admin/update', [], true)
 5 APPPATH\Controllers\admin.php(46): view('admin/update', [...])
 6 SYSTEMPATH\CodeIgniter.php(927): App\Controllers\admin->edit('1')
 7 SYSTEMPATH\CodeIgniter.php(482): CodeIgniter\CodeIgniter->runController(Object(App\Controllers\admin))
 8 SYSTEMPATH\CodeIgniter.php(351): CodeIgniter\CodeIgniter->handleRequest(null, Object(Config\Cache), false)
 9 FCPATH\index.php(67): CodeIgniter\CodeIgniter->run()
10 SYSTEMPATH\Commands\Server\rewrite.php(46): require_once('FCPATH\\index.php')
CRITICAL - 2022-11-23 03:47:57 --> Undefined variable $data
in APPPATH\Views\Admin\edit.php on line 38.
 1 APPPATH\Views\Admin\edit.php(38): CodeIgniter\Debug\Exceptions->errorHandler(2, 'Undefined variable $data', 'APPPATH\\Views\\Admin\\edit.php', 38)
 2 SYSTEMPATH\View\View.php(213): include('APPPATH\\Views\\Admin\\edit.php')
 3 SYSTEMPATH\View\View.php(216): CodeIgniter\View\View->CodeIgniter\View\{closure}()
 4 SYSTEMPATH\Common.php(1134): CodeIgniter\View\View->render('admin/edit', [], true)
 5 APPPATH\Controllers\admin.php(46): view('admin/edit', [...])
 6 SYSTEMPATH\CodeIgniter.php(927): App\Controllers\admin->edit('1')
 7 SYSTEMPATH\CodeIgniter.php(482): CodeIgniter\CodeIgniter->runController(Object(App\Controllers\admin))
 8 SYSTEMPATH\CodeIgniter.php(351): CodeIgniter\CodeIgniter->handleRequest(null, Object(Config\Cache), false)
 9 FCPATH\index.php(67): CodeIgniter\CodeIgniter->run()
10 SYSTEMPATH\Commands\Server\rewrite.php(46): require_once('FCPATH\\index.php')
CRITICAL - 2022-11-23 03:48:29 --> Undefined variable $prod
in APPPATH\Views\Admin\edit.php on line 41.
 1 APPPATH\Views\Admin\edit.php(41): CodeIgniter\Debug\Exceptions->errorHandler(2, 'Undefined variable $prod', 'APPPATH\\Views\\Admin\\edit.php', 41)
 2 SYSTEMPATH\View\View.php(213): include('APPPATH\\Views\\Admin\\edit.php')
 3 SYSTEMPATH\View\View.php(216): CodeIgniter\View\View->CodeIgniter\View\{closure}()
 4 SYSTEMPATH\Common.php(1134): CodeIgniter\View\View->render('admin/edit', [], true)
 5 APPPATH\Controllers\admin.php(46): view('admin/edit', [...])
 6 SYSTEMPATH\CodeIgniter.php(927): App\Controllers\admin->edit('1')
 7 SYSTEMPATH\CodeIgniter.php(482): CodeIgniter\CodeIgniter->runController(Object(App\Controllers\admin))
 8 SYSTEMPATH\CodeIgniter.php(351): CodeIgniter\CodeIgniter->handleRequest(null, Object(Config\Cache), false)
 9 FCPATH\index.php(67): CodeIgniter\CodeIgniter->run()
10 SYSTEMPATH\Commands\Server\rewrite.php(46): require_once('FCPATH\\index.php')
CRITICAL - 2022-11-23 03:49:53 --> Undefined variable $prod
in APPPATH\Views\Admin\edit.php on line 41.
 1 APPPATH\Views\Admin\edit.php(41): CodeIgniter\Debug\Exceptions->errorHandler(2, 'Undefined variable $prod', 'APPPATH\\Views\\Admin\\edit.php', 41)
 2 SYSTEMPATH\View\View.php(213): include('APPPATH\\Views\\Admin\\edit.php')
 3 SYSTEMPATH\View\View.php(216): CodeIgniter\View\View->CodeIgniter\View\{closure}()
 4 SYSTEMPATH\Common.php(1134): CodeIgniter\View\View->render('admin/edit', [], true)
 5 APPPATH\Controllers\admin.php(46): view('admin/edit')
 6 SYSTEMPATH\CodeIgniter.php(927): App\Controllers\admin->edit('1')
 7 SYSTEMPATH\CodeIgniter.php(482): CodeIgniter\CodeIgniter->runController(Object(App\Controllers\admin))
 8 SYSTEMPATH\CodeIgniter.php(351): CodeIgniter\CodeIgniter->handleRequest(null, Object(Config\Cache), false)
 9 FCPATH\index.php(67): CodeIgniter\CodeIgniter->run()
10 SYSTEMPATH\Commands\Server\rewrite.php(46): require_once('FCPATH\\index.php')
CRITICAL - 2022-11-23 03:49:58 --> Undefined variable $prod
in APPPATH\Views\Admin\edit.php on line 41.
 1 APPPATH\Views\Admin\edit.php(41): CodeIgniter\Debug\Exceptions->errorHandler(2, 'Undefined variable $prod', 'APPPATH\\Views\\Admin\\edit.php', 41)
 2 SYSTEMPATH\View\View.php(213): include('APPPATH\\Views\\Admin\\edit.php')
 3 SYSTEMPATH\View\View.php(216): CodeIgniter\View\View->CodeIgniter\View\{closure}()
 4 SYSTEMPATH\Common.php(1134): CodeIgniter\View\View->render('admin/edit', [], true)
 5 APPPATH\Controllers\admin.php(46): view('admin/edit')
 6 SYSTEMPATH\CodeIgniter.php(927): App\Controllers\admin->edit('1')
 7 SYSTEMPATH\CodeIgniter.php(482): CodeIgniter\CodeIgniter->runController(Object(App\Controllers\admin))
 8 SYSTEMPATH\CodeIgniter.php(351): CodeIgniter\CodeIgniter->handleRequest(null, Object(Config\Cache), false)
 9 FCPATH\index.php(67): CodeIgniter\CodeIgniter->run()
10 SYSTEMPATH\Commands\Server\rewrite.php(46): require_once('FCPATH\\index.php')
CRITICAL - 2022-11-23 03:50:55 --> Undefined variable $prod
in APPPATH\Views\Admin\edit.php on line 41.
 1 APPPATH\Views\Admin\edit.php(41): CodeIgniter\Debug\Exceptions->errorHandler(2, 'Undefined variable $prod', 'APPPATH\\Views\\Admin\\edit.php', 41)
 2 SYSTEMPATH\View\View.php(213): include('APPPATH\\Views\\Admin\\edit.php')
 3 SYSTEMPATH\View\View.php(216): CodeIgniter\View\View->CodeIgniter\View\{closure}()
 4 SYSTEMPATH\Common.php(1134): CodeIgniter\View\View->render('admin/edit', [], true)
 5 APPPATH\Controllers\admin.php(46): view('admin/edit')
 6 SYSTEMPATH\CodeIgniter.php(927): App\Controllers\admin->edit('1')
 7 SYSTEMPATH\CodeIgniter.php(482): CodeIgniter\CodeIgniter->runController(Object(App\Controllers\admin))
 8 SYSTEMPATH\CodeIgniter.php(351): CodeIgniter\CodeIgniter->handleRequest(null, Object(Config\Cache), false)
 9 FCPATH\index.php(67): CodeIgniter\CodeIgniter->run()
10 SYSTEMPATH\Commands\Server\rewrite.php(46): require_once('FCPATH\\index.php')
CRITICAL - 2022-11-23 03:53:02 --> Undefined variable $products
in APPPATH\Views\Admin\edit.php on line 38.
 1 APPPATH\Views\Admin\edit.php(38): CodeIgniter\Debug\Exceptions->errorHandler(2, 'Undefined variable $products', 'APPPATH\\Views\\Admin\\edit.php', 38)
 2 SYSTEMPATH\View\View.php(213): include('APPPATH\\Views\\Admin\\edit.php')
 3 SYSTEMPATH\View\View.php(216): CodeIgniter\View\View->CodeIgniter\View\{closure}()
 4 SYSTEMPATH\Common.php(1134): CodeIgniter\View\View->render('admin/edit', [], true)
 5 APPPATH\Controllers\admin.php(46): view('admin/edit')
 6 SYSTEMPATH\CodeIgniter.php(927): App\Controllers\admin->edit('1')
 7 SYSTEMPATH\CodeIgniter.php(482): CodeIgniter\CodeIgniter->runController(Object(App\Controllers\admin))
 8 SYSTEMPATH\CodeIgniter.php(351): CodeIgniter\CodeIgniter->handleRequest(null, Object(Config\Cache), false)
 9 FCPATH\index.php(67): CodeIgniter\CodeIgniter->run()
10 SYSTEMPATH\Commands\Server\rewrite.php(46): require_once('FCPATH\\index.php')
CRITICAL - 2022-11-23 03:58:53 --> Undefined variable $data
in APPPATH\Views\Admin\edit.php on line 38.
 1 APPPATH\Views\Admin\edit.php(38): CodeIgniter\Debug\Exceptions->errorHandler(2, 'Undefined variable $data', 'APPPATH\\Views\\Admin\\edit.php', 38)
 2 SYSTEMPATH\View\View.php(213): include('APPPATH\\Views\\Admin\\edit.php')
 3 SYSTEMPATH\View\View.php(216): CodeIgniter\View\View->CodeIgniter\View\{closure}()
 4 SYSTEMPATH\Common.php(1134): CodeIgniter\View\View->render('admin/edit', [], true)
 5 APPPATH\Controllers\admin.php(46): view('admin/edit', [...])
 6 SYSTEMPATH\CodeIgniter.php(927): App\Controllers\admin->edit('1')
 7 SYSTEMPATH\CodeIgniter.php(482): CodeIgniter\CodeIgniter->runController(Object(App\Controllers\admin))
 8 SYSTEMPATH\CodeIgniter.php(351): CodeIgniter\CodeIgniter->handleRequest(null, Object(Config\Cache), false)
 9 FCPATH\index.php(67): CodeIgniter\CodeIgniter->run()
10 SYSTEMPATH\Commands\Server\rewrite.php(46): require_once('FCPATH\\index.php')
CRITICAL - 2022-11-23 04:00:38 --> Undefined variable $data
in APPPATH\Views\Admin\edit.php on line 38.
 1 APPPATH\Views\Admin\edit.php(38): CodeIgniter\Debug\Exceptions->errorHandler(2, 'Undefined variable $data', 'APPPATH\\Views\\Admin\\edit.php', 38)
 2 SYSTEMPATH\View\View.php(213): include('APPPATH\\Views\\Admin\\edit.php')
 3 SYSTEMPATH\View\View.php(216): CodeIgniter\View\View->CodeIgniter\View\{closure}()
 4 SYSTEMPATH\Common.php(1134): CodeIgniter\View\View->render('admin/edit', [], true)
 5 APPPATH\Controllers\admin.php(46): view('admin/edit', [...])
 6 SYSTEMPATH\CodeIgniter.php(927): App\Controllers\admin->edit('1')
 7 SYSTEMPATH\CodeIgniter.php(482): CodeIgniter\CodeIgniter->runController(Object(App\Controllers\admin))
 8 SYSTEMPATH\CodeIgniter.php(351): CodeIgniter\CodeIgniter->handleRequest(null, Object(Config\Cache), false)
 9 FCPATH\index.php(67): CodeIgniter\CodeIgniter->run()
10 SYSTEMPATH\Commands\Server\rewrite.php(46): require_once('FCPATH\\index.php')
CRITICAL - 2022-11-23 04:01:13 --> Cannot access offset of type string on string
in APPPATH\Views\Admin\edit.php on line 41.
 1 SYSTEMPATH\View\View.php(213): include()
 2 SYSTEMPATH\View\View.php(216): CodeIgniter\View\View->CodeIgniter\View\{closure}()
 3 SYSTEMPATH\Common.php(1134): CodeIgniter\View\View->render('admin/edit', [], true)
 4 APPPATH\Controllers\admin.php(46): view('admin/edit', [...])
 5 SYSTEMPATH\CodeIgniter.php(927): App\Controllers\admin->edit('1')
 6 SYSTEMPATH\CodeIgniter.php(482): CodeIgniter\CodeIgniter->runController(Object(App\Controllers\admin))
 7 SYSTEMPATH\CodeIgniter.php(351): CodeIgniter\CodeIgniter->handleRequest(null, Object(Config\Cache), false)
 8 FCPATH\index.php(67): CodeIgniter\CodeIgniter->run()
 9 SYSTEMPATH\Commands\Server\rewrite.php(46): require_once('FCPATH\\index.php')
CRITICAL - 2022-11-23 04:03:10 --> Cannot access offset of type string on string
in APPPATH\Views\Admin\edit.php on line 41.
 1 SYSTEMPATH\View\View.php(213): include()
 2 SYSTEMPATH\View\View.php(216): CodeIgniter\View\View->CodeIgniter\View\{closure}()
 3 SYSTEMPATH\Common.php(1134): CodeIgniter\View\View->render('admin/edit', [], true)
 4 APPPATH\Controllers\admin.php(46): view('admin/edit', [...])
 5 SYSTEMPATH\CodeIgniter.php(927): App\Controllers\admin->edit('1')
 6 SYSTEMPATH\CodeIgniter.php(482): CodeIgniter\CodeIgniter->runController(Object(App\Controllers\admin))
 7 SYSTEMPATH\CodeIgniter.php(351): CodeIgniter\CodeIgniter->handleRequest(null, Object(Config\Cache), false)
 8 FCPATH\index.php(67): CodeIgniter\CodeIgniter->run()
 9 SYSTEMPATH\Commands\Server\rewrite.php(46): require_once('FCPATH\\index.php')
CRITICAL - 2022-11-23 04:09:39 --> Undefined variable $id
in APPPATH\Views\Admin\edit.php on line 38.
 1 APPPATH\Views\Admin\edit.php(38): CodeIgniter\Debug\Exceptions->errorHandler(2, 'Undefined variable $id', 'APPPATH\\Views\\Admin\\edit.php', 38)
 2 SYSTEMPATH\View\View.php(213): include('APPPATH\\Views\\Admin\\edit.php')
 3 SYSTEMPATH\View\View.php(216): CodeIgniter\View\View->CodeIgniter\View\{closure}()
 4 SYSTEMPATH\Common.php(1134): CodeIgniter\View\View->render('admin/edit', [], true)
 5 APPPATH\Controllers\admin.php(46): view('admin/edit', [...])
 6 SYSTEMPATH\CodeIgniter.php(927): App\Controllers\admin->edit('1')
 7 SYSTEMPATH\CodeIgniter.php(482): CodeIgniter\CodeIgniter->runController(Object(App\Controllers\admin))
 8 SYSTEMPATH\CodeIgniter.php(351): CodeIgniter\CodeIgniter->handleRequest(null, Object(Config\Cache), false)
 9 FCPATH\index.php(67): CodeIgniter\CodeIgniter->run()
10 SYSTEMPATH\Commands\Server\rewrite.php(46): require_once('FCPATH\\index.php')
CRITICAL - 2022-11-23 04:10:11 --> Cannot access offset of type string on string
in APPPATH\Views\Admin\edit.php on line 41.
 1 SYSTEMPATH\View\View.php(213): include()
 2 SYSTEMPATH\View\View.php(216): CodeIgniter\View\View->CodeIgniter\View\{closure}()
 3 SYSTEMPATH\Common.php(1134): CodeIgniter\View\View->render('admin/edit', [], true)
 4 APPPATH\Controllers\admin.php(46): view('admin/edit', [...])
 5 SYSTEMPATH\CodeIgniter.php(927): App\Controllers\admin->edit('1')
 6 SYSTEMPATH\CodeIgniter.php(482): CodeIgniter\CodeIgniter->runController(Object(App\Controllers\admin))
 7 SYSTEMPATH\CodeIgniter.php(351): CodeIgniter\CodeIgniter->handleRequest(null, Object(Config\Cache), false)
 8 FCPATH\index.php(67): CodeIgniter\CodeIgniter->run()
 9 SYSTEMPATH\Commands\Server\rewrite.php(46): require_once('FCPATH\\index.php')
CRITICAL - 2022-11-23 04:14:24 --> Cannot access offset of type string on string
in APPPATH\Views\Admin\edit.php on line 41.
 1 SYSTEMPATH\View\View.php(213): include()
 2 SYSTEMPATH\View\View.php(216): CodeIgniter\View\View->CodeIgniter\View\{closure}()
 3 SYSTEMPATH\Common.php(1134): CodeIgniter\View\View->render('admin/edit', [], true)
 4 APPPATH\Controllers\admin.php(46): view('admin/edit', [...])
 5 SYSTEMPATH\CodeIgniter.php(927): App\Controllers\admin->edit('1')
 6 SYSTEMPATH\CodeIgniter.php(482): CodeIgniter\CodeIgniter->runController(Object(App\Controllers\admin))
 7 SYSTEMPATH\CodeIgniter.php(351): CodeIgniter\CodeIgniter->handleRequest(null, Object(Config\Cache), false)
 8 FCPATH\index.php(67): CodeIgniter\CodeIgniter->run()
 9 SYSTEMPATH\Commands\Server\rewrite.php(46): require_once('FCPATH\\index.php')
CRITICAL - 2022-11-23 04:14:35 --> Cannot access offset of type string on string
in APPPATH\Views\Admin\edit.php on line 41.
 1 SYSTEMPATH\View\View.php(213): include()
 2 SYSTEMPATH\View\View.php(216): CodeIgniter\View\View->CodeIgniter\View\{closure}()
 3 SYSTEMPATH\Common.php(1134): CodeIgniter\View\View->render('admin/edit', [], true)
 4 APPPATH\Controllers\admin.php(46): view('admin/edit', [...])
 5 SYSTEMPATH\CodeIgniter.php(927): App\Controllers\admin->edit('1')
 6 SYSTEMPATH\CodeIgniter.php(482): CodeIgniter\CodeIgniter->runController(Object(App\Controllers\admin))
 7 SYSTEMPATH\CodeIgniter.php(351): CodeIgniter\CodeIgniter->handleRequest(null, Object(Config\Cache), false)
 8 FCPATH\index.php(67): CodeIgniter\CodeIgniter->run()
 9 SYSTEMPATH\Commands\Server\rewrite.php(46): require_once('FCPATH\\index.php')
CRITICAL - 2022-11-23 04:15:13 --> Undefined variable $name
in APPPATH\Views\Admin\edit.php on line 41.
 1 APPPATH\Views\Admin\edit.php(41): CodeIgniter\Debug\Exceptions->errorHandler(2, 'Undefined variable $name', 'APPPATH\\Views\\Admin\\edit.php', 41)
 2 SYSTEMPATH\View\View.php(213): include('APPPATH\\Views\\Admin\\edit.php')
 3 SYSTEMPATH\View\View.php(216): CodeIgniter\View\View->CodeIgniter\View\{closure}()
 4 SYSTEMPATH\Common.php(1134): CodeIgniter\View\View->render('admin/edit', [], true)
 5 APPPATH\Controllers\admin.php(46): view('admin/edit', [...])
 6 SYSTEMPATH\CodeIgniter.php(927): App\Controllers\admin->edit('1')
 7 SYSTEMPATH\CodeIgniter.php(482): CodeIgniter\CodeIgniter->runController(Object(App\Controllers\admin))
 8 SYSTEMPATH\CodeIgniter.php(351): CodeIgniter\CodeIgniter->handleRequest(null, Object(Config\Cache), false)
 9 FCPATH\index.php(67): CodeIgniter\CodeIgniter->run()
10 SYSTEMPATH\Commands\Server\rewrite.php(46): require_once('FCPATH\\index.php')
CRITICAL - 2022-11-23 04:15:34 --> Cannot access offset of type string on string
in APPPATH\Views\Admin\edit.php on line 41.
 1 SYSTEMPATH\View\View.php(213): include()
 2 SYSTEMPATH\View\View.php(216): CodeIgniter\View\View->CodeIgniter\View\{closure}()
 3 SYSTEMPATH\Common.php(1134): CodeIgniter\View\View->render('admin/edit', [], true)
 4 APPPATH\Controllers\admin.php(46): view('admin/edit', [...])
 5 SYSTEMPATH\CodeIgniter.php(927): App\Controllers\admin->edit('1')
 6 SYSTEMPATH\CodeIgniter.php(482): CodeIgniter\CodeIgniter->runController(Object(App\Controllers\admin))
 7 SYSTEMPATH\CodeIgniter.php(351): CodeIgniter\CodeIgniter->handleRequest(null, Object(Config\Cache), false)
 8 FCPATH\index.php(67): CodeIgniter\CodeIgniter->run()
 9 SYSTEMPATH\Commands\Server\rewrite.php(46): require_once('FCPATH\\index.php')
CRITICAL - 2022-11-23 04:18:08 --> Cannot access offset of type string on string
in APPPATH\Views\Admin\edit.php on line 41.
 1 SYSTEMPATH\View\View.php(213): include()
 2 SYSTEMPATH\View\View.php(216): CodeIgniter\View\View->CodeIgniter\View\{closure}()
 3 SYSTEMPATH\Common.php(1134): CodeIgniter\View\View->render('admin/edit', [], true)
 4 APPPATH\Controllers\admin.php(46): view('admin/edit', [...])
 5 SYSTEMPATH\CodeIgniter.php(927): App\Controllers\admin->edit('1')
 6 SYSTEMPATH\CodeIgniter.php(482): CodeIgniter\CodeIgniter->runController(Object(App\Controllers\admin))
 7 SYSTEMPATH\CodeIgniter.php(351): CodeIgniter\CodeIgniter->handleRequest(null, Object(Config\Cache), false)
 8 FCPATH\index.php(67): CodeIgniter\CodeIgniter->run()
 9 SYSTEMPATH\Commands\Server\rewrite.php(46): require_once('FCPATH\\index.php')
CRITICAL - 2022-11-23 04:19:20 --> Array to string conversion
in APPPATH\Views\Admin\edit.php on line 41.
 1 APPPATH\Views\Admin\edit.php(41): CodeIgniter\Debug\Exceptions->errorHandler(2, 'Array to string conversion', 'APPPATH\\Views\\Admin\\edit.php', 41)
 2 SYSTEMPATH\View\View.php(213): include('APPPATH\\Views\\Admin\\edit.php')
 3 SYSTEMPATH\View\View.php(216): CodeIgniter\View\View->CodeIgniter\View\{closure}()
 4 SYSTEMPATH\Common.php(1134): CodeIgniter\View\View->render('admin/edit', [], true)
 5 APPPATH\Controllers\admin.php(46): view('admin/edit', [...])
 6 SYSTEMPATH\CodeIgniter.php(927): App\Controllers\admin->edit('1')
 7 SYSTEMPATH\CodeIgniter.php(482): CodeIgniter\CodeIgniter->runController(Object(App\Controllers\admin))
 8 SYSTEMPATH\CodeIgniter.php(351): CodeIgniter\CodeIgniter->handleRequest(null, Object(Config\Cache), false)
 9 FCPATH\index.php(67): CodeIgniter\CodeIgniter->run()
10 SYSTEMPATH\Commands\Server\rewrite.php(46): require_once('FCPATH\\index.php')
CRITICAL - 2022-11-23 04:19:41 --> Undefined variable $prod
in APPPATH\Views\Admin\edit.php on line 41.
 1 APPPATH\Views\Admin\edit.php(41): CodeIgniter\Debug\Exceptions->errorHandler(2, 'Undefined variable $prod', 'APPPATH\\Views\\Admin\\edit.php', 41)
 2 SYSTEMPATH\View\View.php(213): include('APPPATH\\Views\\Admin\\edit.php')
 3 SYSTEMPATH\View\View.php(216): CodeIgniter\View\View->CodeIgniter\View\{closure}()
 4 SYSTEMPATH\Common.php(1134): CodeIgniter\View\View->render('admin/edit', [], true)
 5 APPPATH\Controllers\admin.php(46): view('admin/edit', [...])
 6 SYSTEMPATH\CodeIgniter.php(927): App\Controllers\admin->edit('1')
 7 SYSTEMPATH\CodeIgniter.php(482): CodeIgniter\CodeIgniter->runController(Object(App\Controllers\admin))
 8 SYSTEMPATH\CodeIgniter.php(351): CodeIgniter\CodeIgniter->handleRequest(null, Object(Config\Cache), false)
 9 FCPATH\index.php(67): CodeIgniter\CodeIgniter->run()
10 SYSTEMPATH\Commands\Server\rewrite.php(46): require_once('FCPATH\\index.php')
CRITICAL - 2022-11-23 04:20:53 --> Undefined variable $prod
in APPPATH\Views\Admin\edit.php on line 41.
 1 APPPATH\Views\Admin\edit.php(41): CodeIgniter\Debug\Exceptions->errorHandler(2, 'Undefined variable $prod', 'APPPATH\\Views\\Admin\\edit.php', 41)
 2 SYSTEMPATH\View\View.php(213): include('APPPATH\\Views\\Admin\\edit.php')
 3 SYSTEMPATH\View\View.php(216): CodeIgniter\View\View->CodeIgniter\View\{closure}()
 4 SYSTEMPATH\Common.php(1134): CodeIgniter\View\View->render('admin/edit', [], true)
 5 APPPATH\Controllers\admin.php(46): view('admin/edit', [...])
 6 SYSTEMPATH\CodeIgniter.php(927): App\Controllers\admin->edit('1')
 7 SYSTEMPATH\CodeIgniter.php(482): CodeIgniter\CodeIgniter->runController(Object(App\Controllers\admin))
 8 SYSTEMPATH\CodeIgniter.php(351): CodeIgniter\CodeIgniter->handleRequest(null, Object(Config\Cache), false)
 9 FCPATH\index.php(67): CodeIgniter\CodeIgniter->run()
10 SYSTEMPATH\Commands\Server\rewrite.php(46): require_once('FCPATH\\index.php')
CRITICAL - 2022-11-23 04:21:01 --> Undefined variable $prod
in APPPATH\Views\Admin\edit.php on line 41.
 1 APPPATH\Views\Admin\edit.php(41): CodeIgniter\Debug\Exceptions->errorHandler(2, 'Undefined variable $prod', 'APPPATH\\Views\\Admin\\edit.php', 41)
 2 SYSTEMPATH\View\View.php(213): include('APPPATH\\Views\\Admin\\edit.php')
 3 SYSTEMPATH\View\View.php(216): CodeIgniter\View\View->CodeIgniter\View\{closure}()
 4 SYSTEMPATH\Common.php(1134): CodeIgniter\View\View->render('admin/edit', [], true)
 5 APPPATH\Controllers\admin.php(46): view('admin/edit', [...])
 6 SYSTEMPATH\CodeIgniter.php(927): App\Controllers\admin->edit('1')
 7 SYSTEMPATH\CodeIgniter.php(482): CodeIgniter\CodeIgniter->runController(Object(App\Controllers\admin))
 8 SYSTEMPATH\CodeIgniter.php(351): CodeIgniter\CodeIgniter->handleRequest(null, Object(Config\Cache), false)
 9 FCPATH\index.php(67): CodeIgniter\CodeIgniter->run()
10 SYSTEMPATH\Commands\Server\rewrite.php(46): require_once('FCPATH\\index.php')
CRITICAL - 2022-11-23 04:22:09 --> Cannot access offset of type string on string
in APPPATH\Views\Admin\edit.php on line 41.
 1 SYSTEMPATH\View\View.php(213): include()
 2 SYSTEMPATH\View\View.php(216): CodeIgniter\View\View->CodeIgniter\View\{closure}()
 3 SYSTEMPATH\Common.php(1134): CodeIgniter\View\View->render('admin/edit', [], true)
 4 APPPATH\Controllers\admin.php(46): view('admin/edit', [...])
 5 SYSTEMPATH\CodeIgniter.php(927): App\Controllers\admin->edit('1')
 6 SYSTEMPATH\CodeIgniter.php(482): CodeIgniter\CodeIgniter->runController(Object(App\Controllers\admin))
 7 SYSTEMPATH\CodeIgniter.php(351): CodeIgniter\CodeIgniter->handleRequest(null, Object(Config\Cache), false)
 8 FCPATH\index.php(67): CodeIgniter\CodeIgniter->run()
 9 SYSTEMPATH\Commands\Server\rewrite.php(46): require_once('FCPATH\\index.php')
CRITICAL - 2022-11-23 04:25:07 --> Cannot access offset of type string on string
in APPPATH\Views\Admin\edit.php on line 41.
 1 SYSTEMPATH\View\View.php(213): include()
 2 SYSTEMPATH\View\View.php(216): CodeIgniter\View\View->CodeIgniter\View\{closure}()
 3 SYSTEMPATH\Common.php(1134): CodeIgniter\View\View->render('admin/edit', [], true)
 4 APPPATH\Controllers\admin.php(46): view('admin/edit', [...])
 5 SYSTEMPATH\CodeIgniter.php(927): App\Controllers\admin->edit('1')
 6 SYSTEMPATH\CodeIgniter.php(482): CodeIgniter\CodeIgniter->runController(Object(App\Controllers\admin))
 7 SYSTEMPATH\CodeIgniter.php(351): CodeIgniter\CodeIgniter->handleRequest(null, Object(Config\Cache), false)
 8 FCPATH\index.php(67): CodeIgniter\CodeIgniter->run()
 9 SYSTEMPATH\Commands\Server\rewrite.php(46): require_once('FCPATH\\index.php')
CRITICAL - 2022-11-23 04:25:29 --> Cannot access offset of type string on string
in APPPATH\Views\Admin\edit.php on line 41.
 1 SYSTEMPATH\View\View.php(213): include()
 2 SYSTEMPATH\View\View.php(216): CodeIgniter\View\View->CodeIgniter\View\{closure}()
 3 SYSTEMPATH\Common.php(1134): CodeIgniter\View\View->render('admin/edit', [], true)
 4 APPPATH\Controllers\admin.php(46): view('admin/edit', [...])
 5 SYSTEMPATH\CodeIgniter.php(927): App\Controllers\admin->edit('1')
 6 SYSTEMPATH\CodeIgniter.php(482): CodeIgniter\CodeIgniter->runController(Object(App\Controllers\admin))
 7 SYSTEMPATH\CodeIgniter.php(351): CodeIgniter\CodeIgniter->handleRequest(null, Object(Config\Cache), false)
 8 FCPATH\index.php(67): CodeIgniter\CodeIgniter->run()
 9 SYSTEMPATH\Commands\Server\rewrite.php(46): require_once('FCPATH\\index.php')
CRITICAL - 2022-11-23 04:25:34 --> Cannot access offset of type string on string
in APPPATH\Views\Admin\edit.php on line 41.
 1 SYSTEMPATH\View\View.php(213): include()
 2 SYSTEMPATH\View\View.php(216): CodeIgniter\View\View->CodeIgniter\View\{closure}()
 3 SYSTEMPATH\Common.php(1134): CodeIgniter\View\View->render('admin/edit', [], true)
 4 APPPATH\Controllers\admin.php(46): view('admin/edit', [...])
 5 SYSTEMPATH\CodeIgniter.php(927): App\Controllers\admin->edit('2')
 6 SYSTEMPATH\CodeIgniter.php(482): CodeIgniter\CodeIgniter->runController(Object(App\Controllers\admin))
 7 SYSTEMPATH\CodeIgniter.php(351): CodeIgniter\CodeIgniter->handleRequest(null, Object(Config\Cache), false)
 8 FCPATH\index.php(67): CodeIgniter\CodeIgniter->run()
 9 SYSTEMPATH\Commands\Server\rewrite.php(46): require_once('FCPATH\\index.php')
CRITICAL - 2022-11-23 04:27:08 --> Cannot access offset of type string on string
in APPPATH\Views\Admin\edit.php on line 41.
 1 SYSTEMPATH\View\View.php(213): include()
 2 SYSTEMPATH\View\View.php(216): CodeIgniter\View\View->CodeIgniter\View\{closure}()
 3 SYSTEMPATH\Common.php(1134): CodeIgniter\View\View->render('admin/edit', [], true)
 4 APPPATH\Controllers\admin.php(46): view('admin/edit', [...])
 5 SYSTEMPATH\CodeIgniter.php(927): App\Controllers\admin->edit('2')
 6 SYSTEMPATH\CodeIgniter.php(482): CodeIgniter\CodeIgniter->runController(Object(App\Controllers\admin))
 7 SYSTEMPATH\CodeIgniter.php(351): CodeIgniter\CodeIgniter->handleRequest(null, Object(Config\Cache), false)
 8 FCPATH\index.php(67): CodeIgniter\CodeIgniter->run()
 9 SYSTEMPATH\Commands\Server\rewrite.php(46): require_once('FCPATH\\index.php')
CRITICAL - 2022-11-23 04:27:14 --> Cannot access offset of type string on string
in APPPATH\Views\Admin\edit.php on line 41.
 1 SYSTEMPATH\View\View.php(213): include()
 2 SYSTEMPATH\View\View.php(216): CodeIgniter\View\View->CodeIgniter\View\{closure}()
 3 SYSTEMPATH\Common.php(1134): CodeIgniter\View\View->render('admin/edit', [], true)
 4 APPPATH\Controllers\admin.php(46): view('admin/edit', [...])
 5 SYSTEMPATH\CodeIgniter.php(927): App\Controllers\admin->edit('1')
 6 SYSTEMPATH\CodeIgniter.php(482): CodeIgniter\CodeIgniter->runController(Object(App\Controllers\admin))
 7 SYSTEMPATH\CodeIgniter.php(351): CodeIgniter\CodeIgniter->handleRequest(null, Object(Config\Cache), false)
 8 FCPATH\index.php(67): CodeIgniter\CodeIgniter->run()
 9 SYSTEMPATH\Commands\Server\rewrite.php(46): require_once('FCPATH\\index.php')
CRITICAL - 2022-11-23 04:32:31 --> Undefined variable $data
in APPPATH\Views\Admin\edit.php on line 41.
 1 APPPATH\Views\Admin\edit.php(41): CodeIgniter\Debug\Exceptions->errorHandler(2, 'Undefined variable $data', 'APPPATH\\Views\\Admin\\edit.php', 41)
 2 SYSTEMPATH\View\View.php(213): include('APPPATH\\Views\\Admin\\edit.php')
 3 SYSTEMPATH\View\View.php(216): CodeIgniter\View\View->CodeIgniter\View\{closure}()
 4 SYSTEMPATH\Common.php(1134): CodeIgniter\View\View->render('admin/edit', [], true)
 5 APPPATH\Controllers\admin.php(46): view('admin/edit', [...])
 6 SYSTEMPATH\CodeIgniter.php(927): App\Controllers\admin->edit('1')
 7 SYSTEMPATH\CodeIgniter.php(482): CodeIgniter\CodeIgniter->runController(Object(App\Controllers\admin))
 8 SYSTEMPATH\CodeIgniter.php(351): CodeIgniter\CodeIgniter->handleRequest(null, Object(Config\Cache), false)
 9 FCPATH\index.php(67): CodeIgniter\CodeIgniter->run()
10 SYSTEMPATH\Commands\Server\rewrite.php(46): require_once('FCPATH\\index.php')
CRITICAL - 2022-11-23 04:33:24 --> Undefined variable $data
in APPPATH\Views\Admin\edit.php on line 41.
 1 APPPATH\Views\Admin\edit.php(41): CodeIgniter\Debug\Exceptions->errorHandler(2, 'Undefined variable $data', 'APPPATH\\Views\\Admin\\edit.php', 41)
 2 SYSTEMPATH\View\View.php(213): include('APPPATH\\Views\\Admin\\edit.php')
 3 SYSTEMPATH\View\View.php(216): CodeIgniter\View\View->CodeIgniter\View\{closure}()
 4 SYSTEMPATH\Common.php(1134): CodeIgniter\View\View->render('admin/edit', [], true)
 5 APPPATH\Controllers\admin.php(46): view('admin/edit', [...])
 6 SYSTEMPATH\CodeIgniter.php(927): App\Controllers\admin->edit('1')
 7 SYSTEMPATH\CodeIgniter.php(482): CodeIgniter\CodeIgniter->runController(Object(App\Controllers\admin))
 8 SYSTEMPATH\CodeIgniter.php(351): CodeIgniter\CodeIgniter->handleRequest(null, Object(Config\Cache), false)
 9 FCPATH\index.php(67): CodeIgniter\CodeIgniter->run()
10 SYSTEMPATH\Commands\Server\rewrite.php(46): require_once('FCPATH\\index.php')
CRITICAL - 2022-11-23 04:33:57 --> Undefined variable $data
in APPPATH\Views\Admin\edit.php on line 41.
 1 APPPATH\Views\Admin\edit.php(41): CodeIgniter\Debug\Exceptions->errorHandler(2, 'Undefined variable $data', 'APPPATH\\Views\\Admin\\edit.php', 41)
 2 SYSTEMPATH\View\View.php(213): include('APPPATH\\Views\\Admin\\edit.php')
 3 SYSTEMPATH\View\View.php(216): CodeIgniter\View\View->CodeIgniter\View\{closure}()
 4 SYSTEMPATH\Common.php(1134): CodeIgniter\View\View->render('admin/edit', [], true)
 5 APPPATH\Controllers\admin.php(46): view('admin/edit', [...])
 6 SYSTEMPATH\CodeIgniter.php(927): App\Controllers\admin->edit('1')
 7 SYSTEMPATH\CodeIgniter.php(482): CodeIgniter\CodeIgniter->runController(Object(App\Controllers\admin))
 8 SYSTEMPATH\CodeIgniter.php(351): CodeIgniter\CodeIgniter->handleRequest(null, Object(Config\Cache), false)
 9 FCPATH\index.php(67): CodeIgniter\CodeIgniter->run()
10 SYSTEMPATH\Commands\Server\rewrite.php(46): require_once('FCPATH\\index.php')
CRITICAL - 2022-11-23 04:34:38 --> Undefined variable $data
in APPPATH\Views\Admin\edit.php on line 41.
 1 APPPATH\Views\Admin\edit.php(41): CodeIgniter\Debug\Exceptions->errorHandler(2, 'Undefined variable $data', 'APPPATH\\Views\\Admin\\edit.php', 41)
 2 SYSTEMPATH\View\View.php(213): include('APPPATH\\Views\\Admin\\edit.php')
 3 SYSTEMPATH\View\View.php(216): CodeIgniter\View\View->CodeIgniter\View\{closure}()
 4 SYSTEMPATH\Common.php(1134): CodeIgniter\View\View->render('admin/edit.php', [], true)
 5 APPPATH\Controllers\admin.php(46): view('admin/edit.php', [...])
 6 SYSTEMPATH\CodeIgniter.php(927): App\Controllers\admin->edit('1')
 7 SYSTEMPATH\CodeIgniter.php(482): CodeIgniter\CodeIgniter->runController(Object(App\Controllers\admin))
 8 SYSTEMPATH\CodeIgniter.php(351): CodeIgniter\CodeIgniter->handleRequest(null, Object(Config\Cache), false)
 9 FCPATH\index.php(67): CodeIgniter\CodeIgniter->run()
10 SYSTEMPATH\Commands\Server\rewrite.php(46): require_once('FCPATH\\index.php')
CRITICAL - 2022-11-23 04:34:50 --> Undefined variable $data
in APPPATH\Views\Admin\edit.php on line 41.
 1 APPPATH\Views\Admin\edit.php(41): CodeIgniter\Debug\Exceptions->errorHandler(2, 'Undefined variable $data', 'APPPATH\\Views\\Admin\\edit.php', 41)
 2 SYSTEMPATH\View\View.php(213): include('APPPATH\\Views\\Admin\\edit.php')
 3 SYSTEMPATH\View\View.php(216): CodeIgniter\View\View->CodeIgniter\View\{closure}()
 4 SYSTEMPATH\Common.php(1134): CodeIgniter\View\View->render('admin/edit.php', [], true)
 5 APPPATH\Controllers\admin.php(46): view('admin/edit.php', [...])
 6 SYSTEMPATH\CodeIgniter.php(927): App\Controllers\admin->edit('1')
 7 SYSTEMPATH\CodeIgniter.php(482): CodeIgniter\CodeIgniter->runController(Object(App\Controllers\admin))
 8 SYSTEMPATH\CodeIgniter.php(351): CodeIgniter\CodeIgniter->handleRequest(null, Object(Config\Cache), false)
 9 FCPATH\index.php(67): CodeIgniter\CodeIgniter->run()
10 SYSTEMPATH\Commands\Server\rewrite.php(46): require_once('FCPATH\\index.php')
CRITICAL - 2022-11-23 05:06:10 --> syntax error, unexpected end of file, expecting "elseif" or "else" or "endif"
in APPPATH\Views\Admin\products.php on line 107.
 1 SYSTEMPATH\View\View.php(216): CodeIgniter\View\View->CodeIgniter\View\{closure}()
 2 SYSTEMPATH\Common.php(1134): CodeIgniter\View\View->render('admin/products', [], true)
 3 APPPATH\Controllers\admin.php(17): view('admin/products', [...])
 4 SYSTEMPATH\CodeIgniter.php(927): App\Controllers\admin->products()
 5 SYSTEMPATH\CodeIgniter.php(482): CodeIgniter\CodeIgniter->runController(Object(App\Controllers\admin))
 6 SYSTEMPATH\CodeIgniter.php(351): CodeIgniter\CodeIgniter->handleRequest(null, Object(Config\Cache), false)
 7 FCPATH\index.php(67): CodeIgniter\CodeIgniter->run()
 8 SYSTEMPATH\Commands\Server\rewrite.php(46): require_once('FCPATH\\index.php')
ERROR - 2022-11-23 09:05:21 --> Error connecting to the database: mysqli_sql_exception: No connection could be made because the target machine actively refused it in C:\xampp\htdocs\ci4\system\Database\MySQLi\Connection.php:171
Stack trace:
#0 C:\xampp\htdocs\ci4\system\Database\MySQLi\Connection.php(171): mysqli->real_connect('localhost', 'root', '', 'project_ci4', 3306, '', 0)
#1 C:\xampp\htdocs\ci4\system\Database\BaseConnection.php(382): CodeIgniter\Database\MySQLi\Connection->connect(false)
#2 C:\xampp\htdocs\ci4\system\Database\BaseConnection.php(561): CodeIgniter\Database\BaseConnection->initialize()
#3 C:\xampp\htdocs\ci4\system\Database\BaseBuilder.php(1585): CodeIgniter\Database\BaseConnection->query('SELECT *\nFROM `...', Array, false)
#4 C:\xampp\htdocs\ci4\system\Model.php(223): CodeIgniter\Database\BaseBuilder->get()
#5 C:\xampp\htdocs\ci4\system\BaseModel.php(585): CodeIgniter\Model->doFindAll(0, 0)
#6 C:\xampp\htdocs\ci4\app\Controllers\admin.php(14): CodeIgniter\BaseModel->findAll()
#7 C:\xampp\htdocs\ci4\system\CodeIgniter.php(927): App\Controllers\admin->products()
#8 C:\xampp\htdocs\ci4\system\CodeIgniter.php(482): CodeIgniter\CodeIgniter->runController(Object(App\Controllers\admin))
#9 C:\xampp\htdocs\ci4\system\CodeIgniter.php(351): CodeIgniter\CodeIgniter->handleRequest(NULL, Object(Config\Cache), false)
#10 C:\xampp\htdocs\ci4\public\index.php(67): CodeIgniter\CodeIgniter->run()
#11 C:\xampp\htdocs\ci4\system\Commands\Server\rewrite.php(46): require_once('C:\\xampp\\htdocs...')
#12 {main}

Next CodeIgniter\Database\Exceptions\DatabaseException: No connection could be made because the target machine actively refused it in C:\xampp\htdocs\ci4\system\Database\MySQLi\Connection.php:215
Stack trace:
#0 C:\xampp\htdocs\ci4\system\Database\BaseConnection.php(382): CodeIgniter\Database\MySQLi\Connection->connect(false)
#1 C:\xampp\htdocs\ci4\system\Database\BaseConnection.php(561): CodeIgniter\Database\BaseConnection->initialize()
#2 C:\xampp\htdocs\ci4\system\Database\BaseBuilder.php(1585): CodeIgniter\Database\BaseConnection->query('SELECT *\nFROM `...', Array, false)
#3 C:\xampp\htdocs\ci4\system\Model.php(223): CodeIgniter\Database\BaseBuilder->get()
#4 C:\xampp\htdocs\ci4\system\BaseModel.php(585): CodeIgniter\Model->doFindAll(0, 0)
#5 C:\xampp\htdocs\ci4\app\Controllers\admin.php(14): CodeIgniter\BaseModel->findAll()
#6 C:\xampp\htdocs\ci4\system\CodeIgniter.php(927): App\Controllers\admin->products()
#7 C:\xampp\htdocs\ci4\system\CodeIgniter.php(482): CodeIgniter\CodeIgniter->runController(Object(App\Controllers\admin))
#8 C:\xampp\htdocs\ci4\system\CodeIgniter.php(351): CodeIgniter\CodeIgniter->handleRequest(NULL, Object(Config\Cache), false)
#9 C:\xampp\htdocs\ci4\public\index.php(67): CodeIgniter\CodeIgniter->run()
#10 C:\xampp\htdocs\ci4\system\Commands\Server\rewrite.php(46): require_once('C:\\xampp\\htdocs...')
#11 {main}
CRITICAL - 2022-11-23 09:05:21 --> Unable to connect to the database.
Main connection [MySQLi]: No connection could be made because the target machine actively refused it
in SYSTEMPATH\Database\BaseConnection.php on line 418.
 1 SYSTEMPATH\Database\BaseConnection.php(561): CodeIgniter\Database\BaseConnection->initialize()
 2 SYSTEMPATH\Database\BaseBuilder.php(1585): CodeIgniter\Database\BaseConnection->query('SELECT *
FROM `products`', [], false)
 3 SYSTEMPATH\Model.php(223): CodeIgniter\Database\BaseBuilder->get()
 4 SYSTEMPATH\BaseModel.php(585): CodeIgniter\Model->doFindAll(0, 0)
 5 APPPATH\Controllers\admin.php(14): CodeIgniter\BaseModel->findAll()
 6 SYSTEMPATH\CodeIgniter.php(927): App\Controllers\admin->products()
 7 SYSTEMPATH\CodeIgniter.php(482): CodeIgniter\CodeIgniter->runController(Object(App\Controllers\admin))
 8 SYSTEMPATH\CodeIgniter.php(351): CodeIgniter\CodeIgniter->handleRequest(null, Object(Config\Cache), false)
 9 FCPATH\index.php(67): CodeIgniter\CodeIgniter->run()
10 SYSTEMPATH\Commands\Server\rewrite.php(46): require_once('FCPATH\\index.php')
